01:37:45.509 [Xmemcached-Reactor-3] ERROR n.r.xmemcached.impl.MemcachedHandler - XMemcached network layout exception
java.io.IOException: 您的主机中的软件中止了一个已建立的连接。
	at sun.nio.ch.SocketDispatcher.write0(Native Method) ~[na:1.7.0_79]
	at sun.nio.ch.SocketDispatcher.write(SocketDispatcher.java:51) ~[na:1.7.0_79]
	at sun.nio.ch.IOUtil.writeFromNativeBuffer(IOUtil.java:93) ~[na:1.7.0_79]
	at sun.nio.ch.IOUtil.write(IOUtil.java:65) ~[na:1.7.0_79]
	at sun.nio.ch.SocketChannelImpl.write(SocketChannelImpl.java:487) ~[na:1.7.0_79]
	at com.google.code.yanf4j.nio.impl.AbstractNioSession.doRealWrite(AbstractNioSession.java:321) [xmemcached-2.0.0.jar:na]
	at com.google.code.yanf4j.nio.impl.NioTCPSession.writeToChannel(NioTCPSession.java:86) ~[xmemcached-2.0.0.jar:na]
	at com.google.code.yanf4j.nio.impl.AbstractNioSession.onWrite(AbstractNioSession.java:111) [xmemcached-2.0.0.jar:na]
	at com.google.code.yanf4j.nio.impl.AbstractNioSession.writeFromUserCode(AbstractNioSession.java:237) [xmemcached-2.0.0.jar:na]
	at com.google.code.yanf4j.core.impl.AbstractSession.write(AbstractSession.java:384) [xmemcached-2.0.0.jar:na]
	at net.rubyeye.xmemcached.impl.MemcachedHandler.checkHeartBeat(MemcachedHandler.java:205) [xmemcached-2.0.0.jar:na]
	at net.rubyeye.xmemcached.impl.MemcachedHandler.onSessionIdle(MemcachedHandler.java:182) [xmemcached-2.0.0.jar:na]
	at com.google.code.yanf4j.core.impl.AbstractSession.onIdle(AbstractSession.java:194) [xmemcached-2.0.0.jar:na]
	at com.google.code.yanf4j.nio.impl.AbstractNioSession.onEvent(AbstractNioSession.java:350) [xmemcached-2.0.0.jar:na]
	at com.google.code.yanf4j.nio.impl.Reactor.checkIdle(Reactor.java:496) [xmemcached-2.0.0.jar:na]
	at com.google.code.yanf4j.nio.impl.Reactor.checkExpiredIdle(Reactor.java:487) [xmemcached-2.0.0.jar:na]
	at com.google.code.yanf4j.nio.impl.Reactor.checkSessionTimeout(Reactor.java:393) [xmemcached-2.0.0.jar:na]
	at com.google.code.yanf4j.nio.impl.Reactor.run(Reactor.java:160) [xmemcached-2.0.0.jar:na]
01:37:45.509 [Xmemcached-Reactor-2] ERROR n.r.xmemcached.impl.MemcachedHandler - XMemcached network layout exception
java.io.IOException: 您的主机中的软件中止了一个已建立的连接。
	at sun.nio.ch.SocketDispatcher.write0(Native Method) ~[na:1.7.0_79]
	at sun.nio.ch.SocketDispatcher.write(SocketDispatcher.java:51) ~[na:1.7.0_79]
	at sun.nio.ch.IOUtil.writeFromNativeBuffer(IOUtil.java:93) ~[na:1.7.0_79]
	at sun.nio.ch.IOUtil.write(IOUtil.java:65) ~[na:1.7.0_79]
	at sun.nio.ch.SocketChannelImpl.write(SocketChannelImpl.java:487) ~[na:1.7.0_79]
	at com.google.code.yanf4j.nio.impl.AbstractNioSession.doRealWrite(AbstractNioSession.java:321) [xmemcached-2.0.0.jar:na]
	at com.google.code.yanf4j.nio.impl.NioTCPSession.writeToChannel(NioTCPSession.java:86) ~[xmemcached-2.0.0.jar:na]
	at com.google.code.yanf4j.nio.impl.AbstractNioSession.onWrite(AbstractNioSession.java:111) [xmemcached-2.0.0.jar:na]
	at com.google.code.yanf4j.nio.impl.AbstractNioSession.writeFromUserCode(AbstractNioSession.java:237) [xmemcached-2.0.0.jar:na]
	at com.google.code.yanf4j.core.impl.AbstractSession.write(AbstractSession.java:384) [xmemcached-2.0.0.jar:na]
	at net.rubyeye.xmemcached.impl.MemcachedHandler.checkHeartBeat(MemcachedHandler.java:205) [xmemcached-2.0.0.jar:na]
	at net.rubyeye.xmemcached.impl.MemcachedHandler.onSessionIdle(MemcachedHandler.java:182) [xmemcached-2.0.0.jar:na]
	at com.google.code.yanf4j.core.impl.AbstractSession.onIdle(AbstractSession.java:194) [xmemcached-2.0.0.jar:na]
	at com.google.code.yanf4j.nio.impl.AbstractNioSession.onEvent(AbstractNioSession.java:350) [xmemcached-2.0.0.jar:na]
	at com.google.code.yanf4j.nio.impl.Reactor.checkIdle(Reactor.java:496) [xmemcached-2.0.0.jar:na]
	at com.google.code.yanf4j.nio.impl.Reactor.checkExpiredIdle(Reactor.java:487) [xmemcached-2.0.0.jar:na]
	at com.google.code.yanf4j.nio.impl.Reactor.checkSessionTimeout(Reactor.java:393) [xmemcached-2.0.0.jar:na]
	at com.google.code.yanf4j.nio.impl.Reactor.run(Reactor.java:160) [xmemcached-2.0.0.jar:na]
01:37:45.509 [Xmemcached-Reactor-4] ERROR n.r.xmemcached.impl.MemcachedHandler - XMemcached network layout exception
java.io.IOException: 您的主机中的软件中止了一个已建立的连接。
	at sun.nio.ch.SocketDispatcher.write0(Native Method) ~[na:1.7.0_79]
	at sun.nio.ch.SocketDispatcher.write(SocketDispatcher.java:51) ~[na:1.7.0_79]
	at sun.nio.ch.IOUtil.writeFromNativeBuffer(IOUtil.java:93) ~[na:1.7.0_79]
	at sun.nio.ch.IOUtil.write(IOUtil.java:65) ~[na:1.7.0_79]
	at sun.nio.ch.SocketChannelImpl.write(SocketChannelImpl.java:487) ~[na:1.7.0_79]
	at com.google.code.yanf4j.nio.impl.AbstractNioSession.doRealWrite(AbstractNioSession.java:321) [xmemcached-2.0.0.jar:na]
	at com.google.code.yanf4j.nio.impl.NioTCPSession.writeToChannel(NioTCPSession.java:86) ~[xmemcached-2.0.0.jar:na]
	at com.google.code.yanf4j.nio.impl.AbstractNioSession.onWrite(AbstractNioSession.java:111) [xmemcached-2.0.0.jar:na]
	at com.google.code.yanf4j.nio.impl.AbstractNioSession.writeFromUserCode(AbstractNioSession.java:237) [xmemcached-2.0.0.jar:na]
	at com.google.code.yanf4j.core.impl.AbstractSession.write(AbstractSession.java:384) [xmemcached-2.0.0.jar:na]
	at net.rubyeye.xmemcached.impl.MemcachedHandler.checkHeartBeat(MemcachedHandler.java:205) [xmemcached-2.0.0.jar:na]
	at net.rubyeye.xmemcached.impl.MemcachedHandler.onSessionIdle(MemcachedHandler.java:182) [xmemcached-2.0.0.jar:na]
	at com.google.code.yanf4j.core.impl.AbstractSession.onIdle(AbstractSession.java:194) [xmemcached-2.0.0.jar:na]
	at com.google.code.yanf4j.nio.impl.AbstractNioSession.onEvent(AbstractNioSession.java:350) [xmemcached-2.0.0.jar:na]
	at com.google.code.yanf4j.nio.impl.Reactor.checkIdle(Reactor.java:496) [xmemcached-2.0.0.jar:na]
	at com.google.code.yanf4j.nio.impl.Reactor.checkExpiredIdle(Reactor.java:487) [xmemcached-2.0.0.jar:na]
	at com.google.code.yanf4j.nio.impl.Reactor.checkSessionTimeout(Reactor.java:393) [xmemcached-2.0.0.jar:na]
	at com.google.code.yanf4j.nio.impl.Reactor.run(Reactor.java:160) [xmemcached-2.0.0.jar:na]
01:37:45.509 [Xmemcached-Reactor-7] ERROR n.r.xmemcached.impl.MemcachedHandler - XMemcached network layout exception
java.io.IOException: 您的主机中的软件中止了一个已建立的连接。
	at sun.nio.ch.SocketDispatcher.write0(Native Method) ~[na:1.7.0_79]
	at sun.nio.ch.SocketDispatcher.write(SocketDispatcher.java:51) ~[na:1.7.0_79]
	at sun.nio.ch.IOUtil.writeFromNativeBuffer(IOUtil.java:93) ~[na:1.7.0_79]
	at sun.nio.ch.IOUtil.write(IOUtil.java:65) ~[na:1.7.0_79]
	at sun.nio.ch.SocketChannelImpl.write(SocketChannelImpl.java:487) ~[na:1.7.0_79]
	at com.google.code.yanf4j.nio.impl.AbstractNioSession.doRealWrite(AbstractNioSession.java:321) [xmemcached-2.0.0.jar:na]
	at com.google.code.yanf4j.nio.impl.NioTCPSession.writeToChannel(NioTCPSession.java:86) ~[xmemcached-2.0.0.jar:na]
	at com.google.code.yanf4j.nio.impl.AbstractNioSession.onWrite(AbstractNioSession.java:111) [xmemcached-2.0.0.jar:na]
	at com.google.code.yanf4j.nio.impl.AbstractNioSession.writeFromUserCode(AbstractNioSession.java:237) [xmemcached-2.0.0.jar:na]
	at com.google.code.yanf4j.core.impl.AbstractSession.write(AbstractSession.java:384) [xmemcached-2.0.0.jar:na]
	at net.rubyeye.xmemcached.impl.MemcachedHandler.checkHeartBeat(MemcachedHandler.java:205) [xmemcached-2.0.0.jar:na]
	at net.rubyeye.xmemcached.impl.MemcachedHandler.onSessionIdle(MemcachedHandler.java:182) [xmemcached-2.0.0.jar:na]
	at com.google.code.yanf4j.core.impl.AbstractSession.onIdle(AbstractSession.java:194) [xmemcached-2.0.0.jar:na]
	at com.google.code.yanf4j.nio.impl.AbstractNioSession.onEvent(AbstractNioSession.java:350) [xmemcached-2.0.0.jar:na]
	at com.google.code.yanf4j.nio.impl.Reactor.checkIdle(Reactor.java:496) [xmemcached-2.0.0.jar:na]
	at com.google.code.yanf4j.nio.impl.Reactor.checkExpiredIdle(Reactor.java:487) [xmemcached-2.0.0.jar:na]
	at com.google.code.yanf4j.nio.impl.Reactor.checkSessionTimeout(Reactor.java:393) [xmemcached-2.0.0.jar:na]
	at com.google.code.yanf4j.nio.impl.Reactor.run(Reactor.java:160) [xmemcached-2.0.0.jar:na]
01:37:45.509 [Xmemcached-Reactor-1] ERROR n.r.xmemcached.impl.MemcachedHandler - XMemcached network layout exception
java.io.IOException: 您的主机中的软件中止了一个已建立的连接。
	at sun.nio.ch.SocketDispatcher.read0(Native Method) ~[na:1.7.0_79]
	at sun.nio.ch.SocketDispatcher.read(SocketDispatcher.java:43) ~[na:1.7.0_79]
	at sun.nio.ch.IOUtil.readIntoNativeBuffer(IOUtil.java:223) ~[na:1.7.0_79]
	at sun.nio.ch.IOUtil.read(IOUtil.java:197) ~[na:1.7.0_79]
	at sun.nio.ch.SocketChannelImpl.read(SocketChannelImpl.java:379) ~[na:1.7.0_79]
	at com.google.code.yanf4j.nio.impl.NioTCPSession.readFromBuffer(NioTCPSession.java:203) ~[xmemcached-2.0.0.jar:na]
	at com.google.code.yanf4j.nio.impl.AbstractNioSession.onRead(AbstractNioSession.java:196) [xmemcached-2.0.0.jar:na]
	at com.google.code.yanf4j.nio.impl.AbstractNioSession.onEvent(AbstractNioSession.java:341) [xmemcached-2.0.0.jar:na]
	at com.google.code.yanf4j.nio.impl.SocketChannelController.dispatchReadEvent(SocketChannelController.java:56) [xmemcached-2.0.0.jar:na]
	at com.google.code.yanf4j.nio.impl.NioController.onRead(NioController.java:157) [xmemcached-2.0.0.jar:na]
	at com.google.code.yanf4j.nio.impl.Reactor.dispatchEvent(Reactor.java:323) [xmemcached-2.0.0.jar:na]
	at com.google.code.yanf4j.nio.impl.Reactor.run(Reactor.java:180) [xmemcached-2.0.0.jar:na]
01:37:51.183 [Xmemcached-Reactor-3] ERROR n.r.xmemcached.impl.MemcachedHandler - XMemcached network layout exception
java.io.IOException: 您的主机中的软件中止了一个已建立的连接。
	at sun.nio.ch.SocketDispatcher.write0(Native Method) ~[na:1.7.0_79]
	at sun.nio.ch.SocketDispatcher.write(SocketDispatcher.java:51) ~[na:1.7.0_79]
	at sun.nio.ch.IOUtil.writeFromNativeBuffer(IOUtil.java:93) ~[na:1.7.0_79]
	at sun.nio.ch.IOUtil.write(IOUtil.java:65) ~[na:1.7.0_79]
	at sun.nio.ch.SocketChannelImpl.write(SocketChannelImpl.java:487) ~[na:1.7.0_79]
	at com.google.code.yanf4j.nio.impl.AbstractNioSession.doRealWrite(AbstractNioSession.java:321) [xmemcached-2.0.0.jar:na]
	at com.google.code.yanf4j.nio.impl.NioTCPSession.writeToChannel(NioTCPSession.java:86) [xmemcached-2.0.0.jar:na]
	at com.google.code.yanf4j.nio.impl.AbstractNioSession.onWrite(AbstractNioSession.java:111) [xmemcached-2.0.0.jar:na]
	at com.google.code.yanf4j.nio.impl.AbstractNioSession.flush0(AbstractNioSession.java:282) [xmemcached-2.0.0.jar:na]
	at com.google.code.yanf4j.nio.impl.NioTCPSession.closeChannel(NioTCPSession.java:323) [xmemcached-2.0.0.jar:na]
	at com.google.code.yanf4j.core.impl.AbstractSession.close(AbstractSession.java:287) [xmemcached-2.0.0.jar:na]
	at com.google.code.yanf4j.nio.impl.AbstractNioSession.onWrite(AbstractNioSession.java:164) [xmemcached-2.0.0.jar:na]
	at com.google.code.yanf4j.nio.impl.AbstractNioSession.writeFromUserCode(AbstractNioSession.java:237) [xmemcached-2.0.0.jar:na]
	at com.google.code.yanf4j.core.impl.AbstractSession.write(AbstractSession.java:384) [xmemcached-2.0.0.jar:na]
	at net.rubyeye.xmemcached.impl.MemcachedHandler.checkHeartBeat(MemcachedHandler.java:205) [xmemcached-2.0.0.jar:na]
	at net.rubyeye.xmemcached.impl.MemcachedHandler.onSessionIdle(MemcachedHandler.java:182) [xmemcached-2.0.0.jar:na]
	at com.google.code.yanf4j.core.impl.AbstractSession.onIdle(AbstractSession.java:194) [xmemcached-2.0.0.jar:na]
	at com.google.code.yanf4j.nio.impl.AbstractNioSession.onEvent(AbstractNioSession.java:350) [xmemcached-2.0.0.jar:na]
	at com.google.code.yanf4j.nio.impl.Reactor.checkIdle(Reactor.java:496) [xmemcached-2.0.0.jar:na]
	at com.google.code.yanf4j.nio.impl.Reactor.checkExpiredIdle(Reactor.java:487) [xmemcached-2.0.0.jar:na]
	at com.google.code.yanf4j.nio.impl.Reactor.checkSessionTimeout(Reactor.java:393) [xmemcached-2.0.0.jar:na]
	at com.google.code.yanf4j.nio.impl.Reactor.run(Reactor.java:160) [xmemcached-2.0.0.jar:na]
01:37:51.213 [Xmemcached-Reactor-2] ERROR n.r.xmemcached.impl.MemcachedHandler - XMemcached network layout exception
java.io.IOException: 您的主机中的软件中止了一个已建立的连接。
	at sun.nio.ch.SocketDispatcher.write0(Native Method) ~[na:1.7.0_79]
	at sun.nio.ch.SocketDispatcher.write(SocketDispatcher.java:51) ~[na:1.7.0_79]
	at sun.nio.ch.IOUtil.writeFromNativeBuffer(IOUtil.java:93) ~[na:1.7.0_79]
	at sun.nio.ch.IOUtil.write(IOUtil.java:65) ~[na:1.7.0_79]
	at sun.nio.ch.SocketChannelImpl.write(SocketChannelImpl.java:487) ~[na:1.7.0_79]
	at com.google.code.yanf4j.nio.impl.AbstractNioSession.doRealWrite(AbstractNioSession.java:321) [xmemcached-2.0.0.jar:na]
	at com.google.code.yanf4j.nio.impl.NioTCPSession.writeToChannel(NioTCPSession.java:86) [xmemcached-2.0.0.jar:na]
	at com.google.code.yanf4j.nio.impl.AbstractNioSession.onWrite(AbstractNioSession.java:111) [xmemcached-2.0.0.jar:na]
	at com.google.code.yanf4j.nio.impl.AbstractNioSession.flush0(AbstractNioSession.java:282) [xmemcached-2.0.0.jar:na]
	at com.google.code.yanf4j.nio.impl.NioTCPSession.closeChannel(NioTCPSession.java:323) [xmemcached-2.0.0.jar:na]
	at com.google.code.yanf4j.core.impl.AbstractSession.close(AbstractSession.java:287) [xmemcached-2.0.0.jar:na]
	at com.google.code.yanf4j.nio.impl.AbstractNioSession.onWrite(AbstractNioSession.java:164) [xmemcached-2.0.0.jar:na]
	at com.google.code.yanf4j.nio.impl.AbstractNioSession.writeFromUserCode(AbstractNioSession.java:237) [xmemcached-2.0.0.jar:na]
	at com.google.code.yanf4j.core.impl.AbstractSession.write(AbstractSession.java:384) [xmemcached-2.0.0.jar:na]
	at net.rubyeye.xmemcached.impl.MemcachedHandler.checkHeartBeat(MemcachedHandler.java:205) [xmemcached-2.0.0.jar:na]
	at net.rubyeye.xmemcached.impl.MemcachedHandler.onSessionIdle(MemcachedHandler.java:182) [xmemcached-2.0.0.jar:na]
	at com.google.code.yanf4j.core.impl.AbstractSession.onIdle(AbstractSession.java:194) [xmemcached-2.0.0.jar:na]
	at com.google.code.yanf4j.nio.impl.AbstractNioSession.onEvent(AbstractNioSession.java:350) [xmemcached-2.0.0.jar:na]
	at com.google.code.yanf4j.nio.impl.Reactor.checkIdle(Reactor.java:496) [xmemcached-2.0.0.jar:na]
	at com.google.code.yanf4j.nio.impl.Reactor.checkExpiredIdle(Reactor.java:487) [xmemcached-2.0.0.jar:na]
	at com.google.code.yanf4j.nio.impl.Reactor.checkSessionTimeout(Reactor.java:393) [xmemcached-2.0.0.jar:na]
	at com.google.code.yanf4j.nio.impl.Reactor.run(Reactor.java:160) [xmemcached-2.0.0.jar:na]
01:37:51.214 [Xmemcached-Reactor-4] ERROR n.r.xmemcached.impl.MemcachedHandler - XMemcached network layout exception
java.io.IOException: 您的主机中的软件中止了一个已建立的连接。
	at sun.nio.ch.SocketDispatcher.write0(Native Method) ~[na:1.7.0_79]
	at sun.nio.ch.SocketDispatcher.write(SocketDispatcher.java:51) ~[na:1.7.0_79]
	at sun.nio.ch.IOUtil.writeFromNativeBuffer(IOUtil.java:93) ~[na:1.7.0_79]
	at sun.nio.ch.IOUtil.write(IOUtil.java:65) ~[na:1.7.0_79]
	at sun.nio.ch.SocketChannelImpl.write(SocketChannelImpl.java:487) ~[na:1.7.0_79]
	at com.google.code.yanf4j.nio.impl.AbstractNioSession.doRealWrite(AbstractNioSession.java:321) [xmemcached-2.0.0.jar:na]
	at com.google.code.yanf4j.nio.impl.NioTCPSession.writeToChannel(NioTCPSession.java:86) [xmemcached-2.0.0.jar:na]
	at com.google.code.yanf4j.nio.impl.AbstractNioSession.onWrite(AbstractNioSession.java:111) [xmemcached-2.0.0.jar:na]
	at com.google.code.yanf4j.nio.impl.AbstractNioSession.flush0(AbstractNioSession.java:282) [xmemcached-2.0.0.jar:na]
	at com.google.code.yanf4j.nio.impl.NioTCPSession.closeChannel(NioTCPSession.java:323) [xmemcached-2.0.0.jar:na]
	at com.google.code.yanf4j.core.impl.AbstractSession.close(AbstractSession.java:287) [xmemcached-2.0.0.jar:na]
	at com.google.code.yanf4j.nio.impl.AbstractNioSession.onWrite(AbstractNioSession.java:164) [xmemcached-2.0.0.jar:na]
	at com.google.code.yanf4j.nio.impl.AbstractNioSession.writeFromUserCode(AbstractNioSession.java:237) [xmemcached-2.0.0.jar:na]
	at com.google.code.yanf4j.core.impl.AbstractSession.write(AbstractSession.java:384) [xmemcached-2.0.0.jar:na]
	at net.rubyeye.xmemcached.impl.MemcachedHandler.checkHeartBeat(MemcachedHandler.java:205) [xmemcached-2.0.0.jar:na]
	at net.rubyeye.xmemcached.impl.MemcachedHandler.onSessionIdle(MemcachedHandler.java:182) [xmemcached-2.0.0.jar:na]
	at com.google.code.yanf4j.core.impl.AbstractSession.onIdle(AbstractSession.java:194) [xmemcached-2.0.0.jar:na]
	at com.google.code.yanf4j.nio.impl.AbstractNioSession.onEvent(AbstractNioSession.java:350) [xmemcached-2.0.0.jar:na]
	at com.google.code.yanf4j.nio.impl.Reactor.checkIdle(Reactor.java:496) [xmemcached-2.0.0.jar:na]
	at com.google.code.yanf4j.nio.impl.Reactor.checkExpiredIdle(Reactor.java:487) [xmemcached-2.0.0.jar:na]
	at com.google.code.yanf4j.nio.impl.Reactor.checkSessionTimeout(Reactor.java:393) [xmemcached-2.0.0.jar:na]
	at com.google.code.yanf4j.nio.impl.Reactor.run(Reactor.java:160) [xmemcached-2.0.0.jar:na]
01:37:51.214 [Xmemcached-Reactor-7] ERROR n.r.xmemcached.impl.MemcachedHandler - XMemcached network layout exception
java.io.IOException: 您的主机中的软件中止了一个已建立的连接。
	at sun.nio.ch.SocketDispatcher.write0(Native Method) ~[na:1.7.0_79]
	at sun.nio.ch.SocketDispatcher.write(SocketDispatcher.java:51) ~[na:1.7.0_79]
	at sun.nio.ch.IOUtil.writeFromNativeBuffer(IOUtil.java:93) ~[na:1.7.0_79]
	at sun.nio.ch.IOUtil.write(IOUtil.java:65) ~[na:1.7.0_79]
	at sun.nio.ch.SocketChannelImpl.write(SocketChannelImpl.java:487) ~[na:1.7.0_79]
	at com.google.code.yanf4j.nio.impl.AbstractNioSession.doRealWrite(AbstractNioSession.java:321) [xmemcached-2.0.0.jar:na]
	at com.google.code.yanf4j.nio.impl.NioTCPSession.writeToChannel(NioTCPSession.java:86) [xmemcached-2.0.0.jar:na]
	at com.google.code.yanf4j.nio.impl.AbstractNioSession.onWrite(AbstractNioSession.java:111) [xmemcached-2.0.0.jar:na]
	at com.google.code.yanf4j.nio.impl.AbstractNioSession.flush0(AbstractNioSession.java:282) [xmemcached-2.0.0.jar:na]
	at com.google.code.yanf4j.nio.impl.NioTCPSession.closeChannel(NioTCPSession.java:323) [xmemcached-2.0.0.jar:na]
	at com.google.code.yanf4j.core.impl.AbstractSession.close(AbstractSession.java:287) [xmemcached-2.0.0.jar:na]
	at com.google.code.yanf4j.nio.impl.AbstractNioSession.onWrite(AbstractNioSession.java:164) [xmemcached-2.0.0.jar:na]
	at com.google.code.yanf4j.nio.impl.AbstractNioSession.writeFromUserCode(AbstractNioSession.java:237) [xmemcached-2.0.0.jar:na]
	at com.google.code.yanf4j.core.impl.AbstractSession.write(AbstractSession.java:384) [xmemcached-2.0.0.jar:na]
	at net.rubyeye.xmemcached.impl.MemcachedHandler.checkHeartBeat(MemcachedHandler.java:205) [xmemcached-2.0.0.jar:na]
	at net.rubyeye.xmemcached.impl.MemcachedHandler.onSessionIdle(MemcachedHandler.java:182) [xmemcached-2.0.0.jar:na]
	at com.google.code.yanf4j.core.impl.AbstractSession.onIdle(AbstractSession.java:194) [xmemcached-2.0.0.jar:na]
	at com.google.code.yanf4j.nio.impl.AbstractNioSession.onEvent(AbstractNioSession.java:350) [xmemcached-2.0.0.jar:na]
	at com.google.code.yanf4j.nio.impl.Reactor.checkIdle(Reactor.java:496) [xmemcached-2.0.0.jar:na]
	at com.google.code.yanf4j.nio.impl.Reactor.checkExpiredIdle(Reactor.java:487) [xmemcached-2.0.0.jar:na]
	at com.google.code.yanf4j.nio.impl.Reactor.checkSessionTimeout(Reactor.java:393) [xmemcached-2.0.0.jar:na]
	at com.google.code.yanf4j.nio.impl.Reactor.run(Reactor.java:160) [xmemcached-2.0.0.jar:na]
12:14:17.614 [Xmemcached-Reactor-5] ERROR n.r.xmemcached.impl.MemcachedHandler - XMemcached network layout exception
java.io.IOException: 您的主机中的软件中止了一个已建立的连接。
	at sun.nio.ch.SocketDispatcher.write0(Native Method) ~[na:1.7.0_79]
	at sun.nio.ch.SocketDispatcher.write(SocketDispatcher.java:51) ~[na:1.7.0_79]
	at sun.nio.ch.IOUtil.writeFromNativeBuffer(IOUtil.java:93) ~[na:1.7.0_79]
	at sun.nio.ch.IOUtil.write(IOUtil.java:65) ~[na:1.7.0_79]
	at sun.nio.ch.SocketChannelImpl.write(SocketChannelImpl.java:487) ~[na:1.7.0_79]
	at com.google.code.yanf4j.nio.impl.AbstractNioSession.doRealWrite(AbstractNioSession.java:321) [xmemcached-2.0.0.jar:na]
	at com.google.code.yanf4j.nio.impl.NioTCPSession.writeToChannel(NioTCPSession.java:86) ~[xmemcached-2.0.0.jar:na]
	at com.google.code.yanf4j.nio.impl.AbstractNioSession.onWrite(AbstractNioSession.java:111) [xmemcached-2.0.0.jar:na]
	at com.google.code.yanf4j.nio.impl.AbstractNioSession.writeFromUserCode(AbstractNioSession.java:237) [xmemcached-2.0.0.jar:na]
	at com.google.code.yanf4j.core.impl.AbstractSession.write(AbstractSession.java:384) [xmemcached-2.0.0.jar:na]
	at net.rubyeye.xmemcached.impl.MemcachedHandler.checkHeartBeat(MemcachedHandler.java:205) [xmemcached-2.0.0.jar:na]
	at net.rubyeye.xmemcached.impl.MemcachedHandler.onSessionIdle(MemcachedHandler.java:182) [xmemcached-2.0.0.jar:na]
	at com.google.code.yanf4j.core.impl.AbstractSession.onIdle(AbstractSession.java:194) [xmemcached-2.0.0.jar:na]
	at com.google.code.yanf4j.nio.impl.AbstractNioSession.onEvent(AbstractNioSession.java:350) [xmemcached-2.0.0.jar:na]
	at com.google.code.yanf4j.nio.impl.Reactor.checkIdle(Reactor.java:496) [xmemcached-2.0.0.jar:na]
	at com.google.code.yanf4j.nio.impl.Reactor.checkExpiredIdle(Reactor.java:487) [xmemcached-2.0.0.jar:na]
	at com.google.code.yanf4j.nio.impl.Reactor.checkSessionTimeout(Reactor.java:393) [xmemcached-2.0.0.jar:na]
	at com.google.code.yanf4j.nio.impl.Reactor.run(Reactor.java:160) [xmemcached-2.0.0.jar:na]
12:14:24.567 [Xmemcached-Reactor-5] ERROR n.r.xmemcached.impl.MemcachedHandler - XMemcached network layout exception
java.io.IOException: 您的主机中的软件中止了一个已建立的连接。
	at sun.nio.ch.SocketDispatcher.write0(Native Method) ~[na:1.7.0_79]
	at sun.nio.ch.SocketDispatcher.write(SocketDispatcher.java:51) ~[na:1.7.0_79]
	at sun.nio.ch.IOUtil.writeFromNativeBuffer(IOUtil.java:93) ~[na:1.7.0_79]
	at sun.nio.ch.IOUtil.write(IOUtil.java:65) ~[na:1.7.0_79]
	at sun.nio.ch.SocketChannelImpl.write(SocketChannelImpl.java:487) ~[na:1.7.0_79]
	at com.google.code.yanf4j.nio.impl.AbstractNioSession.doRealWrite(AbstractNioSession.java:321) [xmemcached-2.0.0.jar:na]
	at com.google.code.yanf4j.nio.impl.NioTCPSession.writeToChannel(NioTCPSession.java:86) [xmemcached-2.0.0.jar:na]
	at com.google.code.yanf4j.nio.impl.AbstractNioSession.onWrite(AbstractNioSession.java:111) [xmemcached-2.0.0.jar:na]
	at com.google.code.yanf4j.nio.impl.AbstractNioSession.flush0(AbstractNioSession.java:282) [xmemcached-2.0.0.jar:na]
	at com.google.code.yanf4j.nio.impl.NioTCPSession.closeChannel(NioTCPSession.java:323) [xmemcached-2.0.0.jar:na]
	at com.google.code.yanf4j.core.impl.AbstractSession.close(AbstractSession.java:287) [xmemcached-2.0.0.jar:na]
	at com.google.code.yanf4j.nio.impl.AbstractNioSession.onWrite(AbstractNioSession.java:164) [xmemcached-2.0.0.jar:na]
	at com.google.code.yanf4j.nio.impl.AbstractNioSession.writeFromUserCode(AbstractNioSession.java:237) [xmemcached-2.0.0.jar:na]
	at com.google.code.yanf4j.core.impl.AbstractSession.write(AbstractSession.java:384) [xmemcached-2.0.0.jar:na]
	at net.rubyeye.xmemcached.impl.MemcachedHandler.checkHeartBeat(MemcachedHandler.java:205) [xmemcached-2.0.0.jar:na]
	at net.rubyeye.xmemcached.impl.MemcachedHandler.onSessionIdle(MemcachedHandler.java:182) [xmemcached-2.0.0.jar:na]
	at com.google.code.yanf4j.core.impl.AbstractSession.onIdle(AbstractSession.java:194) [xmemcached-2.0.0.jar:na]
	at com.google.code.yanf4j.nio.impl.AbstractNioSession.onEvent(AbstractNioSession.java:350) [xmemcached-2.0.0.jar:na]
	at com.google.code.yanf4j.nio.impl.Reactor.checkIdle(Reactor.java:496) [xmemcached-2.0.0.jar:na]
	at com.google.code.yanf4j.nio.impl.Reactor.checkExpiredIdle(Reactor.java:487) [xmemcached-2.0.0.jar:na]
	at com.google.code.yanf4j.nio.impl.Reactor.checkSessionTimeout(Reactor.java:393) [xmemcached-2.0.0.jar:na]
	at com.google.code.yanf4j.nio.impl.Reactor.run(Reactor.java:160) [xmemcached-2.0.0.jar:na]
