13:31:10.087 [Xmemcached-Reactor-6] ERROR n.r.xmemcached.impl.MemcachedHandler - XMemcached network layout exception
java.io.IOException: 您的主机中的软件中止了一个已建立的连接。
	at sun.nio.ch.SocketDispatcher.read0(Native Method) ~[na:1.7.0_79]
	at sun.nio.ch.SocketDispatcher.read(SocketDispatcher.java:43) ~[na:1.7.0_79]
	at sun.nio.ch.IOUtil.readIntoNativeBuffer(IOUtil.java:223) ~[na:1.7.0_79]
	at sun.nio.ch.IOUtil.read(IOUtil.java:197) ~[na:1.7.0_79]
	at sun.nio.ch.SocketChannelImpl.read(SocketChannelImpl.java:379) ~[na:1.7.0_79]
	at com.google.code.yanf4j.nio.impl.NioTCPSession.readFromBuffer(NioTCPSession.java:203) ~[xmemcached-2.0.0.jar:na]
	at com.google.code.yanf4j.nio.impl.AbstractNioSession.onRead(AbstractNioSession.java:196) [xmemcached-2.0.0.jar:na]
	at com.google.code.yanf4j.nio.impl.AbstractNioSession.onEvent(AbstractNioSession.java:341) [xmemcached-2.0.0.jar:na]
	at com.google.code.yanf4j.nio.impl.SocketChannelController.dispatchReadEvent(SocketChannelController.java:56) [xmemcached-2.0.0.jar:na]
	at com.google.code.yanf4j.nio.impl.NioController.onRead(NioController.java:157) [xmemcached-2.0.0.jar:na]
	at com.google.code.yanf4j.nio.impl.Reactor.dispatchEvent(Reactor.java:323) [xmemcached-2.0.0.jar:na]
	at com.google.code.yanf4j.nio.impl.Reactor.run(Reactor.java:180) [xmemcached-2.0.0.jar:na]
13:31:10.249 [Xmemcached-Reactor-3] ERROR n.r.xmemcached.impl.MemcachedHandler - XMemcached network layout exception
java.io.IOException: 您的主机中的软件中止了一个已建立的连接。
	at sun.nio.ch.SocketDispatcher.read0(Native Method) ~[na:1.7.0_79]
	at sun.nio.ch.SocketDispatcher.read(SocketDispatcher.java:43) ~[na:1.7.0_79]
	at sun.nio.ch.IOUtil.readIntoNativeBuffer(IOUtil.java:223) ~[na:1.7.0_79]
	at sun.nio.ch.IOUtil.read(IOUtil.java:197) ~[na:1.7.0_79]
	at sun.nio.ch.SocketChannelImpl.read(SocketChannelImpl.java:379) ~[na:1.7.0_79]
	at com.google.code.yanf4j.nio.impl.NioTCPSession.readFromBuffer(NioTCPSession.java:203) ~[xmemcached-2.0.0.jar:na]
	at com.google.code.yanf4j.nio.impl.AbstractNioSession.onRead(AbstractNioSession.java:196) [xmemcached-2.0.0.jar:na]
	at com.google.code.yanf4j.nio.impl.AbstractNioSession.onEvent(AbstractNioSession.java:341) [xmemcached-2.0.0.jar:na]
	at com.google.code.yanf4j.nio.impl.SocketChannelController.dispatchReadEvent(SocketChannelController.java:56) [xmemcached-2.0.0.jar:na]
	at com.google.code.yanf4j.nio.impl.NioController.onRead(NioController.java:157) [xmemcached-2.0.0.jar:na]
	at com.google.code.yanf4j.nio.impl.Reactor.dispatchEvent(Reactor.java:323) [xmemcached-2.0.0.jar:na]
	at com.google.code.yanf4j.nio.impl.Reactor.run(Reactor.java:180) [xmemcached-2.0.0.jar:na]
13:31:11.042 [Xmemcached-Reactor-2] ERROR n.r.xmemcached.impl.MemcachedHandler - XMemcached network layout exception
java.io.IOException: 您的主机中的软件中止了一个已建立的连接。
	at sun.nio.ch.SocketDispatcher.read0(Native Method) ~[na:1.7.0_79]
	at sun.nio.ch.SocketDispatcher.read(SocketDispatcher.java:43) ~[na:1.7.0_79]
	at sun.nio.ch.IOUtil.readIntoNativeBuffer(IOUtil.java:223) ~[na:1.7.0_79]
	at sun.nio.ch.IOUtil.read(IOUtil.java:197) ~[na:1.7.0_79]
	at sun.nio.ch.SocketChannelImpl.read(SocketChannelImpl.java:379) ~[na:1.7.0_79]
	at com.google.code.yanf4j.nio.impl.NioTCPSession.readFromBuffer(NioTCPSession.java:203) ~[xmemcached-2.0.0.jar:na]
	at com.google.code.yanf4j.nio.impl.AbstractNioSession.onRead(AbstractNioSession.java:196) [xmemcached-2.0.0.jar:na]
	at com.google.code.yanf4j.nio.impl.AbstractNioSession.onEvent(AbstractNioSession.java:341) [xmemcached-2.0.0.jar:na]
	at com.google.code.yanf4j.nio.impl.SocketChannelController.dispatchReadEvent(SocketChannelController.java:56) [xmemcached-2.0.0.jar:na]
	at com.google.code.yanf4j.nio.impl.NioController.onRead(NioController.java:157) [xmemcached-2.0.0.jar:na]
	at com.google.code.yanf4j.nio.impl.Reactor.dispatchEvent(Reactor.java:323) [xmemcached-2.0.0.jar:na]
	at com.google.code.yanf4j.nio.impl.Reactor.run(Reactor.java:180) [xmemcached-2.0.0.jar:na]
13:31:11.044 [Xmemcached-Reactor-4] ERROR n.r.xmemcached.impl.MemcachedHandler - XMemcached network layout exception
java.io.IOException: 您的主机中的软件中止了一个已建立的连接。
	at sun.nio.ch.SocketDispatcher.read0(Native Method) ~[na:1.7.0_79]
	at sun.nio.ch.SocketDispatcher.read(SocketDispatcher.java:43) ~[na:1.7.0_79]
	at sun.nio.ch.IOUtil.readIntoNativeBuffer(IOUtil.java:223) ~[na:1.7.0_79]
	at sun.nio.ch.IOUtil.read(IOUtil.java:197) ~[na:1.7.0_79]
	at sun.nio.ch.SocketChannelImpl.read(SocketChannelImpl.java:379) ~[na:1.7.0_79]
	at com.google.code.yanf4j.nio.impl.NioTCPSession.readFromBuffer(NioTCPSession.java:203) ~[xmemcached-2.0.0.jar:na]
	at com.google.code.yanf4j.nio.impl.AbstractNioSession.onRead(AbstractNioSession.java:196) [xmemcached-2.0.0.jar:na]
	at com.google.code.yanf4j.nio.impl.AbstractNioSession.onEvent(AbstractNioSession.java:341) [xmemcached-2.0.0.jar:na]
	at com.google.code.yanf4j.nio.impl.SocketChannelController.dispatchReadEvent(SocketChannelController.java:56) [xmemcached-2.0.0.jar:na]
	at com.google.code.yanf4j.nio.impl.NioController.onRead(NioController.java:157) [xmemcached-2.0.0.jar:na]
	at com.google.code.yanf4j.nio.impl.Reactor.dispatchEvent(Reactor.java:323) [xmemcached-2.0.0.jar:na]
	at com.google.code.yanf4j.nio.impl.Reactor.run(Reactor.java:180) [xmemcached-2.0.0.jar:na]
14:06:41.512 [qtp1240845603-20] ERROR com.flzc.service.api.SceneInfoApi - 123   123
14:08:24.818 [qtp1240845603-19] ERROR com.flzc.service.api.SceneInfoApi - 123   123
15:39:09.421 [qtp327672562-20] ERROR com.flzc.service.api.SceneInfoApi -    
16:08:23.338 [qtp327672562-16] ERROR com.flzc.service.api.SceneInfoApi -    
16:55:18.746 [qtp327672562-16] ERROR com.flzc.service.api.SceneInfoApi -    
16:57:52.405 [qtp327672562-20] ERROR com.flzc.service.api.SceneInfoApi -    
16:59:25.352 [qtp327672562-18] ERROR com.flzc.service.api.SceneInfoApi -    
17:01:26.328 [qtp327672562-16] ERROR com.flzc.service.api.SceneInfoApi -    
17:02:49.513 [qtp327672562-16] ERROR com.flzc.service.api.SceneInfoApi -    
17:30:15.315 [qtp327672562-16] ERROR com.flzc.service.api.SceneInfoApi -    
17:30:46.309 [qtp327672562-16] ERROR com.flzc.service.api.SceneInfoApi -    
17:32:58.435 [qtp327672562-16] ERROR com.flzc.service.api.SceneInfoApi -    
17:34:12.933 [qtp327672562-16] ERROR com.flzc.service.api.SceneInfoApi -    
17:44:13.059 [qtp1127589857-13] ERROR com.flzc.service.api.SceneInfoApi -    
17:46:59.955 [qtp1127589857-20] ERROR com.flzc.service.api.SceneInfoApi -    
17:49:01.639 [qtp1127589857-13] ERROR com.flzc.service.api.SceneFilingApi - Zmx6Yy1TRUNURVQ6MTQ0OTI5MzE4MToz    null
17:49:25.356 [qtp1127589857-20] ERROR com.flzc.service.api.SceneInfoApi -    
17:49:39.676 [qtp1127589857-15] ERROR com.flzc.service.api.SceneFilingApi - Zmx6Yy1TRUNURVQ6MTQ0OTI5MzE4MToz    1
20:13:28.521 [Xmemcached-Reactor-5] ERROR n.r.xmemcached.impl.MemcachedHandler - XMemcached network layout exception
java.io.IOException: 您的主机中的软件中止了一个已建立的连接。
	at sun.nio.ch.SocketDispatcher.read0(Native Method) ~[na:1.7.0_79]
	at sun.nio.ch.SocketDispatcher.read(SocketDispatcher.java:43) ~[na:1.7.0_79]
	at sun.nio.ch.IOUtil.readIntoNativeBuffer(IOUtil.java:223) ~[na:1.7.0_79]
	at sun.nio.ch.IOUtil.read(IOUtil.java:197) ~[na:1.7.0_79]
	at sun.nio.ch.SocketChannelImpl.read(SocketChannelImpl.java:379) ~[na:1.7.0_79]
	at com.google.code.yanf4j.nio.impl.NioTCPSession.readFromBuffer(NioTCPSession.java:203) ~[xmemcached-2.0.0.jar:na]
	at com.google.code.yanf4j.nio.impl.AbstractNioSession.onRead(AbstractNioSession.java:196) [xmemcached-2.0.0.jar:na]
	at com.google.code.yanf4j.nio.impl.AbstractNioSession.onEvent(AbstractNioSession.java:341) [xmemcached-2.0.0.jar:na]
	at com.google.code.yanf4j.nio.impl.SocketChannelController.dispatchReadEvent(SocketChannelController.java:56) [xmemcached-2.0.0.jar:na]
	at com.google.code.yanf4j.nio.impl.NioController.onRead(NioController.java:157) [xmemcached-2.0.0.jar:na]
	at com.google.code.yanf4j.nio.impl.Reactor.dispatchEvent(Reactor.java:323) [xmemcached-2.0.0.jar:na]
	at com.google.code.yanf4j.nio.impl.Reactor.run(Reactor.java:180) [xmemcached-2.0.0.jar:na]
20:13:28.521 [Xmemcached-Reactor-3] ERROR n.r.xmemcached.impl.MemcachedHandler - XMemcached network layout exception
java.io.IOException: 您的主机中的软件中止了一个已建立的连接。
	at sun.nio.ch.SocketDispatcher.read0(Native Method) ~[na:1.7.0_79]
	at sun.nio.ch.SocketDispatcher.read(SocketDispatcher.java:43) ~[na:1.7.0_79]
	at sun.nio.ch.IOUtil.readIntoNativeBuffer(IOUtil.java:223) ~[na:1.7.0_79]
	at sun.nio.ch.IOUtil.read(IOUtil.java:197) ~[na:1.7.0_79]
	at sun.nio.ch.SocketChannelImpl.read(SocketChannelImpl.java:379) ~[na:1.7.0_79]
	at com.google.code.yanf4j.nio.impl.NioTCPSession.readFromBuffer(NioTCPSession.java:203) ~[xmemcached-2.0.0.jar:na]
	at com.google.code.yanf4j.nio.impl.AbstractNioSession.onRead(AbstractNioSession.java:196) [xmemcached-2.0.0.jar:na]
	at com.google.code.yanf4j.nio.impl.AbstractNioSession.onEvent(AbstractNioSession.java:341) [xmemcached-2.0.0.jar:na]
	at com.google.code.yanf4j.nio.impl.SocketChannelController.dispatchReadEvent(SocketChannelController.java:56) [xmemcached-2.0.0.jar:na]
	at com.google.code.yanf4j.nio.impl.NioController.onRead(NioController.java:157) [xmemcached-2.0.0.jar:na]
	at com.google.code.yanf4j.nio.impl.Reactor.dispatchEvent(Reactor.java:323) [xmemcached-2.0.0.jar:na]
	at com.google.code.yanf4j.nio.impl.Reactor.run(Reactor.java:180) [xmemcached-2.0.0.jar:na]
20:13:28.521 [Xmemcached-Reactor-6] ERROR n.r.xmemcached.impl.MemcachedHandler - XMemcached network layout exception
java.io.IOException: 您的主机中的软件中止了一个已建立的连接。
	at sun.nio.ch.SocketDispatcher.read0(Native Method) ~[na:1.7.0_79]
	at sun.nio.ch.SocketDispatcher.read(SocketDispatcher.java:43) ~[na:1.7.0_79]
	at sun.nio.ch.IOUtil.readIntoNativeBuffer(IOUtil.java:223) ~[na:1.7.0_79]
	at sun.nio.ch.IOUtil.read(IOUtil.java:197) ~[na:1.7.0_79]
	at sun.nio.ch.SocketChannelImpl.read(SocketChannelImpl.java:379) ~[na:1.7.0_79]
	at com.google.code.yanf4j.nio.impl.NioTCPSession.readFromBuffer(NioTCPSession.java:203) ~[xmemcached-2.0.0.jar:na]
	at com.google.code.yanf4j.nio.impl.AbstractNioSession.onRead(AbstractNioSession.java:196) [xmemcached-2.0.0.jar:na]
	at com.google.code.yanf4j.nio.impl.AbstractNioSession.onEvent(AbstractNioSession.java:341) [xmemcached-2.0.0.jar:na]
	at com.google.code.yanf4j.nio.impl.SocketChannelController.dispatchReadEvent(SocketChannelController.java:56) [xmemcached-2.0.0.jar:na]
	at com.google.code.yanf4j.nio.impl.NioController.onRead(NioController.java:157) [xmemcached-2.0.0.jar:na]
	at com.google.code.yanf4j.nio.impl.Reactor.dispatchEvent(Reactor.java:323) [xmemcached-2.0.0.jar:na]
	at com.google.code.yanf4j.nio.impl.Reactor.run(Reactor.java:180) [xmemcached-2.0.0.jar:na]
20:13:28.683 [Xmemcached-Reactor-2] ERROR n.r.xmemcached.impl.MemcachedHandler - XMemcached network layout exception
java.io.IOException: 您的主机中的软件中止了一个已建立的连接。
	at sun.nio.ch.SocketDispatcher.read0(Native Method) ~[na:1.7.0_79]
	at sun.nio.ch.SocketDispatcher.read(SocketDispatcher.java:43) ~[na:1.7.0_79]
	at sun.nio.ch.IOUtil.readIntoNativeBuffer(IOUtil.java:223) ~[na:1.7.0_79]
	at sun.nio.ch.IOUtil.read(IOUtil.java:197) ~[na:1.7.0_79]
	at sun.nio.ch.SocketChannelImpl.read(SocketChannelImpl.java:379) ~[na:1.7.0_79]
	at com.google.code.yanf4j.nio.impl.NioTCPSession.readFromBuffer(NioTCPSession.java:203) ~[xmemcached-2.0.0.jar:na]
	at com.google.code.yanf4j.nio.impl.AbstractNioSession.onRead(AbstractNioSession.java:196) [xmemcached-2.0.0.jar:na]
	at com.google.code.yanf4j.nio.impl.AbstractNioSession.onEvent(AbstractNioSession.java:341) [xmemcached-2.0.0.jar:na]
	at com.google.code.yanf4j.nio.impl.SocketChannelController.dispatchReadEvent(SocketChannelController.java:56) [xmemcached-2.0.0.jar:na]
	at com.google.code.yanf4j.nio.impl.NioController.onRead(NioController.java:157) [xmemcached-2.0.0.jar:na]
	at com.google.code.yanf4j.nio.impl.Reactor.dispatchEvent(Reactor.java:323) [xmemcached-2.0.0.jar:na]
	at com.google.code.yanf4j.nio.impl.Reactor.run(Reactor.java:180) [xmemcached-2.0.0.jar:na]
20:13:28.688 [Xmemcached-Reactor-4] ERROR n.r.xmemcached.impl.MemcachedHandler - XMemcached network layout exception
java.io.IOException: 您的主机中的软件中止了一个已建立的连接。
	at sun.nio.ch.SocketDispatcher.read0(Native Method) ~[na:1.7.0_79]
	at sun.nio.ch.SocketDispatcher.read(SocketDispatcher.java:43) ~[na:1.7.0_79]
	at sun.nio.ch.IOUtil.readIntoNativeBuffer(IOUtil.java:223) ~[na:1.7.0_79]
	at sun.nio.ch.IOUtil.read(IOUtil.java:197) ~[na:1.7.0_79]
	at sun.nio.ch.SocketChannelImpl.read(SocketChannelImpl.java:379) ~[na:1.7.0_79]
	at com.google.code.yanf4j.nio.impl.NioTCPSession.readFromBuffer(NioTCPSession.java:203) ~[xmemcached-2.0.0.jar:na]
	at com.google.code.yanf4j.nio.impl.AbstractNioSession.onRead(AbstractNioSession.java:196) [xmemcached-2.0.0.jar:na]
	at com.google.code.yanf4j.nio.impl.AbstractNioSession.onEvent(AbstractNioSession.java:341) [xmemcached-2.0.0.jar:na]
	at com.google.code.yanf4j.nio.impl.SocketChannelController.dispatchReadEvent(SocketChannelController.java:56) [xmemcached-2.0.0.jar:na]
	at com.google.code.yanf4j.nio.impl.NioController.onRead(NioController.java:157) [xmemcached-2.0.0.jar:na]
	at com.google.code.yanf4j.nio.impl.Reactor.dispatchEvent(Reactor.java:323) [xmemcached-2.0.0.jar:na]
	at com.google.code.yanf4j.nio.impl.Reactor.run(Reactor.java:180) [xmemcached-2.0.0.jar:na]
20:35:22.775 [qtp48712006-21] ERROR com.flzc.service.api.SceneInfoApi -    
20:36:29.790 [qtp48712006-19] ERROR com.flzc.service.api.SceneInfoApi -    
20:44:41.755 [qtp48712006-19] ERROR com.flzc.service.api.SceneInfoApi -    
20:45:41.497 [qtp48712006-18] ERROR com.flzc.service.api.SceneInfoApi -    
20:54:13.603 [qtp48712006-18] ERROR com.flzc.service.api.SceneInfoApi -    
20:54:58.185 [qtp48712006-18] ERROR com.flzc.service.api.SceneInfoApi -    
20:58:49.379 [main] ERROR o.s.web.context.ContextLoader - Context initialization failed
org.springframework.beans.factory.BeanCreationException: Error creating bean with name 'sceneDealApi': Injection of autowired dependencies failed; nested exception is org.springframework.beans.factory.BeanCreationException: Could not autowire field: public com.flzc.service.service.SceneDealBizService com.flzc.service.api.SceneDealApi.sceneDealBizService; nested exception is org.springframework.beans.factory.BeanCreationException: Error creating bean with name 'sceneDealBizServiceImpl': Injection of autowired dependencies failed; nested exception is org.springframework.beans.factory.BeanCreationException: Could not autowire field: private com.flzc.scene.filing.api.service.SceneDealService com.flzc.service.service.impl.SceneDealBizServiceImpl.sceneDealService; nested exception is org.springframework.beans.factory.BeanCreationException: Error creating bean with name 'sceneDealService': FactoryBean threw exception on object creation; nested exception is java.lang.IllegalStateException: Failed to check the status of the service com.flzc.scene.filing.api.service.SceneDealService. No provider available for the service baseSceneDealService_sbw1/com.flzc.scene.filing.api.service.SceneDealService from the url zookeeper://192.168.10.100:2181/com.alibaba.dubbo.registry.RegistryService?application=flzc-scene-service-consumer_sbw1&connected=true&dubbo=2.4.9&group=baseSceneDealService_sbw1&interface=com.flzc.scene.filing.api.service.SceneDealService&methods=findUserById,findBuildingById,saveSceneDeal,findByTicketCode,findByDealId,findActivityByIdAndType&pid=4456&protocol=dubbo&revision=1.0-SNAPSHOT&side=consumer&timestamp=1449752328654 to the consumer 192.168.10.82 use dubbo version 2.4.9
	at org.springframework.beans.factory.annotation.AutowiredAnnotationBeanPostProcessor.postProcessPropertyValues(AutowiredAnnotationBeanPostProcessor.java:288) ~[spring-beans-3.2.3.RELEASE.jar:3.2.3.RELEASE]
	at org.springframework.beans.factory.support.AbstractAutowireCapableBeanFactory.populateBean(AbstractAutowireCapableBeanFactory.java:1116) ~[spring-beans-3.2.3.RELEASE.jar:3.2.3.RELEASE]
	at org.springframework.beans.factory.support.AbstractAutowireCapableBeanFactory.doCreateBean(AbstractAutowireCapableBeanFactory.java:519) ~[spring-beans-3.2.3.RELEASE.jar:3.2.3.RELEASE]
	at org.springframework.beans.factory.support.AbstractAutowireCapableBeanFactory.createBean(AbstractAutowireCapableBeanFactory.java:458) ~[spring-beans-3.2.3.RELEASE.jar:3.2.3.RELEASE]
	at org.springframework.beans.factory.support.AbstractBeanFactory$1.getObject(AbstractBeanFactory.java:295) ~[spring-beans-3.2.3.RELEASE.jar:3.2.3.RELEASE]
	at org.springframework.beans.factory.support.DefaultSingletonBeanRegistry.getSingleton(DefaultSingletonBeanRegistry.java:223) ~[spring-beans-3.2.3.RELEASE.jar:3.2.3.RELEASE]
	at org.springframework.beans.factory.support.AbstractBeanFactory.doGetBean(AbstractBeanFactory.java:292) ~[spring-beans-3.2.3.RELEASE.jar:3.2.3.RELEASE]
	at org.springframework.beans.factory.support.AbstractBeanFactory.getBean(AbstractBeanFactory.java:194) ~[spring-beans-3.2.3.RELEASE.jar:3.2.3.RELEASE]
	at org.springframework.beans.factory.support.DefaultListableBeanFactory.preInstantiateSingletons(DefaultListableBeanFactory.java:626) ~[spring-beans-3.2.3.RELEASE.jar:3.2.3.RELEASE]
	at org.springframework.context.support.AbstractApplicationContext.finishBeanFactoryInitialization(AbstractApplicationContext.java:932) ~[spring-context-3.2.3.RELEASE.jar:3.2.3.RELEASE]
	at org.springframework.context.support.AbstractApplicationContext.refresh(AbstractApplicationContext.java:479) ~[spring-context-3.2.3.RELEASE.jar:3.2.3.RELEASE]
	at org.springframework.web.context.ContextLoader.configureAndRefreshWebApplicationContext(ContextLoader.java:389) ~[spring-web-3.2.3.RELEASE.jar:3.2.3.RELEASE]
	at org.springframework.web.context.ContextLoader.initWebApplicationContext(ContextLoader.java:294) ~[spring-web-3.2.3.RELEASE.jar:3.2.3.RELEASE]
	at org.springframework.web.context.ContextLoaderListener.contextInitialized(ContextLoaderListener.java:112) [spring-web-3.2.3.RELEASE.jar:3.2.3.RELEASE]
	at org.eclipse.jetty.server.handler.ContextHandler.callContextInitialized(ContextHandler.java:800) [jetty-server-9.2.1.v20140609.jar:9.2.1.v20140609]
	at org.eclipse.jetty.servlet.ServletContextHandler.callContextInitialized(ServletContextHandler.java:446) [jetty-servlet-9.2.1.v20140609.jar:9.2.1.v20140609]
	at org.eclipse.jetty.server.handler.ContextHandler.startContext(ContextHandler.java:792) [jetty-server-9.2.1.v20140609.jar:9.2.1.v20140609]
	at org.eclipse.jetty.servlet.ServletContextHandler.startContext(ServletContextHandler.java:296) [jetty-servlet-9.2.1.v20140609.jar:9.2.1.v20140609]
	at org.eclipse.jetty.webapp.WebAppContext.startWebapp(WebAppContext.java:1341) [jetty-webapp-9.2.1.v20140609.jar:9.2.1.v20140609]
	at org.eclipse.jetty.webapp.WebAppContext.startContext(WebAppContext.java:1334) [jetty-webapp-9.2.1.v20140609.jar:9.2.1.v20140609]
	at org.eclipse.jetty.server.handler.ContextHandler.doStart(ContextHandler.java:744) [jetty-server-9.2.1.v20140609.jar:9.2.1.v20140609]
	at org.eclipse.jetty.webapp.WebAppContext.doStart(WebAppContext.java:497) [jetty-webapp-9.2.1.v20140609.jar:9.2.1.v20140609]
	at org.eclipse.jetty.maven.plugin.JettyWebAppContext.doStart(JettyWebAppContext.java:281) [jetty-maven-plugin-9.2.1.v20140609.jar:9.2.1.v20140609]
	at org.eclipse.jetty.util.component.AbstractLifeCycle.start(AbstractLifeCycle.java:68) [jetty-util-9.2.1.v20140609.jar:9.2.1.v20140609]
	at org.eclipse.jetty.util.component.ContainerLifeCycle.start(ContainerLifeCycle.java:132) [jetty-util-9.2.1.v20140609.jar:9.2.1.v20140609]
	at org.eclipse.jetty.util.component.ContainerLifeCycle.doStart(ContainerLifeCycle.java:114) [jetty-util-9.2.1.v20140609.jar:9.2.1.v20140609]
	at org.eclipse.jetty.server.handler.AbstractHandler.doStart(AbstractHandler.java:60) [jetty-server-9.2.1.v20140609.jar:9.2.1.v20140609]
	at org.eclipse.jetty.server.handler.ContextHandlerCollection.doStart(ContextHandlerCollection.java:154) [jetty-server-9.2.1.v20140609.jar:9.2.1.v20140609]
	at org.eclipse.jetty.util.component.AbstractLifeCycle.start(AbstractLifeCycle.java:68) [jetty-util-9.2.1.v20140609.jar:9.2.1.v20140609]
	at org.eclipse.jetty.util.component.ContainerLifeCycle.start(ContainerLifeCycle.java:132) [jetty-util-9.2.1.v20140609.jar:9.2.1.v20140609]
	at org.eclipse.jetty.util.component.ContainerLifeCycle.doStart(ContainerLifeCycle.java:114) [jetty-util-9.2.1.v20140609.jar:9.2.1.v20140609]
	at org.eclipse.jetty.server.handler.AbstractHandler.doStart(AbstractHandler.java:60) [jetty-server-9.2.1.v20140609.jar:9.2.1.v20140609]
	at org.eclipse.jetty.util.component.AbstractLifeCycle.start(AbstractLifeCycle.java:68) [jetty-util-9.2.1.v20140609.jar:9.2.1.v20140609]
	at org.eclipse.jetty.util.component.ContainerLifeCycle.start(ContainerLifeCycle.java:132) [jetty-util-9.2.1.v20140609.jar:9.2.1.v20140609]
	at org.eclipse.jetty.server.Server.start(Server.java:357) [jetty-server-9.2.1.v20140609.jar:9.2.1.v20140609]
	at org.eclipse.jetty.util.component.ContainerLifeCycle.doStart(ContainerLifeCycle.java:114) [jetty-util-9.2.1.v20140609.jar:9.2.1.v20140609]
	at org.eclipse.jetty.server.handler.AbstractHandler.doStart(AbstractHandler.java:60) [jetty-server-9.2.1.v20140609.jar:9.2.1.v20140609]
	at org.eclipse.jetty.server.Server.doStart(Server.java:324) [jetty-server-9.2.1.v20140609.jar:9.2.1.v20140609]
	at org.eclipse.jetty.maven.plugin.JettyServer.doStart(JettyServer.java:68) [jetty-maven-plugin-9.2.1.v20140609.jar:9.2.1.v20140609]
	at org.eclipse.jetty.util.component.AbstractLifeCycle.start(AbstractLifeCycle.java:68) [jetty-util-9.2.1.v20140609.jar:9.2.1.v20140609]
	at org.eclipse.jetty.maven.plugin.AbstractJettyMojo.startJetty(AbstractJettyMojo.java:564) [jetty-maven-plugin-9.2.1.v20140609.jar:9.2.1.v20140609]
	at org.eclipse.jetty.maven.plugin.AbstractJettyMojo.execute(AbstractJettyMojo.java:360) [jetty-maven-plugin-9.2.1.v20140609.jar:9.2.1.v20140609]
	at org.eclipse.jetty.maven.plugin.JettyRunWarMojo.execute(JettyRunWarMojo.java:69) [jetty-maven-plugin-9.2.1.v20140609.jar:9.2.1.v20140609]
	at org.apache.maven.plugin.DefaultBuildPluginManager.executeMojo(DefaultBuildPluginManager.java:101) [maven-core-3.0.5.jar:3.0.5]
	at org.apache.maven.lifecycle.internal.MojoExecutor.execute(MojoExecutor.java:209) [maven-core-3.0.5.jar:3.0.5]
	at org.apache.maven.lifecycle.internal.MojoExecutor.execute(MojoExecutor.java:153) [maven-core-3.0.5.jar:3.0.5]
	at org.apache.maven.lifecycle.internal.MojoExecutor.execute(MojoExecutor.java:145) [maven-core-3.0.5.jar:3.0.5]
	at org.apache.maven.lifecycle.internal.LifecycleModuleBuilder.buildProject(LifecycleModuleBuilder.java:84) [maven-core-3.0.5.jar:3.0.5]
	at org.apache.maven.lifecycle.internal.LifecycleModuleBuilder.buildProject(LifecycleModuleBuilder.java:59) [maven-core-3.0.5.jar:3.0.5]
	at org.apache.maven.lifecycle.internal.LifecycleStarter.singleThreadedBuild(LifecycleStarter.java:183) [maven-core-3.0.5.jar:3.0.5]
	at org.apache.maven.lifecycle.internal.LifecycleStarter.execute(LifecycleStarter.java:161) [maven-core-3.0.5.jar:3.0.5]
	at org.apache.maven.DefaultMaven.doExecute(DefaultMaven.java:320) [maven-core-3.0.5.jar:3.0.5]
	at org.apache.maven.DefaultMaven.execute(DefaultMaven.java:156) [maven-core-3.0.5.jar:3.0.5]
	at org.apache.maven.cli.MavenCli.execute(MavenCli.java:537) [maven-embedder-3.0.5.jar:3.0.5]
	at org.apache.maven.cli.MavenCli.doMain(MavenCli.java:196) [maven-embedder-3.0.5.jar:3.0.5]
	at org.apache.maven.cli.MavenCli.main(MavenCli.java:141) [maven-embedder-3.0.5.jar:3.0.5]
	at sun.reflect.NativeMethodAccessorImpl.invoke0(Native Method) ~[na:1.7.0_79]
	at sun.reflect.NativeMethodAccessorImpl.invoke(NativeMethodAccessorImpl.java:57) ~[na:1.7.0_79]
	at sun.reflect.DelegatingMethodAccessorImpl.invoke(DelegatingMethodAccessorImpl.java:43) ~[na:1.7.0_79]
	at java.lang.reflect.Method.invoke(Method.java:606) ~[na:1.7.0_79]
	at org.codehaus.plexus.classworlds.launcher.Launcher.launchEnhanced(Launcher.java:290) [plexus-classworlds-2.4.jar:na]
	at org.codehaus.plexus.classworlds.launcher.Launcher.launch(Launcher.java:230) [plexus-classworlds-2.4.jar:na]
	at org.codehaus.plexus.classworlds.launcher.Launcher.mainWithExitCode(Launcher.java:409) [plexus-classworlds-2.4.jar:na]
	at org.codehaus.plexus.classworlds.launcher.Launcher.main(Launcher.java:352) [plexus-classworlds-2.4.jar:na]
	at org.codehaus.classworlds.Launcher.main(Launcher.java:47) [plexus-classworlds-2.4.jar:na]
Caused by: org.springframework.beans.factory.BeanCreationException: Could not autowire field: public com.flzc.service.service.SceneDealBizService com.flzc.service.api.SceneDealApi.sceneDealBizService; nested exception is org.springframework.beans.factory.BeanCreationException: Error creating bean with name 'sceneDealBizServiceImpl': Injection of autowired dependencies failed; nested exception is org.springframework.beans.factory.BeanCreationException: Could not autowire field: private com.flzc.scene.filing.api.service.SceneDealService com.flzc.service.service.impl.SceneDealBizServiceImpl.sceneDealService; nested exception is org.springframework.beans.factory.BeanCreationException: Error creating bean with name 'sceneDealService': FactoryBean threw exception on object creation; nested exception is java.lang.IllegalStateException: Failed to check the status of the service com.flzc.scene.filing.api.service.SceneDealService. No provider available for the service baseSceneDealService_sbw1/com.flzc.scene.filing.api.service.SceneDealService from the url zookeeper://192.168.10.100:2181/com.alibaba.dubbo.registry.RegistryService?application=flzc-scene-service-consumer_sbw1&connected=true&dubbo=2.4.9&group=baseSceneDealService_sbw1&interface=com.flzc.scene.filing.api.service.SceneDealService&methods=findUserById,findBuildingById,saveSceneDeal,findByTicketCode,findByDealId,findActivityByIdAndType&pid=4456&protocol=dubbo&revision=1.0-SNAPSHOT&side=consumer&timestamp=1449752328654 to the consumer 192.168.10.82 use dubbo version 2.4.9
	at org.springframework.beans.factory.annotation.AutowiredAnnotationBeanPostProcessor$AutowiredFieldElement.inject(AutowiredAnnotationBeanPostProcessor.java:514) ~[spring-beans-3.2.3.RELEASE.jar:3.2.3.RELEASE]
	at org.springframework.beans.factory.annotation.InjectionMetadata.inject(InjectionMetadata.java:87) ~[spring-beans-3.2.3.RELEASE.jar:3.2.3.RELEASE]
	at org.springframework.beans.factory.annotation.AutowiredAnnotationBeanPostProcessor.postProcessPropertyValues(AutowiredAnnotationBeanPostProcessor.java:285) ~[spring-beans-3.2.3.RELEASE.jar:3.2.3.RELEASE]
	... 64 common frames omitted
Caused by: org.springframework.beans.factory.BeanCreationException: Error creating bean with name 'sceneDealBizServiceImpl': Injection of autowired dependencies failed; nested exception is org.springframework.beans.factory.BeanCreationException: Could not autowire field: private com.flzc.scene.filing.api.service.SceneDealService com.flzc.service.service.impl.SceneDealBizServiceImpl.sceneDealService; nested exception is org.springframework.beans.factory.BeanCreationException: Error creating bean with name 'sceneDealService': FactoryBean threw exception on object creation; nested exception is java.lang.IllegalStateException: Failed to check the status of the service com.flzc.scene.filing.api.service.SceneDealService. No provider available for the service baseSceneDealService_sbw1/com.flzc.scene.filing.api.service.SceneDealService from the url zookeeper://192.168.10.100:2181/com.alibaba.dubbo.registry.RegistryService?application=flzc-scene-service-consumer_sbw1&connected=true&dubbo=2.4.9&group=baseSceneDealService_sbw1&interface=com.flzc.scene.filing.api.service.SceneDealService&methods=findUserById,findBuildingById,saveSceneDeal,findByTicketCode,findByDealId,findActivityByIdAndType&pid=4456&protocol=dubbo&revision=1.0-SNAPSHOT&side=consumer&timestamp=1449752328654 to the consumer 192.168.10.82 use dubbo version 2.4.9
	at org.springframework.beans.factory.annotation.AutowiredAnnotationBeanPostProcessor.postProcessPropertyValues(AutowiredAnnotationBeanPostProcessor.java:288) ~[spring-beans-3.2.3.RELEASE.jar:3.2.3.RELEASE]
	at org.springframework.beans.factory.support.AbstractAutowireCapableBeanFactory.populateBean(AbstractAutowireCapableBeanFactory.java:1116) ~[spring-beans-3.2.3.RELEASE.jar:3.2.3.RELEASE]
	at org.springframework.beans.factory.support.AbstractAutowireCapableBeanFactory.doCreateBean(AbstractAutowireCapableBeanFactory.java:519) ~[spring-beans-3.2.3.RELEASE.jar:3.2.3.RELEASE]
	at org.springframework.beans.factory.support.AbstractAutowireCapableBeanFactory.createBean(AbstractAutowireCapableBeanFactory.java:458) ~[spring-beans-3.2.3.RELEASE.jar:3.2.3.RELEASE]
	at org.springframework.beans.factory.support.AbstractBeanFactory$1.getObject(AbstractBeanFactory.java:295) ~[spring-beans-3.2.3.RELEASE.jar:3.2.3.RELEASE]
	at org.springframework.beans.factory.support.DefaultSingletonBeanRegistry.getSingleton(DefaultSingletonBeanRegistry.java:223) ~[spring-beans-3.2.3.RELEASE.jar:3.2.3.RELEASE]
	at org.springframework.beans.factory.support.AbstractBeanFactory.doGetBean(AbstractBeanFactory.java:292) ~[spring-beans-3.2.3.RELEASE.jar:3.2.3.RELEASE]
	at org.springframework.beans.factory.support.AbstractBeanFactory.getBean(AbstractBeanFactory.java:194) ~[spring-beans-3.2.3.RELEASE.jar:3.2.3.RELEASE]
	at org.springframework.beans.factory.support.DefaultListableBeanFactory.findAutowireCandidates(DefaultListableBeanFactory.java:910) ~[spring-beans-3.2.3.RELEASE.jar:3.2.3.RELEASE]
	at org.springframework.beans.factory.support.DefaultListableBeanFactory.doResolveDependency(DefaultListableBeanFactory.java:853) ~[spring-beans-3.2.3.RELEASE.jar:3.2.3.RELEASE]
	at org.springframework.beans.factory.support.DefaultListableBeanFactory.resolveDependency(DefaultListableBeanFactory.java:768) ~[spring-beans-3.2.3.RELEASE.jar:3.2.3.RELEASE]
	at org.springframework.beans.factory.annotation.AutowiredAnnotationBeanPostProcessor$AutowiredFieldElement.inject(AutowiredAnnotationBeanPostProcessor.java:486) ~[spring-beans-3.2.3.RELEASE.jar:3.2.3.RELEASE]
	... 66 common frames omitted
Caused by: org.springframework.beans.factory.BeanCreationException: Could not autowire field: private com.flzc.scene.filing.api.service.SceneDealService com.flzc.service.service.impl.SceneDealBizServiceImpl.sceneDealService; nested exception is org.springframework.beans.factory.BeanCreationException: Error creating bean with name 'sceneDealService': FactoryBean threw exception on object creation; nested exception is java.lang.IllegalStateException: Failed to check the status of the service com.flzc.scene.filing.api.service.SceneDealService. No provider available for the service baseSceneDealService_sbw1/com.flzc.scene.filing.api.service.SceneDealService from the url zookeeper://192.168.10.100:2181/com.alibaba.dubbo.registry.RegistryService?application=flzc-scene-service-consumer_sbw1&connected=true&dubbo=2.4.9&group=baseSceneDealService_sbw1&interface=com.flzc.scene.filing.api.service.SceneDealService&methods=findUserById,findBuildingById,saveSceneDeal,findByTicketCode,findByDealId,findActivityByIdAndType&pid=4456&protocol=dubbo&revision=1.0-SNAPSHOT&side=consumer&timestamp=1449752328654 to the consumer 192.168.10.82 use dubbo version 2.4.9
	at org.springframework.beans.factory.annotation.AutowiredAnnotationBeanPostProcessor$AutowiredFieldElement.inject(AutowiredAnnotationBeanPostProcessor.java:514) ~[spring-beans-3.2.3.RELEASE.jar:3.2.3.RELEASE]
	at org.springframework.beans.factory.annotation.InjectionMetadata.inject(InjectionMetadata.java:87) ~[spring-beans-3.2.3.RELEASE.jar:3.2.3.RELEASE]
	at org.springframework.beans.factory.annotation.AutowiredAnnotationBeanPostProcessor.postProcessPropertyValues(AutowiredAnnotationBeanPostProcessor.java:285) ~[spring-beans-3.2.3.RELEASE.jar:3.2.3.RELEASE]
	... 77 common frames omitted
Caused by: org.springframework.beans.factory.BeanCreationException: Error creating bean with name 'sceneDealService': FactoryBean threw exception on object creation; nested exception is java.lang.IllegalStateException: Failed to check the status of the service com.flzc.scene.filing.api.service.SceneDealService. No provider available for the service baseSceneDealService_sbw1/com.flzc.scene.filing.api.service.SceneDealService from the url zookeeper://192.168.10.100:2181/com.alibaba.dubbo.registry.RegistryService?application=flzc-scene-service-consumer_sbw1&connected=true&dubbo=2.4.9&group=baseSceneDealService_sbw1&interface=com.flzc.scene.filing.api.service.SceneDealService&methods=findUserById,findBuildingById,saveSceneDeal,findByTicketCode,findByDealId,findActivityByIdAndType&pid=4456&protocol=dubbo&revision=1.0-SNAPSHOT&side=consumer&timestamp=1449752328654 to the consumer 192.168.10.82 use dubbo version 2.4.9
	at org.springframework.beans.factory.support.FactoryBeanRegistrySupport.doGetObjectFromFactoryBean(FactoryBeanRegistrySupport.java:149) ~[spring-beans-3.2.3.RELEASE.jar:3.2.3.RELEASE]
	at org.springframework.beans.factory.support.FactoryBeanRegistrySupport.getObjectFromFactoryBean(FactoryBeanRegistrySupport.java:102) ~[spring-beans-3.2.3.RELEASE.jar:3.2.3.RELEASE]
	at org.springframework.beans.factory.support.AbstractBeanFactory.getObjectForBeanInstance(AbstractBeanFactory.java:1454) ~[spring-beans-3.2.3.RELEASE.jar:3.2.3.RELEASE]
	at org.springframework.beans.factory.support.AbstractBeanFactory.doGetBean(AbstractBeanFactory.java:249) ~[spring-beans-3.2.3.RELEASE.jar:3.2.3.RELEASE]
	at org.springframework.beans.factory.support.AbstractBeanFactory.getBean(AbstractBeanFactory.java:194) ~[spring-beans-3.2.3.RELEASE.jar:3.2.3.RELEASE]
	at org.springframework.beans.factory.support.DefaultListableBeanFactory.findAutowireCandidates(DefaultListableBeanFactory.java:910) ~[spring-beans-3.2.3.RELEASE.jar:3.2.3.RELEASE]
	at org.springframework.beans.factory.support.DefaultListableBeanFactory.doResolveDependency(DefaultListableBeanFactory.java:853) ~[spring-beans-3.2.3.RELEASE.jar:3.2.3.RELEASE]
	at org.springframework.beans.factory.support.DefaultListableBeanFactory.resolveDependency(DefaultListableBeanFactory.java:768) ~[spring-beans-3.2.3.RELEASE.jar:3.2.3.RELEASE]
	at org.springframework.beans.factory.annotation.AutowiredAnnotationBeanPostProcessor$AutowiredFieldElement.inject(AutowiredAnnotationBeanPostProcessor.java:486) ~[spring-beans-3.2.3.RELEASE.jar:3.2.3.RELEASE]
	... 79 common frames omitted
Caused by: java.lang.IllegalStateException: Failed to check the status of the service com.flzc.scene.filing.api.service.SceneDealService. No provider available for the service baseSceneDealService_sbw1/com.flzc.scene.filing.api.service.SceneDealService from the url zookeeper://192.168.10.100:2181/com.alibaba.dubbo.registry.RegistryService?application=flzc-scene-service-consumer_sbw1&connected=true&dubbo=2.4.9&group=baseSceneDealService_sbw1&interface=com.flzc.scene.filing.api.service.SceneDealService&methods=findUserById,findBuildingById,saveSceneDeal,findByTicketCode,findByDealId,findActivityByIdAndType&pid=4456&protocol=dubbo&revision=1.0-SNAPSHOT&side=consumer&timestamp=1449752328654 to the consumer 192.168.10.82 use dubbo version 2.4.9
	at com.alibaba.dubbo.config.ReferenceConfig.createProxy(ReferenceConfig.java:422) ~[dubbo-2.4.9.jar:2.4.9]
	at com.alibaba.dubbo.config.ReferenceConfig.init(ReferenceConfig.java:303) ~[dubbo-2.4.9.jar:2.4.9]
	at com.alibaba.dubbo.config.ReferenceConfig.get(ReferenceConfig.java:138) ~[dubbo-2.4.9.jar:2.4.9]
	at com.alibaba.dubbo.config.spring.ReferenceBean.getObject(ReferenceBean.java:65) ~[dubbo-2.4.9.jar:2.4.9]
	at org.springframework.beans.factory.support.FactoryBeanRegistrySupport.doGetObjectFromFactoryBean(FactoryBeanRegistrySupport.java:142) ~[spring-beans-3.2.3.RELEASE.jar:3.2.3.RELEASE]
	... 87 common frames omitted
21:03:07.607 [qtp348619663-15] ERROR com.flzc.service.api.SceneInfoApi -    
21:12:29.125 [qtp348619663-18] ERROR com.flzc.service.api.SceneInfoApi -    
21:14:37.907 [qtp348619663-15] ERROR com.flzc.service.api.SceneInfoApi -    
21:15:06.227 [qtp348619663-18] ERROR com.flzc.service.api.SceneInfoApi -    
21:16:36.429 [qtp348619663-21] ERROR com.flzc.service.api.SceneInfoApi -    
21:22:28.982 [qtp348619663-18] ERROR com.flzc.service.api.SceneInfoApi -    
21:24:17.574 [qtp348619663-15] ERROR com.flzc.service.api.SceneInfoApi -    
21:26:09.437 [qtp348619663-15] ERROR com.flzc.service.api.SceneInfoApi -    
21:28:06.749 [qtp348619663-15] ERROR com.flzc.service.api.SceneInfoApi -    
21:28:59.207 [qtp348619663-15] ERROR com.flzc.service.api.SceneInfoApi -    
21:29:32.311 [qtp348619663-15] ERROR com.flzc.service.api.SceneInfoApi -    
21:29:48.590 [qtp348619663-15] ERROR com.flzc.service.api.SceneInfoApi -    
21:30:11.792 [qtp348619663-15] ERROR com.flzc.service.api.SceneInfoApi -    
21:30:29.038 [qtp348619663-15] ERROR com.flzc.service.api.SceneInfoApi -    
21:37:35.078 [qtp348619663-18] ERROR com.flzc.service.api.SceneInfoApi -    
21:39:05.945 [qtp348619663-18] ERROR com.flzc.service.api.SceneInfoApi -    
21:41:03.106 [qtp348619663-15] ERROR com.flzc.service.api.SceneInfoApi -    
21:45:41.563 [qtp348619663-21] ERROR com.flzc.service.api.SceneInfoApi -    
21:46:09.953 [qtp348619663-21] ERROR com.flzc.service.api.SceneInfoApi -    
21:52:55.681 [qtp348619663-21] ERROR com.flzc.service.api.SceneInfoApi -    
