04:04:13.530 [Xmemcached-Reactor-6] ERROR n.r.xmemcached.impl.MemcachedHandler - XMemcached network layout exception
java.io.IOException: 您的主机中的软件中止了一个已建立的连接。
	at sun.nio.ch.SocketDispatcher.read0(Native Method) ~[na:1.7.0_79]
	at sun.nio.ch.SocketDispatcher.read(SocketDispatcher.java:43) ~[na:1.7.0_79]
	at sun.nio.ch.IOUtil.readIntoNativeBuffer(IOUtil.java:223) ~[na:1.7.0_79]
	at sun.nio.ch.IOUtil.read(IOUtil.java:197) ~[na:1.7.0_79]
	at sun.nio.ch.SocketChannelImpl.read(SocketChannelImpl.java:379) ~[na:1.7.0_79]
	at com.google.code.yanf4j.nio.impl.NioTCPSession.readFromBuffer(NioTCPSession.java:203) ~[xmemcached-2.0.0.jar:na]
	at com.google.code.yanf4j.nio.impl.AbstractNioSession.onRead(AbstractNioSession.java:196) [xmemcached-2.0.0.jar:na]
	at com.google.code.yanf4j.nio.impl.AbstractNioSession.onEvent(AbstractNioSession.java:341) [xmemcached-2.0.0.jar:na]
	at com.google.code.yanf4j.nio.impl.SocketChannelController.dispatchReadEvent(SocketChannelController.java:56) [xmemcached-2.0.0.jar:na]
	at com.google.code.yanf4j.nio.impl.NioController.onRead(NioController.java:157) [xmemcached-2.0.0.jar:na]
	at com.google.code.yanf4j.nio.impl.Reactor.dispatchEvent(Reactor.java:323) [xmemcached-2.0.0.jar:na]
	at com.google.code.yanf4j.nio.impl.Reactor.run(Reactor.java:180) [xmemcached-2.0.0.jar:na]
04:04:13.801 [Xmemcached-Reactor-5] ERROR n.r.xmemcached.impl.MemcachedHandler - XMemcached network layout exception
java.io.IOException: 您的主机中的软件中止了一个已建立的连接。
	at sun.nio.ch.SocketDispatcher.read0(Native Method) ~[na:1.7.0_79]
	at sun.nio.ch.SocketDispatcher.read(SocketDispatcher.java:43) ~[na:1.7.0_79]
	at sun.nio.ch.IOUtil.readIntoNativeBuffer(IOUtil.java:223) ~[na:1.7.0_79]
	at sun.nio.ch.IOUtil.read(IOUtil.java:197) ~[na:1.7.0_79]
	at sun.nio.ch.SocketChannelImpl.read(SocketChannelImpl.java:379) ~[na:1.7.0_79]
	at com.google.code.yanf4j.nio.impl.NioTCPSession.readFromBuffer(NioTCPSession.java:203) ~[xmemcached-2.0.0.jar:na]
	at com.google.code.yanf4j.nio.impl.AbstractNioSession.onRead(AbstractNioSession.java:196) [xmemcached-2.0.0.jar:na]
	at com.google.code.yanf4j.nio.impl.AbstractNioSession.onEvent(AbstractNioSession.java:341) [xmemcached-2.0.0.jar:na]
	at com.google.code.yanf4j.nio.impl.SocketChannelController.dispatchReadEvent(SocketChannelController.java:56) [xmemcached-2.0.0.jar:na]
	at com.google.code.yanf4j.nio.impl.NioController.onRead(NioController.java:157) [xmemcached-2.0.0.jar:na]
	at com.google.code.yanf4j.nio.impl.Reactor.dispatchEvent(Reactor.java:323) [xmemcached-2.0.0.jar:na]
	at com.google.code.yanf4j.nio.impl.Reactor.run(Reactor.java:180) [xmemcached-2.0.0.jar:na]
04:04:13.801 [Xmemcached-Reactor-3] ERROR n.r.xmemcached.impl.MemcachedHandler - XMemcached network layout exception
java.io.IOException: 您的主机中的软件中止了一个已建立的连接。
	at sun.nio.ch.SocketDispatcher.read0(Native Method) ~[na:1.7.0_79]
	at sun.nio.ch.SocketDispatcher.read(SocketDispatcher.java:43) ~[na:1.7.0_79]
	at sun.nio.ch.IOUtil.readIntoNativeBuffer(IOUtil.java:223) ~[na:1.7.0_79]
	at sun.nio.ch.IOUtil.read(IOUtil.java:197) ~[na:1.7.0_79]
	at sun.nio.ch.SocketChannelImpl.read(SocketChannelImpl.java:379) ~[na:1.7.0_79]
	at com.google.code.yanf4j.nio.impl.NioTCPSession.readFromBuffer(NioTCPSession.java:203) ~[xmemcached-2.0.0.jar:na]
	at com.google.code.yanf4j.nio.impl.AbstractNioSession.onRead(AbstractNioSession.java:196) [xmemcached-2.0.0.jar:na]
	at com.google.code.yanf4j.nio.impl.AbstractNioSession.onEvent(AbstractNioSession.java:341) [xmemcached-2.0.0.jar:na]
	at com.google.code.yanf4j.nio.impl.SocketChannelController.dispatchReadEvent(SocketChannelController.java:56) [xmemcached-2.0.0.jar:na]
	at com.google.code.yanf4j.nio.impl.NioController.onRead(NioController.java:157) [xmemcached-2.0.0.jar:na]
	at com.google.code.yanf4j.nio.impl.Reactor.dispatchEvent(Reactor.java:323) [xmemcached-2.0.0.jar:na]
	at com.google.code.yanf4j.nio.impl.Reactor.run(Reactor.java:180) [xmemcached-2.0.0.jar:na]
04:04:13.803 [Xmemcached-Reactor-2] ERROR n.r.xmemcached.impl.MemcachedHandler - XMemcached network layout exception
java.io.IOException: 您的主机中的软件中止了一个已建立的连接。
	at sun.nio.ch.SocketDispatcher.read0(Native Method) ~[na:1.7.0_79]
	at sun.nio.ch.SocketDispatcher.read(SocketDispatcher.java:43) ~[na:1.7.0_79]
	at sun.nio.ch.IOUtil.readIntoNativeBuffer(IOUtil.java:223) ~[na:1.7.0_79]
	at sun.nio.ch.IOUtil.read(IOUtil.java:197) ~[na:1.7.0_79]
	at sun.nio.ch.SocketChannelImpl.read(SocketChannelImpl.java:379) ~[na:1.7.0_79]
	at com.google.code.yanf4j.nio.impl.NioTCPSession.readFromBuffer(NioTCPSession.java:203) ~[xmemcached-2.0.0.jar:na]
	at com.google.code.yanf4j.nio.impl.AbstractNioSession.onRead(AbstractNioSession.java:196) [xmemcached-2.0.0.jar:na]
	at com.google.code.yanf4j.nio.impl.AbstractNioSession.onEvent(AbstractNioSession.java:341) [xmemcached-2.0.0.jar:na]
	at com.google.code.yanf4j.nio.impl.SocketChannelController.dispatchReadEvent(SocketChannelController.java:56) [xmemcached-2.0.0.jar:na]
	at com.google.code.yanf4j.nio.impl.NioController.onRead(NioController.java:157) [xmemcached-2.0.0.jar:na]
	at com.google.code.yanf4j.nio.impl.Reactor.dispatchEvent(Reactor.java:323) [xmemcached-2.0.0.jar:na]
	at com.google.code.yanf4j.nio.impl.Reactor.run(Reactor.java:180) [xmemcached-2.0.0.jar:na]
04:04:13.805 [Xmemcached-Reactor-4] ERROR n.r.xmemcached.impl.MemcachedHandler - XMemcached network layout exception
java.io.IOException: 您的主机中的软件中止了一个已建立的连接。
	at sun.nio.ch.SocketDispatcher.read0(Native Method) ~[na:1.7.0_79]
	at sun.nio.ch.SocketDispatcher.read(SocketDispatcher.java:43) ~[na:1.7.0_79]
	at sun.nio.ch.IOUtil.readIntoNativeBuffer(IOUtil.java:223) ~[na:1.7.0_79]
	at sun.nio.ch.IOUtil.read(IOUtil.java:197) ~[na:1.7.0_79]
	at sun.nio.ch.SocketChannelImpl.read(SocketChannelImpl.java:379) ~[na:1.7.0_79]
	at com.google.code.yanf4j.nio.impl.NioTCPSession.readFromBuffer(NioTCPSession.java:203) ~[xmemcached-2.0.0.jar:na]
	at com.google.code.yanf4j.nio.impl.AbstractNioSession.onRead(AbstractNioSession.java:196) [xmemcached-2.0.0.jar:na]
	at com.google.code.yanf4j.nio.impl.AbstractNioSession.onEvent(AbstractNioSession.java:341) [xmemcached-2.0.0.jar:na]
	at com.google.code.yanf4j.nio.impl.SocketChannelController.dispatchReadEvent(SocketChannelController.java:56) [xmemcached-2.0.0.jar:na]
	at com.google.code.yanf4j.nio.impl.NioController.onRead(NioController.java:157) [xmemcached-2.0.0.jar:na]
	at com.google.code.yanf4j.nio.impl.Reactor.dispatchEvent(Reactor.java:323) [xmemcached-2.0.0.jar:na]
	at com.google.code.yanf4j.nio.impl.Reactor.run(Reactor.java:180) [xmemcached-2.0.0.jar:na]
10:26:01.832 [Xmemcached-Reactor-4] ERROR n.r.xmemcached.impl.MemcachedHandler - XMemcached network layout exception
java.io.IOException: 您的主机中的软件中止了一个已建立的连接。
	at sun.nio.ch.SocketDispatcher.read0(Native Method) ~[na:1.7.0_79]
	at sun.nio.ch.SocketDispatcher.read(SocketDispatcher.java:43) ~[na:1.7.0_79]
	at sun.nio.ch.IOUtil.readIntoNativeBuffer(IOUtil.java:223) ~[na:1.7.0_79]
	at sun.nio.ch.IOUtil.read(IOUtil.java:197) ~[na:1.7.0_79]
	at sun.nio.ch.SocketChannelImpl.read(SocketChannelImpl.java:379) ~[na:1.7.0_79]
	at com.google.code.yanf4j.nio.impl.NioTCPSession.readFromBuffer(NioTCPSession.java:203) ~[xmemcached-2.0.0.jar:na]
	at com.google.code.yanf4j.nio.impl.AbstractNioSession.onRead(AbstractNioSession.java:196) [xmemcached-2.0.0.jar:na]
	at com.google.code.yanf4j.nio.impl.AbstractNioSession.onEvent(AbstractNioSession.java:341) [xmemcached-2.0.0.jar:na]
	at com.google.code.yanf4j.nio.impl.SocketChannelController.dispatchReadEvent(SocketChannelController.java:56) [xmemcached-2.0.0.jar:na]
	at com.google.code.yanf4j.nio.impl.NioController.onRead(NioController.java:157) [xmemcached-2.0.0.jar:na]
	at com.google.code.yanf4j.nio.impl.Reactor.dispatchEvent(Reactor.java:323) [xmemcached-2.0.0.jar:na]
	at com.google.code.yanf4j.nio.impl.Reactor.run(Reactor.java:180) [xmemcached-2.0.0.jar:na]
10:26:01.836 [Xmemcached-Reactor-2] ERROR n.r.xmemcached.impl.MemcachedHandler - XMemcached network layout exception
java.io.IOException: 您的主机中的软件中止了一个已建立的连接。
	at sun.nio.ch.SocketDispatcher.read0(Native Method) ~[na:1.7.0_79]
	at sun.nio.ch.SocketDispatcher.read(SocketDispatcher.java:43) ~[na:1.7.0_79]
	at sun.nio.ch.IOUtil.readIntoNativeBuffer(IOUtil.java:223) ~[na:1.7.0_79]
	at sun.nio.ch.IOUtil.read(IOUtil.java:197) ~[na:1.7.0_79]
	at sun.nio.ch.SocketChannelImpl.read(SocketChannelImpl.java:379) ~[na:1.7.0_79]
	at com.google.code.yanf4j.nio.impl.NioTCPSession.readFromBuffer(NioTCPSession.java:203) ~[xmemcached-2.0.0.jar:na]
	at com.google.code.yanf4j.nio.impl.AbstractNioSession.onRead(AbstractNioSession.java:196) [xmemcached-2.0.0.jar:na]
	at com.google.code.yanf4j.nio.impl.AbstractNioSession.onEvent(AbstractNioSession.java:341) [xmemcached-2.0.0.jar:na]
	at com.google.code.yanf4j.nio.impl.SocketChannelController.dispatchReadEvent(SocketChannelController.java:56) [xmemcached-2.0.0.jar:na]
	at com.google.code.yanf4j.nio.impl.NioController.onRead(NioController.java:157) [xmemcached-2.0.0.jar:na]
	at com.google.code.yanf4j.nio.impl.Reactor.dispatchEvent(Reactor.java:323) [xmemcached-2.0.0.jar:na]
	at com.google.code.yanf4j.nio.impl.Reactor.run(Reactor.java:180) [xmemcached-2.0.0.jar:na]
10:26:01.838 [Xmemcached-Reactor-7] ERROR n.r.xmemcached.impl.MemcachedHandler - XMemcached network layout exception
java.io.IOException: 您的主机中的软件中止了一个已建立的连接。
	at sun.nio.ch.SocketDispatcher.read0(Native Method) ~[na:1.7.0_79]
	at sun.nio.ch.SocketDispatcher.read(SocketDispatcher.java:43) ~[na:1.7.0_79]
	at sun.nio.ch.IOUtil.readIntoNativeBuffer(IOUtil.java:223) ~[na:1.7.0_79]
	at sun.nio.ch.IOUtil.read(IOUtil.java:197) ~[na:1.7.0_79]
	at sun.nio.ch.SocketChannelImpl.read(SocketChannelImpl.java:379) ~[na:1.7.0_79]
	at com.google.code.yanf4j.nio.impl.NioTCPSession.readFromBuffer(NioTCPSession.java:203) ~[xmemcached-2.0.0.jar:na]
	at com.google.code.yanf4j.nio.impl.AbstractNioSession.onRead(AbstractNioSession.java:196) [xmemcached-2.0.0.jar:na]
	at com.google.code.yanf4j.nio.impl.AbstractNioSession.onEvent(AbstractNioSession.java:341) [xmemcached-2.0.0.jar:na]
	at com.google.code.yanf4j.nio.impl.SocketChannelController.dispatchReadEvent(SocketChannelController.java:56) [xmemcached-2.0.0.jar:na]
	at com.google.code.yanf4j.nio.impl.NioController.onRead(NioController.java:157) [xmemcached-2.0.0.jar:na]
	at com.google.code.yanf4j.nio.impl.Reactor.dispatchEvent(Reactor.java:323) [xmemcached-2.0.0.jar:na]
	at com.google.code.yanf4j.nio.impl.Reactor.run(Reactor.java:180) [xmemcached-2.0.0.jar:na]
10:26:01.840 [Xmemcached-Reactor-3] ERROR n.r.xmemcached.impl.MemcachedHandler - XMemcached network layout exception
java.io.IOException: 您的主机中的软件中止了一个已建立的连接。
	at sun.nio.ch.SocketDispatcher.read0(Native Method) ~[na:1.7.0_79]
	at sun.nio.ch.SocketDispatcher.read(SocketDispatcher.java:43) ~[na:1.7.0_79]
	at sun.nio.ch.IOUtil.readIntoNativeBuffer(IOUtil.java:223) ~[na:1.7.0_79]
	at sun.nio.ch.IOUtil.read(IOUtil.java:197) ~[na:1.7.0_79]
	at sun.nio.ch.SocketChannelImpl.read(SocketChannelImpl.java:379) ~[na:1.7.0_79]
	at com.google.code.yanf4j.nio.impl.NioTCPSession.readFromBuffer(NioTCPSession.java:203) ~[xmemcached-2.0.0.jar:na]
	at com.google.code.yanf4j.nio.impl.AbstractNioSession.onRead(AbstractNioSession.java:196) [xmemcached-2.0.0.jar:na]
	at com.google.code.yanf4j.nio.impl.AbstractNioSession.onEvent(AbstractNioSession.java:341) [xmemcached-2.0.0.jar:na]
	at com.google.code.yanf4j.nio.impl.SocketChannelController.dispatchReadEvent(SocketChannelController.java:56) [xmemcached-2.0.0.jar:na]
	at com.google.code.yanf4j.nio.impl.NioController.onRead(NioController.java:157) [xmemcached-2.0.0.jar:na]
	at com.google.code.yanf4j.nio.impl.Reactor.dispatchEvent(Reactor.java:323) [xmemcached-2.0.0.jar:na]
	at com.google.code.yanf4j.nio.impl.Reactor.run(Reactor.java:180) [xmemcached-2.0.0.jar:na]
10:26:01.840 [Xmemcached-Reactor-1] ERROR n.r.xmemcached.impl.MemcachedHandler - XMemcached network layout exception
java.io.IOException: 您的主机中的软件中止了一个已建立的连接。
	at sun.nio.ch.SocketDispatcher.read0(Native Method) ~[na:1.7.0_79]
	at sun.nio.ch.SocketDispatcher.read(SocketDispatcher.java:43) ~[na:1.7.0_79]
	at sun.nio.ch.IOUtil.readIntoNativeBuffer(IOUtil.java:223) ~[na:1.7.0_79]
	at sun.nio.ch.IOUtil.read(IOUtil.java:197) ~[na:1.7.0_79]
	at sun.nio.ch.SocketChannelImpl.read(SocketChannelImpl.java:379) ~[na:1.7.0_79]
	at com.google.code.yanf4j.nio.impl.NioTCPSession.readFromBuffer(NioTCPSession.java:203) ~[xmemcached-2.0.0.jar:na]
	at com.google.code.yanf4j.nio.impl.AbstractNioSession.onRead(AbstractNioSession.java:196) [xmemcached-2.0.0.jar:na]
	at com.google.code.yanf4j.nio.impl.AbstractNioSession.onEvent(AbstractNioSession.java:341) [xmemcached-2.0.0.jar:na]
	at com.google.code.yanf4j.nio.impl.SocketChannelController.dispatchReadEvent(SocketChannelController.java:56) [xmemcached-2.0.0.jar:na]
	at com.google.code.yanf4j.nio.impl.NioController.onRead(NioController.java:157) [xmemcached-2.0.0.jar:na]
	at com.google.code.yanf4j.nio.impl.Reactor.dispatchEvent(Reactor.java:323) [xmemcached-2.0.0.jar:na]
	at com.google.code.yanf4j.nio.impl.Reactor.run(Reactor.java:180) [xmemcached-2.0.0.jar:na]
12:05:35.191 [qtp816584759-19] ERROR c.f.s.s.impl.SceneInfoBizServiceImpl - 获取楼盘信息异常
java.lang.NullPointerException: null
	at com.flzc.service.service.impl.SceneInfoBizServiceImpl.login(SceneInfoBizServiceImpl.java:55) ~[classes/:na]
	at com.flzc.service.api.SceneInfoApi.sceneLogin(SceneInfoApi.java:63) [classes/:na]
	at sun.reflect.NativeMethodAccessorImpl.invoke0(Native Method) ~[na:1.7.0_79]
	at sun.reflect.NativeMethodAccessorImpl.invoke(NativeMethodAccessorImpl.java:57) ~[na:1.7.0_79]
	at sun.reflect.DelegatingMethodAccessorImpl.invoke(DelegatingMethodAccessorImpl.java:43) ~[na:1.7.0_79]
	at java.lang.reflect.Method.invoke(Method.java:606) ~[na:1.7.0_79]
	at com.sun.jersey.spi.container.JavaMethodInvokerFactory$1.invoke(JavaMethodInvokerFactory.java:60) [jersey-server-1.19.jar:1.19]
	at com.sun.jersey.server.impl.model.method.dispatch.AbstractResourceMethodDispatchProvider$TypeOutInvoker._dispatch(AbstractResourceMethodDispatchProvider.java:185) [jersey-server-1.19.jar:1.19]
	at com.sun.jersey.server.impl.model.method.dispatch.ResourceJavaMethodDispatcher.dispatch(ResourceJavaMethodDispatcher.java:75) [jersey-server-1.19.jar:1.19]
	at com.sun.jersey.server.impl.uri.rules.HttpMethodRule.accept(HttpMethodRule.java:302) [jersey-server-1.19.jar:1.19]
	at com.sun.jersey.server.impl.uri.rules.RightHandPathRule.accept(RightHandPathRule.java:147) [jersey-server-1.19.jar:1.19]
	at com.sun.jersey.server.impl.uri.rules.ResourceClassRule.accept(ResourceClassRule.java:108) [jersey-server-1.19.jar:1.19]
	at com.sun.jersey.server.impl.uri.rules.RightHandPathRule.accept(RightHandPathRule.java:147) [jersey-server-1.19.jar:1.19]
	at com.sun.jersey.server.impl.uri.rules.RootResourceClassesRule.accept(RootResourceClassesRule.java:84) [jersey-server-1.19.jar:1.19]
	at com.sun.jersey.server.impl.application.WebApplicationImpl._handleRequest(WebApplicationImpl.java:1542) [jersey-server-1.19.jar:1.19]
	at com.sun.jersey.server.impl.application.WebApplicationImpl._handleRequest(WebApplicationImpl.java:1473) [jersey-server-1.19.jar:1.19]
	at com.sun.jersey.server.impl.application.WebApplicationImpl.handleRequest(WebApplicationImpl.java:1419) [jersey-server-1.19.jar:1.19]
	at com.sun.jersey.server.impl.application.WebApplicationImpl.handleRequest(WebApplicationImpl.java:1409) [jersey-server-1.19.jar:1.19]
	at com.sun.jersey.spi.container.servlet.WebComponent.service(WebComponent.java:409) [jersey-servlet-1.19.jar:1.19]
	at com.sun.jersey.spi.container.servlet.ServletContainer.service(ServletContainer.java:558) [jersey-servlet-1.19.jar:1.19]
	at com.sun.jersey.spi.container.servlet.ServletContainer.service(ServletContainer.java:733) [jersey-servlet-1.19.jar:1.19]
	at javax.servlet.http.HttpServlet.service(HttpServlet.java:790) [javax.servlet-api-3.1.0.jar:3.1.0]
	at org.eclipse.jetty.servlet.ServletHolder.handle(ServletHolder.java:751) [jetty-servlet-9.2.1.v20140609.jar:9.2.1.v20140609]
	at org.eclipse.jetty.servlet.ServletHandler$CachedChain.doFilter(ServletHandler.java:1666) [jetty-servlet-9.2.1.v20140609.jar:9.2.1.v20140609]
	at org.springframework.orm.hibernate4.support.OpenSessionInViewFilter.doFilterInternal(OpenSessionInViewFilter.java:152) [spring-orm-3.2.3.RELEASE.jar:3.2.3.RELEASE]
	at org.springframework.web.filter.OncePerRequestFilter.doFilter(OncePerRequestFilter.java:107) [spring-web-3.2.3.RELEASE.jar:3.2.3.RELEASE]
	at org.eclipse.jetty.servlet.ServletHandler$CachedChain.doFilter(ServletHandler.java:1653) [jetty-servlet-9.2.1.v20140609.jar:9.2.1.v20140609]
	at org.springframework.web.filter.CharacterEncodingFilter.doFilterInternal(CharacterEncodingFilter.java:88) [spring-web-3.2.3.RELEASE.jar:3.2.3.RELEASE]
	at org.springframework.web.filter.OncePerRequestFilter.doFilter(OncePerRequestFilter.java:107) [spring-web-3.2.3.RELEASE.jar:3.2.3.RELEASE]
	at org.eclipse.jetty.servlet.ServletHandler$CachedChain.doFilter(ServletHandler.java:1645) [jetty-servlet-9.2.1.v20140609.jar:9.2.1.v20140609]
	at org.eclipse.jetty.servlet.ServletHandler.doHandle(ServletHandler.java:564) [jetty-servlet-9.2.1.v20140609.jar:9.2.1.v20140609]
	at org.eclipse.jetty.server.handler.ScopedHandler.handle(ScopedHandler.java:143) [jetty-server-9.2.1.v20140609.jar:9.2.1.v20140609]
	at org.eclipse.jetty.security.SecurityHandler.handle(SecurityHandler.java:578) [jetty-security-9.2.1.v20140609.jar:9.2.1.v20140609]
	at org.eclipse.jetty.server.session.SessionHandler.doHandle(SessionHandler.java:221) [jetty-server-9.2.1.v20140609.jar:9.2.1.v20140609]
	at org.eclipse.jetty.server.handler.ContextHandler.doHandle(ContextHandler.java:1111) [jetty-server-9.2.1.v20140609.jar:9.2.1.v20140609]
	at org.eclipse.jetty.servlet.ServletHandler.doScope(ServletHandler.java:498) [jetty-servlet-9.2.1.v20140609.jar:9.2.1.v20140609]
	at org.eclipse.jetty.server.session.SessionHandler.doScope(SessionHandler.java:183) [jetty-server-9.2.1.v20140609.jar:9.2.1.v20140609]
	at org.eclipse.jetty.server.handler.ContextHandler.doScope(ContextHandler.java:1045) [jetty-server-9.2.1.v20140609.jar:9.2.1.v20140609]
	at org.eclipse.jetty.server.handler.ScopedHandler.handle(ScopedHandler.java:141) [jetty-server-9.2.1.v20140609.jar:9.2.1.v20140609]
	at org.eclipse.jetty.server.handler.ContextHandlerCollection.handle(ContextHandlerCollection.java:199) [jetty-server-9.2.1.v20140609.jar:9.2.1.v20140609]
	at org.eclipse.jetty.server.handler.HandlerCollection.handle(HandlerCollection.java:109) [jetty-server-9.2.1.v20140609.jar:9.2.1.v20140609]
	at org.eclipse.jetty.server.handler.HandlerWrapper.handle(HandlerWrapper.java:98) [jetty-server-9.2.1.v20140609.jar:9.2.1.v20140609]
	at org.eclipse.jetty.server.Server.handle(Server.java:461) [jetty-server-9.2.1.v20140609.jar:9.2.1.v20140609]
	at org.eclipse.jetty.server.HttpChannel.handle(HttpChannel.java:284) [jetty-server-9.2.1.v20140609.jar:9.2.1.v20140609]
	at org.eclipse.jetty.server.HttpConnection.onFillable(HttpConnection.java:244) [jetty-server-9.2.1.v20140609.jar:9.2.1.v20140609]
	at org.eclipse.jetty.io.AbstractConnection$2.run(AbstractConnection.java:534) [jetty-io-9.2.1.v20140609.jar:9.2.1.v20140609]
	at org.eclipse.jetty.util.thread.QueuedThreadPool.runJob(QueuedThreadPool.java:607) [jetty-util-9.2.1.v20140609.jar:9.2.1.v20140609]
	at org.eclipse.jetty.util.thread.QueuedThreadPool$3.run(QueuedThreadPool.java:536) [jetty-util-9.2.1.v20140609.jar:9.2.1.v20140609]
	at java.lang.Thread.run(Thread.java:745) [na:1.7.0_79]
12:15:43.016 [qtp816584759-17] ERROR c.f.s.s.impl.SceneInfoBizServiceImpl - 获取楼盘信息异常
java.lang.NullPointerException: null
	at com.flzc.service.service.impl.SceneInfoBizServiceImpl.login(SceneInfoBizServiceImpl.java:55) ~[classes/:na]
	at com.flzc.service.api.SceneInfoApi.sceneLogin(SceneInfoApi.java:63) [classes/:na]
	at sun.reflect.NativeMethodAccessorImpl.invoke0(Native Method) ~[na:1.7.0_79]
	at sun.reflect.NativeMethodAccessorImpl.invoke(NativeMethodAccessorImpl.java:57) ~[na:1.7.0_79]
	at sun.reflect.DelegatingMethodAccessorImpl.invoke(DelegatingMethodAccessorImpl.java:43) ~[na:1.7.0_79]
	at java.lang.reflect.Method.invoke(Method.java:606) ~[na:1.7.0_79]
	at com.sun.jersey.spi.container.JavaMethodInvokerFactory$1.invoke(JavaMethodInvokerFactory.java:60) [jersey-server-1.19.jar:1.19]
	at com.sun.jersey.server.impl.model.method.dispatch.AbstractResourceMethodDispatchProvider$TypeOutInvoker._dispatch(AbstractResourceMethodDispatchProvider.java:185) [jersey-server-1.19.jar:1.19]
	at com.sun.jersey.server.impl.model.method.dispatch.ResourceJavaMethodDispatcher.dispatch(ResourceJavaMethodDispatcher.java:75) [jersey-server-1.19.jar:1.19]
	at com.sun.jersey.server.impl.uri.rules.HttpMethodRule.accept(HttpMethodRule.java:302) [jersey-server-1.19.jar:1.19]
	at com.sun.jersey.server.impl.uri.rules.RightHandPathRule.accept(RightHandPathRule.java:147) [jersey-server-1.19.jar:1.19]
	at com.sun.jersey.server.impl.uri.rules.ResourceClassRule.accept(ResourceClassRule.java:108) [jersey-server-1.19.jar:1.19]
	at com.sun.jersey.server.impl.uri.rules.RightHandPathRule.accept(RightHandPathRule.java:147) [jersey-server-1.19.jar:1.19]
	at com.sun.jersey.server.impl.uri.rules.RootResourceClassesRule.accept(RootResourceClassesRule.java:84) [jersey-server-1.19.jar:1.19]
	at com.sun.jersey.server.impl.application.WebApplicationImpl._handleRequest(WebApplicationImpl.java:1542) [jersey-server-1.19.jar:1.19]
	at com.sun.jersey.server.impl.application.WebApplicationImpl._handleRequest(WebApplicationImpl.java:1473) [jersey-server-1.19.jar:1.19]
	at com.sun.jersey.server.impl.application.WebApplicationImpl.handleRequest(WebApplicationImpl.java:1419) [jersey-server-1.19.jar:1.19]
	at com.sun.jersey.server.impl.application.WebApplicationImpl.handleRequest(WebApplicationImpl.java:1409) [jersey-server-1.19.jar:1.19]
	at com.sun.jersey.spi.container.servlet.WebComponent.service(WebComponent.java:409) [jersey-servlet-1.19.jar:1.19]
	at com.sun.jersey.spi.container.servlet.ServletContainer.service(ServletContainer.java:558) [jersey-servlet-1.19.jar:1.19]
	at com.sun.jersey.spi.container.servlet.ServletContainer.service(ServletContainer.java:733) [jersey-servlet-1.19.jar:1.19]
	at javax.servlet.http.HttpServlet.service(HttpServlet.java:790) [javax.servlet-api-3.1.0.jar:3.1.0]
	at org.eclipse.jetty.servlet.ServletHolder.handle(ServletHolder.java:751) [jetty-servlet-9.2.1.v20140609.jar:9.2.1.v20140609]
	at org.eclipse.jetty.servlet.ServletHandler$CachedChain.doFilter(ServletHandler.java:1666) [jetty-servlet-9.2.1.v20140609.jar:9.2.1.v20140609]
	at org.springframework.orm.hibernate4.support.OpenSessionInViewFilter.doFilterInternal(OpenSessionInViewFilter.java:152) [spring-orm-3.2.3.RELEASE.jar:3.2.3.RELEASE]
	at org.springframework.web.filter.OncePerRequestFilter.doFilter(OncePerRequestFilter.java:107) [spring-web-3.2.3.RELEASE.jar:3.2.3.RELEASE]
	at org.eclipse.jetty.servlet.ServletHandler$CachedChain.doFilter(ServletHandler.java:1653) [jetty-servlet-9.2.1.v20140609.jar:9.2.1.v20140609]
	at org.springframework.web.filter.CharacterEncodingFilter.doFilterInternal(CharacterEncodingFilter.java:88) [spring-web-3.2.3.RELEASE.jar:3.2.3.RELEASE]
	at org.springframework.web.filter.OncePerRequestFilter.doFilter(OncePerRequestFilter.java:107) [spring-web-3.2.3.RELEASE.jar:3.2.3.RELEASE]
	at org.eclipse.jetty.servlet.ServletHandler$CachedChain.doFilter(ServletHandler.java:1645) [jetty-servlet-9.2.1.v20140609.jar:9.2.1.v20140609]
	at org.eclipse.jetty.servlet.ServletHandler.doHandle(ServletHandler.java:564) [jetty-servlet-9.2.1.v20140609.jar:9.2.1.v20140609]
	at org.eclipse.jetty.server.handler.ScopedHandler.handle(ScopedHandler.java:143) [jetty-server-9.2.1.v20140609.jar:9.2.1.v20140609]
	at org.eclipse.jetty.security.SecurityHandler.handle(SecurityHandler.java:578) [jetty-security-9.2.1.v20140609.jar:9.2.1.v20140609]
	at org.eclipse.jetty.server.session.SessionHandler.doHandle(SessionHandler.java:221) [jetty-server-9.2.1.v20140609.jar:9.2.1.v20140609]
	at org.eclipse.jetty.server.handler.ContextHandler.doHandle(ContextHandler.java:1111) [jetty-server-9.2.1.v20140609.jar:9.2.1.v20140609]
	at org.eclipse.jetty.servlet.ServletHandler.doScope(ServletHandler.java:498) [jetty-servlet-9.2.1.v20140609.jar:9.2.1.v20140609]
	at org.eclipse.jetty.server.session.SessionHandler.doScope(SessionHandler.java:183) [jetty-server-9.2.1.v20140609.jar:9.2.1.v20140609]
	at org.eclipse.jetty.server.handler.ContextHandler.doScope(ContextHandler.java:1045) [jetty-server-9.2.1.v20140609.jar:9.2.1.v20140609]
	at org.eclipse.jetty.server.handler.ScopedHandler.handle(ScopedHandler.java:141) [jetty-server-9.2.1.v20140609.jar:9.2.1.v20140609]
	at org.eclipse.jetty.server.handler.ContextHandlerCollection.handle(ContextHandlerCollection.java:199) [jetty-server-9.2.1.v20140609.jar:9.2.1.v20140609]
	at org.eclipse.jetty.server.handler.HandlerCollection.handle(HandlerCollection.java:109) [jetty-server-9.2.1.v20140609.jar:9.2.1.v20140609]
	at org.eclipse.jetty.server.handler.HandlerWrapper.handle(HandlerWrapper.java:98) [jetty-server-9.2.1.v20140609.jar:9.2.1.v20140609]
	at org.eclipse.jetty.server.Server.handle(Server.java:461) [jetty-server-9.2.1.v20140609.jar:9.2.1.v20140609]
	at org.eclipse.jetty.server.HttpChannel.handle(HttpChannel.java:284) [jetty-server-9.2.1.v20140609.jar:9.2.1.v20140609]
	at org.eclipse.jetty.server.HttpConnection.onFillable(HttpConnection.java:244) [jetty-server-9.2.1.v20140609.jar:9.2.1.v20140609]
	at org.eclipse.jetty.io.AbstractConnection$2.run(AbstractConnection.java:534) [jetty-io-9.2.1.v20140609.jar:9.2.1.v20140609]
	at org.eclipse.jetty.util.thread.QueuedThreadPool.runJob(QueuedThreadPool.java:607) [jetty-util-9.2.1.v20140609.jar:9.2.1.v20140609]
	at org.eclipse.jetty.util.thread.QueuedThreadPool$3.run(QueuedThreadPool.java:536) [jetty-util-9.2.1.v20140609.jar:9.2.1.v20140609]
	at java.lang.Thread.run(Thread.java:745) [na:1.7.0_79]
12:16:37.276 [qtp816584759-19] ERROR c.f.s.s.impl.SceneInfoBizServiceImpl - 获取楼盘信息异常
java.lang.NullPointerException: null
	at com.flzc.service.service.impl.SceneInfoBizServiceImpl.login(SceneInfoBizServiceImpl.java:55) ~[classes/:na]
	at com.flzc.service.api.SceneInfoApi.sceneLogin(SceneInfoApi.java:63) [classes/:na]
	at sun.reflect.NativeMethodAccessorImpl.invoke0(Native Method) ~[na:1.7.0_79]
	at sun.reflect.NativeMethodAccessorImpl.invoke(NativeMethodAccessorImpl.java:57) ~[na:1.7.0_79]
	at sun.reflect.DelegatingMethodAccessorImpl.invoke(DelegatingMethodAccessorImpl.java:43) ~[na:1.7.0_79]
	at java.lang.reflect.Method.invoke(Method.java:606) ~[na:1.7.0_79]
	at com.sun.jersey.spi.container.JavaMethodInvokerFactory$1.invoke(JavaMethodInvokerFactory.java:60) [jersey-server-1.19.jar:1.19]
	at com.sun.jersey.server.impl.model.method.dispatch.AbstractResourceMethodDispatchProvider$TypeOutInvoker._dispatch(AbstractResourceMethodDispatchProvider.java:185) [jersey-server-1.19.jar:1.19]
	at com.sun.jersey.server.impl.model.method.dispatch.ResourceJavaMethodDispatcher.dispatch(ResourceJavaMethodDispatcher.java:75) [jersey-server-1.19.jar:1.19]
	at com.sun.jersey.server.impl.uri.rules.HttpMethodRule.accept(HttpMethodRule.java:302) [jersey-server-1.19.jar:1.19]
	at com.sun.jersey.server.impl.uri.rules.RightHandPathRule.accept(RightHandPathRule.java:147) [jersey-server-1.19.jar:1.19]
	at com.sun.jersey.server.impl.uri.rules.ResourceClassRule.accept(ResourceClassRule.java:108) [jersey-server-1.19.jar:1.19]
	at com.sun.jersey.server.impl.uri.rules.RightHandPathRule.accept(RightHandPathRule.java:147) [jersey-server-1.19.jar:1.19]
	at com.sun.jersey.server.impl.uri.rules.RootResourceClassesRule.accept(RootResourceClassesRule.java:84) [jersey-server-1.19.jar:1.19]
	at com.sun.jersey.server.impl.application.WebApplicationImpl._handleRequest(WebApplicationImpl.java:1542) [jersey-server-1.19.jar:1.19]
	at com.sun.jersey.server.impl.application.WebApplicationImpl._handleRequest(WebApplicationImpl.java:1473) [jersey-server-1.19.jar:1.19]
	at com.sun.jersey.server.impl.application.WebApplicationImpl.handleRequest(WebApplicationImpl.java:1419) [jersey-server-1.19.jar:1.19]
	at com.sun.jersey.server.impl.application.WebApplicationImpl.handleRequest(WebApplicationImpl.java:1409) [jersey-server-1.19.jar:1.19]
	at com.sun.jersey.spi.container.servlet.WebComponent.service(WebComponent.java:409) [jersey-servlet-1.19.jar:1.19]
	at com.sun.jersey.spi.container.servlet.ServletContainer.service(ServletContainer.java:558) [jersey-servlet-1.19.jar:1.19]
	at com.sun.jersey.spi.container.servlet.ServletContainer.service(ServletContainer.java:733) [jersey-servlet-1.19.jar:1.19]
	at javax.servlet.http.HttpServlet.service(HttpServlet.java:790) [javax.servlet-api-3.1.0.jar:3.1.0]
	at org.eclipse.jetty.servlet.ServletHolder.handle(ServletHolder.java:751) [jetty-servlet-9.2.1.v20140609.jar:9.2.1.v20140609]
	at org.eclipse.jetty.servlet.ServletHandler$CachedChain.doFilter(ServletHandler.java:1666) [jetty-servlet-9.2.1.v20140609.jar:9.2.1.v20140609]
	at org.springframework.orm.hibernate4.support.OpenSessionInViewFilter.doFilterInternal(OpenSessionInViewFilter.java:152) [spring-orm-3.2.3.RELEASE.jar:3.2.3.RELEASE]
	at org.springframework.web.filter.OncePerRequestFilter.doFilter(OncePerRequestFilter.java:107) [spring-web-3.2.3.RELEASE.jar:3.2.3.RELEASE]
	at org.eclipse.jetty.servlet.ServletHandler$CachedChain.doFilter(ServletHandler.java:1653) [jetty-servlet-9.2.1.v20140609.jar:9.2.1.v20140609]
	at org.springframework.web.filter.CharacterEncodingFilter.doFilterInternal(CharacterEncodingFilter.java:88) [spring-web-3.2.3.RELEASE.jar:3.2.3.RELEASE]
	at org.springframework.web.filter.OncePerRequestFilter.doFilter(OncePerRequestFilter.java:107) [spring-web-3.2.3.RELEASE.jar:3.2.3.RELEASE]
	at org.eclipse.jetty.servlet.ServletHandler$CachedChain.doFilter(ServletHandler.java:1645) [jetty-servlet-9.2.1.v20140609.jar:9.2.1.v20140609]
	at org.eclipse.jetty.servlet.ServletHandler.doHandle(ServletHandler.java:564) [jetty-servlet-9.2.1.v20140609.jar:9.2.1.v20140609]
	at org.eclipse.jetty.server.handler.ScopedHandler.handle(ScopedHandler.java:143) [jetty-server-9.2.1.v20140609.jar:9.2.1.v20140609]
	at org.eclipse.jetty.security.SecurityHandler.handle(SecurityHandler.java:578) [jetty-security-9.2.1.v20140609.jar:9.2.1.v20140609]
	at org.eclipse.jetty.server.session.SessionHandler.doHandle(SessionHandler.java:221) [jetty-server-9.2.1.v20140609.jar:9.2.1.v20140609]
	at org.eclipse.jetty.server.handler.ContextHandler.doHandle(ContextHandler.java:1111) [jetty-server-9.2.1.v20140609.jar:9.2.1.v20140609]
	at org.eclipse.jetty.servlet.ServletHandler.doScope(ServletHandler.java:498) [jetty-servlet-9.2.1.v20140609.jar:9.2.1.v20140609]
	at org.eclipse.jetty.server.session.SessionHandler.doScope(SessionHandler.java:183) [jetty-server-9.2.1.v20140609.jar:9.2.1.v20140609]
	at org.eclipse.jetty.server.handler.ContextHandler.doScope(ContextHandler.java:1045) [jetty-server-9.2.1.v20140609.jar:9.2.1.v20140609]
	at org.eclipse.jetty.server.handler.ScopedHandler.handle(ScopedHandler.java:141) [jetty-server-9.2.1.v20140609.jar:9.2.1.v20140609]
	at org.eclipse.jetty.server.handler.ContextHandlerCollection.handle(ContextHandlerCollection.java:199) [jetty-server-9.2.1.v20140609.jar:9.2.1.v20140609]
	at org.eclipse.jetty.server.handler.HandlerCollection.handle(HandlerCollection.java:109) [jetty-server-9.2.1.v20140609.jar:9.2.1.v20140609]
	at org.eclipse.jetty.server.handler.HandlerWrapper.handle(HandlerWrapper.java:98) [jetty-server-9.2.1.v20140609.jar:9.2.1.v20140609]
	at org.eclipse.jetty.server.Server.handle(Server.java:461) [jetty-server-9.2.1.v20140609.jar:9.2.1.v20140609]
	at org.eclipse.jetty.server.HttpChannel.handle(HttpChannel.java:284) [jetty-server-9.2.1.v20140609.jar:9.2.1.v20140609]
	at org.eclipse.jetty.server.HttpConnection.onFillable(HttpConnection.java:244) [jetty-server-9.2.1.v20140609.jar:9.2.1.v20140609]
	at org.eclipse.jetty.io.AbstractConnection$2.run(AbstractConnection.java:534) [jetty-io-9.2.1.v20140609.jar:9.2.1.v20140609]
	at org.eclipse.jetty.util.thread.QueuedThreadPool.runJob(QueuedThreadPool.java:607) [jetty-util-9.2.1.v20140609.jar:9.2.1.v20140609]
	at org.eclipse.jetty.util.thread.QueuedThreadPool$3.run(QueuedThreadPool.java:536) [jetty-util-9.2.1.v20140609.jar:9.2.1.v20140609]
	at java.lang.Thread.run(Thread.java:745) [na:1.7.0_79]
12:21:36.830 [qtp816584759-19] ERROR c.f.s.s.impl.SceneInfoBizServiceImpl - 获取楼盘信息异常
java.lang.NullPointerException: null
	at com.flzc.service.service.impl.SceneInfoBizServiceImpl.login(SceneInfoBizServiceImpl.java:55) ~[classes/:na]
	at com.flzc.service.api.SceneInfoApi.sceneLogin(SceneInfoApi.java:63) [classes/:na]
	at sun.reflect.NativeMethodAccessorImpl.invoke0(Native Method) ~[na:1.7.0_79]
	at sun.reflect.NativeMethodAccessorImpl.invoke(NativeMethodAccessorImpl.java:57) ~[na:1.7.0_79]
	at sun.reflect.DelegatingMethodAccessorImpl.invoke(DelegatingMethodAccessorImpl.java:43) ~[na:1.7.0_79]
	at java.lang.reflect.Method.invoke(Method.java:606) ~[na:1.7.0_79]
	at com.sun.jersey.spi.container.JavaMethodInvokerFactory$1.invoke(JavaMethodInvokerFactory.java:60) [jersey-server-1.19.jar:1.19]
	at com.sun.jersey.server.impl.model.method.dispatch.AbstractResourceMethodDispatchProvider$TypeOutInvoker._dispatch(AbstractResourceMethodDispatchProvider.java:185) [jersey-server-1.19.jar:1.19]
	at com.sun.jersey.server.impl.model.method.dispatch.ResourceJavaMethodDispatcher.dispatch(ResourceJavaMethodDispatcher.java:75) [jersey-server-1.19.jar:1.19]
	at com.sun.jersey.server.impl.uri.rules.HttpMethodRule.accept(HttpMethodRule.java:302) [jersey-server-1.19.jar:1.19]
	at com.sun.jersey.server.impl.uri.rules.RightHandPathRule.accept(RightHandPathRule.java:147) [jersey-server-1.19.jar:1.19]
	at com.sun.jersey.server.impl.uri.rules.ResourceClassRule.accept(ResourceClassRule.java:108) [jersey-server-1.19.jar:1.19]
	at com.sun.jersey.server.impl.uri.rules.RightHandPathRule.accept(RightHandPathRule.java:147) [jersey-server-1.19.jar:1.19]
	at com.sun.jersey.server.impl.uri.rules.RootResourceClassesRule.accept(RootResourceClassesRule.java:84) [jersey-server-1.19.jar:1.19]
	at com.sun.jersey.server.impl.application.WebApplicationImpl._handleRequest(WebApplicationImpl.java:1542) [jersey-server-1.19.jar:1.19]
	at com.sun.jersey.server.impl.application.WebApplicationImpl._handleRequest(WebApplicationImpl.java:1473) [jersey-server-1.19.jar:1.19]
	at com.sun.jersey.server.impl.application.WebApplicationImpl.handleRequest(WebApplicationImpl.java:1419) [jersey-server-1.19.jar:1.19]
	at com.sun.jersey.server.impl.application.WebApplicationImpl.handleRequest(WebApplicationImpl.java:1409) [jersey-server-1.19.jar:1.19]
	at com.sun.jersey.spi.container.servlet.WebComponent.service(WebComponent.java:409) [jersey-servlet-1.19.jar:1.19]
	at com.sun.jersey.spi.container.servlet.ServletContainer.service(ServletContainer.java:558) [jersey-servlet-1.19.jar:1.19]
	at com.sun.jersey.spi.container.servlet.ServletContainer.service(ServletContainer.java:733) [jersey-servlet-1.19.jar:1.19]
	at javax.servlet.http.HttpServlet.service(HttpServlet.java:790) [javax.servlet-api-3.1.0.jar:3.1.0]
	at org.eclipse.jetty.servlet.ServletHolder.handle(ServletHolder.java:751) [jetty-servlet-9.2.1.v20140609.jar:9.2.1.v20140609]
	at org.eclipse.jetty.servlet.ServletHandler$CachedChain.doFilter(ServletHandler.java:1666) [jetty-servlet-9.2.1.v20140609.jar:9.2.1.v20140609]
	at org.springframework.orm.hibernate4.support.OpenSessionInViewFilter.doFilterInternal(OpenSessionInViewFilter.java:152) [spring-orm-3.2.3.RELEASE.jar:3.2.3.RELEASE]
	at org.springframework.web.filter.OncePerRequestFilter.doFilter(OncePerRequestFilter.java:107) [spring-web-3.2.3.RELEASE.jar:3.2.3.RELEASE]
	at org.eclipse.jetty.servlet.ServletHandler$CachedChain.doFilter(ServletHandler.java:1653) [jetty-servlet-9.2.1.v20140609.jar:9.2.1.v20140609]
	at org.springframework.web.filter.CharacterEncodingFilter.doFilterInternal(CharacterEncodingFilter.java:88) [spring-web-3.2.3.RELEASE.jar:3.2.3.RELEASE]
	at org.springframework.web.filter.OncePerRequestFilter.doFilter(OncePerRequestFilter.java:107) [spring-web-3.2.3.RELEASE.jar:3.2.3.RELEASE]
	at org.eclipse.jetty.servlet.ServletHandler$CachedChain.doFilter(ServletHandler.java:1645) [jetty-servlet-9.2.1.v20140609.jar:9.2.1.v20140609]
	at org.eclipse.jetty.servlet.ServletHandler.doHandle(ServletHandler.java:564) [jetty-servlet-9.2.1.v20140609.jar:9.2.1.v20140609]
	at org.eclipse.jetty.server.handler.ScopedHandler.handle(ScopedHandler.java:143) [jetty-server-9.2.1.v20140609.jar:9.2.1.v20140609]
	at org.eclipse.jetty.security.SecurityHandler.handle(SecurityHandler.java:578) [jetty-security-9.2.1.v20140609.jar:9.2.1.v20140609]
	at org.eclipse.jetty.server.session.SessionHandler.doHandle(SessionHandler.java:221) [jetty-server-9.2.1.v20140609.jar:9.2.1.v20140609]
	at org.eclipse.jetty.server.handler.ContextHandler.doHandle(ContextHandler.java:1111) [jetty-server-9.2.1.v20140609.jar:9.2.1.v20140609]
	at org.eclipse.jetty.servlet.ServletHandler.doScope(ServletHandler.java:498) [jetty-servlet-9.2.1.v20140609.jar:9.2.1.v20140609]
	at org.eclipse.jetty.server.session.SessionHandler.doScope(SessionHandler.java:183) [jetty-server-9.2.1.v20140609.jar:9.2.1.v20140609]
	at org.eclipse.jetty.server.handler.ContextHandler.doScope(ContextHandler.java:1045) [jetty-server-9.2.1.v20140609.jar:9.2.1.v20140609]
	at org.eclipse.jetty.server.handler.ScopedHandler.handle(ScopedHandler.java:141) [jetty-server-9.2.1.v20140609.jar:9.2.1.v20140609]
	at org.eclipse.jetty.server.handler.ContextHandlerCollection.handle(ContextHandlerCollection.java:199) [jetty-server-9.2.1.v20140609.jar:9.2.1.v20140609]
	at org.eclipse.jetty.server.handler.HandlerCollection.handle(HandlerCollection.java:109) [jetty-server-9.2.1.v20140609.jar:9.2.1.v20140609]
	at org.eclipse.jetty.server.handler.HandlerWrapper.handle(HandlerWrapper.java:98) [jetty-server-9.2.1.v20140609.jar:9.2.1.v20140609]
	at org.eclipse.jetty.server.Server.handle(Server.java:461) [jetty-server-9.2.1.v20140609.jar:9.2.1.v20140609]
	at org.eclipse.jetty.server.HttpChannel.handle(HttpChannel.java:284) [jetty-server-9.2.1.v20140609.jar:9.2.1.v20140609]
	at org.eclipse.jetty.server.HttpConnection.onFillable(HttpConnection.java:244) [jetty-server-9.2.1.v20140609.jar:9.2.1.v20140609]
	at org.eclipse.jetty.io.AbstractConnection$2.run(AbstractConnection.java:534) [jetty-io-9.2.1.v20140609.jar:9.2.1.v20140609]
	at org.eclipse.jetty.util.thread.QueuedThreadPool.runJob(QueuedThreadPool.java:607) [jetty-util-9.2.1.v20140609.jar:9.2.1.v20140609]
	at org.eclipse.jetty.util.thread.QueuedThreadPool$3.run(QueuedThreadPool.java:536) [jetty-util-9.2.1.v20140609.jar:9.2.1.v20140609]
	at java.lang.Thread.run(Thread.java:745) [na:1.7.0_79]
17:51:00.819 [main] INFO  o.s.web.context.ContextLoader - Root WebApplicationContext: initialization started
17:51:00.888 [main] INFO  o.s.w.c.s.XmlWebApplicationContext - Refreshing Root WebApplicationContext: startup date [Wed Nov 25 17:51:00 CST 2015]; root of context hierarchy
17:51:00.932 [main] INFO  o.s.b.f.xml.XmlBeanDefinitionReader - Loading XML bean definitions from class path resource [config/applicationContext.xml]
17:51:01.074 [main] INFO  o.s.c.a.ClassPathBeanDefinitionScanner - JSR-250 'javax.annotation.ManagedBean' found and supported for component scanning
17:51:01.076 [main] INFO  o.s.c.a.ClassPathBeanDefinitionScanner - JSR-330 'javax.inject.Named' annotation found and supported for component scanning
17:51:01.367 [main] INFO  o.s.b.f.xml.XmlBeanDefinitionReader - Loading XML bean definitions from file [D:\project\mavenproject\scene.service.flzc.com\scene-service-flzc-war\target\com.flzc.scene.service.war-1.0-SNAPSHOT\WEB-INF\classes\config\spring\spring-dao.xml]
17:51:01.424 [main] INFO  o.s.b.f.xml.XmlBeanDefinitionReader - Loading XML bean definitions from file [D:\project\mavenproject\scene.service.flzc.com\scene-service-flzc-war\target\com.flzc.scene.service.war-1.0-SNAPSHOT\WEB-INF\classes\config\spring\spring-dubbo-consumer.xml]
17:51:01.572 [main] INFO  o.s.b.f.xml.XmlBeanDefinitionReader - Loading XML bean definitions from URL [jar:file:/D:/project/mavenproject/scene.service.flzc.com/scene-service-flzc-war/target/com.flzc.scene.service.war-1.0-SNAPSHOT/WEB-INF/lib/com.flzc.base-1.0-SNAPSHOT.jar!/spring-memcache.xml]
17:51:01.789 [main] INFO  o.s.b.f.c.PropertyPlaceholderConfigurer - Loading properties file from file [D:\project\mavenproject\scene.service.flzc.com\scene-service-flzc-war\target\com.flzc.scene.service.war-1.0-SNAPSHOT\WEB-INF\classes\config\config.properties]
17:51:01.790 [main] INFO  o.s.b.f.c.PropertyPlaceholderConfigurer - Loading properties file from file [D:\project\mavenproject\scene.service.flzc.com\scene-service-flzc-war\target\com.flzc.scene.service.war-1.0-SNAPSHOT\WEB-INF\classes\config\datasource.properties]
17:51:01.803 [main] INFO  o.s.b.f.a.AutowiredAnnotationBeanPostProcessor - JSR-330 'javax.inject.Inject' annotation found and supported for autowiring
17:51:01.892 [main] INFO  o.s.b.f.s.DefaultListableBeanFactory - Pre-instantiating singletons in org.springframework.beans.factory.support.DefaultListableBeanFactory@7add0c2f: defining beans [sceneDealApi,sceneFeedbackApi,sceneFilingApi,sceneInfoApi,authenticateService,sceneDealBizServiceImpl,sceneFeedbackBizServiceImpl,sceneFilingBizServiceImpl,sceneInfoBizServiceImpl,baseDaoImpl,commonDao,baseServiceImpl,commonService,addressServiceImpl,systemDicServiceImpl,org.springframework.context.annotation.internalConfigurationAnnotationProcessor,org.springframework.context.annotation.internalAutowiredAnnotationProcessor,org.springframework.context.annotation.internalRequiredAnnotationProcessor,org.springframework.context.annotation.internalCommonAnnotationProcessor,org.springframework.context.annotation.internalPersistenceAnnotationProcessor,org.springframework.aop.config.internalAutoProxyCreator,org.springframework.beans.factory.config.PropertyPlaceholderConfigurer#0,parentDataSource,masterDataSource,slaveDataSource,dataSource,sessionFactory,transactionManager,txAdvice,flzc-scene-service-consumer_sbw,dubbo,com.alibaba.dubbo.config.RegistryConfig,sceneFilingService,sceneInfoService,houseBuildingService,sceneFeedbackService,sceneInvalidReasonService,sceneVisitService,sceneMissReasonService,sceneDealService,sceneDealImgService,fileUploadService,memcachedClient,cacheInit,org.springframework.context.annotation.ConfigurationClassPostProcessor.importAwareProcessor]; root of factory hierarchy
17:51:06.006 [main] INFO  o.s.o.h.HibernateTransactionManager - Using DataSource [com.flzc.base.aop.DynamicDataSource@46c70d5a] of Hibernate SessionFactory for HibernateTransactionManager
17:51:06.074 [main] WARN  n.r.xmemcached.XMemcachedClient - XMemcachedClient is using Binary protocol
17:51:06.115 [main] INFO  c.g.c.y.nio.impl.SelectorManager - Creating 8 reactors...
17:51:06.131 [main] WARN  c.g.c.y.core.impl.AbstractController - The Controller started at localhost/127.0.0.1:0 ...
17:51:06.132 [main] WARN  n.r.xmemcached.XMemcachedClient - You are using connection pool for xmemcached client,it's not recommended unless you have test it that it can boost performance in your app.
17:51:06.145 [Xmemcached-Reactor-0] WARN  c.g.c.y.core.impl.AbstractController - Add a session: 192.168.10.101:10001
17:51:06.149 [Xmemcached-Reactor-0] WARN  c.g.c.y.core.impl.AbstractController - Add a session: 192.168.10.101:10001
17:51:06.153 [Xmemcached-Reactor-0] WARN  c.g.c.y.core.impl.AbstractController - Add a session: 192.168.10.101:10001
17:51:06.157 [Xmemcached-Reactor-0] WARN  c.g.c.y.core.impl.AbstractController - Add a session: 192.168.10.101:10001
17:51:06.162 [Xmemcached-Reactor-0] WARN  c.g.c.y.core.impl.AbstractController - Add a session: 192.168.10.101:10001
17:51:06.171 [main] INFO  o.s.web.context.ContextLoader - Root WebApplicationContext: initialization completed in 5349 ms
17:51:07.199 [main] INFO  o.s.web.servlet.DispatcherServlet - FrameworkServlet 'action': initialization started
17:51:07.206 [main] INFO  o.s.w.c.s.XmlWebApplicationContext - Refreshing WebApplicationContext for namespace 'action-servlet': startup date [Wed Nov 25 17:51:07 CST 2015]; parent: Root WebApplicationContext
17:51:07.207 [main] INFO  o.s.b.f.xml.XmlBeanDefinitionReader - Loading XML bean definitions from URL [file:/D:/project/mavenproject/scene.service.flzc.com/scene-service-flzc-war/target/com.flzc.scene.service.war-1.0-SNAPSHOT/WEB-INF/classes/config/spring-mvc.xml]
17:51:07.259 [main] INFO  o.s.c.a.ClassPathBeanDefinitionScanner - JSR-250 'javax.annotation.ManagedBean' found and supported for component scanning
17:51:07.260 [main] INFO  o.s.c.a.ClassPathBeanDefinitionScanner - JSR-330 'javax.inject.Named' annotation found and supported for component scanning
17:51:07.295 [main] INFO  o.s.b.f.a.AutowiredAnnotationBeanPostProcessor - JSR-330 'javax.inject.Inject' annotation found and supported for autowiring
17:51:07.301 [main] INFO  o.s.b.f.s.DefaultListableBeanFactory - Pre-instantiating singletons in org.springframework.beans.factory.support.DefaultListableBeanFactory@42b3bc60: defining beans [org.springframework.context.annotation.internalConfigurationAnnotationProcessor,org.springframework.context.annotation.internalAutowiredAnnotationProcessor,org.springframework.context.annotation.internalRequiredAnnotationProcessor,org.springframework.context.annotation.internalCommonAnnotationProcessor,org.springframework.context.annotation.internalPersistenceAnnotationProcessor,org.springframework.web.servlet.mvc.annotation.DefaultAnnotationHandlerMapping#0,org.springframework.web.servlet.mvc.annotation.AnnotationMethodHandlerAdapter#0,stringHttpMessageConverter,jsonHttpMessageConverter,org.springframework.web.servlet.view.InternalResourceViewResolver#0,multipartResolver,exceptionResolver,org.springframework.context.annotation.ConfigurationClassPostProcessor.importAwareProcessor]; parent: org.springframework.beans.factory.support.DefaultListableBeanFactory@7add0c2f
17:51:07.832 [main] INFO  o.s.web.servlet.DispatcherServlet - FrameworkServlet 'action': initialization completed in 632 ms
18:29:45.697 [qtp598255134-21] ERROR com.flzc.service.api.SceneInfoApi - Zmx6Yy1TRUNURVQ6MTQ0Nzk4NzAzOTox   18201334790
18:29:45.697 [qtp598255134-16] ERROR com.flzc.service.api.SceneInfoApi - Zmx6Yy1TRUNURVQ6MTQ0Nzk4NzAzOTox   18201334790
18:31:13.825 [qtp598255134-15] ERROR com.flzc.service.api.SceneInfoApi - Zmx6Yy1TRUNURVQ6MTQ0Nzk4NzAzOTox   18201334790
18:31:13.825 [qtp598255134-16] ERROR com.flzc.service.api.SceneInfoApi - Zmx6Yy1TRUNURVQ6MTQ0Nzk4NzAzOTox   18201334790
18:31:13.827 [qtp598255134-21] ERROR com.flzc.service.api.SceneInfoApi - Zmx6Yy1TRUNURVQ6MTQ0Nzk4NzAzOTox   18201334790
18:31:30.021 [qtp598255134-69] ERROR com.flzc.service.api.SceneInfoApi - Zmx6Yy1TRUNURVQ6MTQ0Nzk4NzAzOTox   18201334790
18:31:30.024 [qtp598255134-72] ERROR com.flzc.service.api.SceneInfoApi - Zmx6Yy1TRUNURVQ6MTQ0Nzk4NzAzOTox   18201334790
18:31:30.046 [qtp598255134-73] ERROR com.flzc.service.api.SceneInfoApi - Zmx6Yy1TRUNURVQ6MTQ0Nzk4NzAzOTox   18201334790
18:51:43.063 [qtp598255134-21] ERROR com.flzc.service.api.SceneInfoApi - Zmx6Yy1TRUNURVQ6MTQ0Nzk4NzAzOTox   18201334790
18:53:18.614 [qtp598255134-16] ERROR com.flzc.service.api.SceneInfoApi - dsfrgrr   FLKF123
18:53:35.491 [qtp598255134-16] ERROR com.flzc.service.api.SceneInfoApi - Zmx6Yy1TRUNURVQ6MTQ0ODQ0NzA0Nzoz   18201334790
18:53:39.990 [qtp598255134-15] ERROR com.flzc.service.api.SceneInfoApi - Zmx6Yy1TRUNURVQ6MTQ0ODQ0NzA0Nzoz   18201334790
18:59:04.641 [qtp598255134-96] ERROR com.flzc.service.api.SceneInfoApi - dsfrgrr   FLKF123
18:59:16.820 [qtp598255134-16] ERROR com.flzc.service.api.SceneInfoApi - Zmx6Yy1TRUNURVQ6MTQ0ODQ0NzA0Nzoz   18201334790
18:59:26.034 [qtp598255134-15] ERROR com.flzc.service.api.SceneInfoApi - Zmx6Yy1TRUNURVQ6MTQ0ODQ0NzA0Nzoz   18201334790
20:30:50.938 [qtp27758523-16] ERROR com.flzc.service.api.SceneInfoApi - dsfrgrr   FLKF123
20:31:03.285 [qtp27758523-22] ERROR com.flzc.service.api.SceneInfoApi - Zmx6Yy1TRUNURVQ6MTQ0ODQ0NzA0Nzoz   18201334790
20:32:57.353 [qtp27758523-22] ERROR com.flzc.service.api.SceneInfoApi - null     18201334790     633058    121212
20:35:10.394 [qtp27758523-21] ERROR com.flzc.service.api.SceneInfoApi - Zmx6Yy1TRUNURVQ6MTQ0ODQ0NzA0Nzoz     18201334790     633058    121212
20:35:56.186 [qtp27758523-22] ERROR com.flzc.service.api.SceneInfoApi - Zmx6Yy1TRUNURVQ6MTQ0ODQ0NzA0Nzoz     18201334790     633058    121212
20:42:10.645 [qtp1302559230-15] ERROR com.flzc.service.api.SceneInfoApi - Zmx6Yy1TRUNURVQ6MTQ0ODQ0NzA0Nzoz     18201334790     633058    121212
20:43:08.776 [qtp1302559230-15] ERROR com.flzc.service.api.SceneInfoApi - Zmx6Yy1TRUNURVQ6MTQ0ODQ0NzA0Nzoz   18201334790
20:43:31.845 [qtp1302559230-20] ERROR com.flzc.service.api.SceneInfoApi - Zmx6Yy1TRUNURVQ6MTQ0ODQ0NzA0Nzoz     18201334790     945232    121212
20:46:14.374 [qtp1302559230-20] ERROR com.flzc.service.api.SceneFilingApi - Zmx6Yy1TRUNURVQ6MTQ0ODQ0NzA0Nzoz    1
20:46:46.369 [qtp1302559230-15] ERROR com.flzc.service.api.SceneFilingApi - Zmx6Yy1TRUNURVQ6MTQ0ODQ0NzA0Nzoz    1
20:49:44.941 [qtp1302559230-21] ERROR com.flzc.service.api.SceneFilingApi - Zmx6Yy1TRUNURVQ6MTQ0ODQ0NzA0Nzoz    1
20:50:05.281 [qtp1302559230-15] ERROR com.flzc.service.api.SceneFilingApi - Zmx6Yy1TRUNURVQ6MTQ0ODQ0NzA0Nzoz    1
20:56:34.051 [qtp1993716258-20] ERROR com.flzc.service.api.SceneFilingApi - Zmx6Yy1TRUNURVQ6MTQ0ODQ0NzA0Nzoz    1
20:57:28.863 [qtp1993716258-20] ERROR com.flzc.service.api.SceneInfoApi - dsfrgrr   FLKF123
20:58:53.667 [qtp921328496-15] ERROR com.flzc.service.api.SceneFilingApi - Zmx6Yy1TRUNURVQ6MTQ0ODQ0NzA0Nzoz    1
21:01:01.611 [qtp921328496-20] ERROR com.flzc.service.api.SceneInfoApi - dsfrgrr   FLKF123
21:01:06.063 [qtp921328496-21] ERROR com.flzc.service.api.SceneInfoApi - dsfrgrr   FLKF123
21:01:25.189 [qtp921328496-21] ERROR com.flzc.service.api.SceneInfoApi - Zmx6Yy1TRUNURVQ6MTQ0ODQ0NzA0Nzoz   18201334790
21:01:59.773 [qtp921328496-20] ERROR com.flzc.service.api.SceneInfoApi - Zmx6Yy1TRUNURVQ6MTQ0ODQ0NzA0Nzoz   18201334790
21:05:04.627 [qtp921328496-20] ERROR com.flzc.service.api.SceneInfoApi - Zmx6Yy1TRUNURVQ6MTQ0ODQ0NzA0Nzoz   18201334790
21:05:05.044 [qtp921328496-15] ERROR com.flzc.service.api.SceneInfoApi - Zmx6Yy1TRUNURVQ6MTQ0ODQ0NzA0Nzoz   18201334790
21:09:50.848 [qtp921328496-15] ERROR com.flzc.service.api.SceneInfoApi - dsfrgrr   FLKF123
21:09:50.849 [qtp921328496-20] ERROR com.flzc.service.api.SceneInfoApi - dsfrgrr   FLKF123
21:09:50.849 [qtp921328496-21] ERROR com.flzc.service.api.SceneInfoApi - dsfrgrr   FLKF123
21:09:50.854 [qtp921328496-82] ERROR com.flzc.service.api.SceneInfoApi - dsfrgrr   FLKF123
21:09:50.861 [qtp921328496-80] ERROR com.flzc.service.api.SceneInfoApi - dsfrgrr   FLKF123
21:10:07.271 [qtp921328496-15] ERROR com.flzc.service.api.SceneInfoApi - Zmx6Yy1TRUNURVQ6MTQ0ODQ0NzA0Nzoz   18201334790
21:10:07.271 [qtp921328496-82] ERROR com.flzc.service.api.SceneInfoApi - Zmx6Yy1TRUNURVQ6MTQ0ODQ0NzA0Nzoz   18201334790
21:22:31.675 [qtp1152441027-17] ERROR com.flzc.service.api.SceneInfoApi - dsfrgrr   FLKF123
21:25:17.600 [qtp891452764-17] ERROR com.flzc.service.api.SceneInfoApi - Zmx6Yy1TRUNURVQ6MTQ0ODQ0NzA0Nzoz   18201334790
21:26:38.780 [qtp891452764-16] ERROR com.flzc.service.api.SceneInfoApi - null     18201334790     097967    147147
21:30:07.946 [qtp891452764-16] ERROR com.flzc.service.api.SceneInfoApi - null     18201334790     097967    147147
21:33:27.771 [qtp13477729-16] ERROR com.flzc.service.api.SceneFilingApi - Zmx6Yy1TRUNURVQ6MTQ0ODQ0NzA0Nzoz    1
21:33:48.156 [qtp13477729-16] ERROR com.flzc.service.api.SceneInfoApi - null     18201334790     097967    147147
21:36:45.716 [qtp13477729-22] ERROR com.flzc.service.api.SceneInfoApi - null     18201334790     097967    147147
21:39:30.564 [qtp13477729-16] ERROR com.flzc.service.api.SceneInfoApi - null     18201334790     097967    147147
21:40:36.021 [qtp13477729-20] ERROR com.flzc.service.api.SceneInfoApi - dsfrgrr   FLKF123
21:40:48.077 [qtp13477729-22] ERROR com.flzc.service.api.SceneInfoApi - Zmx6Yy1TRUNURVQ6MTQ0ODQ0NzA0Nzoz   18201334790
21:41:31.406 [qtp13477729-16] ERROR com.flzc.service.api.SceneInfoApi - Zmx6Yy1TRUNURVQ6MTQ0ODQ0NzA0Nzoz     18201334790     970900    147147
21:49:38.495 [qtp13477729-20] ERROR com.flzc.service.api.SceneInfoApi - dsfrgrr   FLKF123
21:49:50.451 [qtp13477729-22] ERROR com.flzc.service.api.SceneInfoApi - Zmx6Yy1TRUNURVQ6MTQ0ODQ0NzA0Nzoz   18201334790
21:49:55.186 [qtp13477729-16] ERROR c.f.s.s.i.SceneFilingBizServiceImpl - 后台服务异常
com.flzc.service.exception.SceneException: null
	at com.flzc.service.service.impl.SceneFilingBizServiceImpl.filingValid(SceneFilingBizServiceImpl.java:100) ~[classes/:na]
	at com.flzc.service.api.SceneFilingApi.validOrInvalid(SceneFilingApi.java:208) [classes/:na]
	at sun.reflect.NativeMethodAccessorImpl.invoke0(Native Method) ~[na:1.7.0_79]
	at sun.reflect.NativeMethodAccessorImpl.invoke(NativeMethodAccessorImpl.java:57) ~[na:1.7.0_79]
	at sun.reflect.DelegatingMethodAccessorImpl.invoke(DelegatingMethodAccessorImpl.java:43) ~[na:1.7.0_79]
	at java.lang.reflect.Method.invoke(Method.java:606) ~[na:1.7.0_79]
	at com.sun.jersey.spi.container.JavaMethodInvokerFactory$1.invoke(JavaMethodInvokerFactory.java:60) [jersey-server-1.19.jar:1.19]
	at com.sun.jersey.server.impl.model.method.dispatch.AbstractResourceMethodDispatchProvider$TypeOutInvoker._dispatch(AbstractResourceMethodDispatchProvider.java:185) [jersey-server-1.19.jar:1.19]
	at com.sun.jersey.server.impl.model.method.dispatch.ResourceJavaMethodDispatcher.dispatch(ResourceJavaMethodDispatcher.java:75) [jersey-server-1.19.jar:1.19]
	at com.sun.jersey.server.impl.uri.rules.HttpMethodRule.accept(HttpMethodRule.java:302) [jersey-server-1.19.jar:1.19]
	at com.sun.jersey.server.impl.uri.rules.RightHandPathRule.accept(RightHandPathRule.java:147) [jersey-server-1.19.jar:1.19]
	at com.sun.jersey.server.impl.uri.rules.ResourceClassRule.accept(ResourceClassRule.java:108) [jersey-server-1.19.jar:1.19]
	at com.sun.jersey.server.impl.uri.rules.RightHandPathRule.accept(RightHandPathRule.java:147) [jersey-server-1.19.jar:1.19]
	at com.sun.jersey.server.impl.uri.rules.RootResourceClassesRule.accept(RootResourceClassesRule.java:84) [jersey-server-1.19.jar:1.19]
	at com.sun.jersey.server.impl.application.WebApplicationImpl._handleRequest(WebApplicationImpl.java:1542) [jersey-server-1.19.jar:1.19]
	at com.sun.jersey.server.impl.application.WebApplicationImpl._handleRequest(WebApplicationImpl.java:1473) [jersey-server-1.19.jar:1.19]
	at com.sun.jersey.server.impl.application.WebApplicationImpl.handleRequest(WebApplicationImpl.java:1419) [jersey-server-1.19.jar:1.19]
	at com.sun.jersey.server.impl.application.WebApplicationImpl.handleRequest(WebApplicationImpl.java:1409) [jersey-server-1.19.jar:1.19]
	at com.sun.jersey.spi.container.servlet.WebComponent.service(WebComponent.java:409) [jersey-servlet-1.19.jar:1.19]
	at com.sun.jersey.spi.container.servlet.ServletContainer.service(ServletContainer.java:558) [jersey-servlet-1.19.jar:1.19]
	at com.sun.jersey.spi.container.servlet.ServletContainer.service(ServletContainer.java:733) [jersey-servlet-1.19.jar:1.19]
	at javax.servlet.http.HttpServlet.service(HttpServlet.java:790) [javax.servlet-api-3.1.0.jar:3.1.0]
	at org.eclipse.jetty.servlet.ServletHolder.handle(ServletHolder.java:751) [jetty-servlet-9.2.1.v20140609.jar:9.2.1.v20140609]
	at org.eclipse.jetty.servlet.ServletHandler$CachedChain.doFilter(ServletHandler.java:1666) [jetty-servlet-9.2.1.v20140609.jar:9.2.1.v20140609]
	at org.springframework.orm.hibernate4.support.OpenSessionInViewFilter.doFilterInternal(OpenSessionInViewFilter.java:152) [spring-orm-3.2.3.RELEASE.jar:3.2.3.RELEASE]
	at org.springframework.web.filter.OncePerRequestFilter.doFilter(OncePerRequestFilter.java:107) [spring-web-3.2.3.RELEASE.jar:3.2.3.RELEASE]
	at org.eclipse.jetty.servlet.ServletHandler$CachedChain.doFilter(ServletHandler.java:1653) [jetty-servlet-9.2.1.v20140609.jar:9.2.1.v20140609]
	at com.flzc.service.filter.MyFilter.doFilter(MyFilter.java:45) [classes/:na]
	at org.eclipse.jetty.servlet.ServletHandler$CachedChain.doFilter(ServletHandler.java:1653) [jetty-servlet-9.2.1.v20140609.jar:9.2.1.v20140609]
	at org.springframework.web.filter.CharacterEncodingFilter.doFilterInternal(CharacterEncodingFilter.java:88) [spring-web-3.2.3.RELEASE.jar:3.2.3.RELEASE]
	at org.springframework.web.filter.OncePerRequestFilter.doFilter(OncePerRequestFilter.java:107) [spring-web-3.2.3.RELEASE.jar:3.2.3.RELEASE]
	at org.eclipse.jetty.servlet.ServletHandler$CachedChain.doFilter(ServletHandler.java:1645) [jetty-servlet-9.2.1.v20140609.jar:9.2.1.v20140609]
	at org.eclipse.jetty.servlet.ServletHandler.doHandle(ServletHandler.java:564) [jetty-servlet-9.2.1.v20140609.jar:9.2.1.v20140609]
	at org.eclipse.jetty.server.handler.ScopedHandler.handle(ScopedHandler.java:143) [jetty-server-9.2.1.v20140609.jar:9.2.1.v20140609]
	at org.eclipse.jetty.security.SecurityHandler.handle(SecurityHandler.java:578) [jetty-security-9.2.1.v20140609.jar:9.2.1.v20140609]
	at org.eclipse.jetty.server.session.SessionHandler.doHandle(SessionHandler.java:221) [jetty-server-9.2.1.v20140609.jar:9.2.1.v20140609]
	at org.eclipse.jetty.server.handler.ContextHandler.doHandle(ContextHandler.java:1111) [jetty-server-9.2.1.v20140609.jar:9.2.1.v20140609]
	at org.eclipse.jetty.servlet.ServletHandler.doScope(ServletHandler.java:498) [jetty-servlet-9.2.1.v20140609.jar:9.2.1.v20140609]
	at org.eclipse.jetty.server.session.SessionHandler.doScope(SessionHandler.java:183) [jetty-server-9.2.1.v20140609.jar:9.2.1.v20140609]
	at org.eclipse.jetty.server.handler.ContextHandler.doScope(ContextHandler.java:1045) [jetty-server-9.2.1.v20140609.jar:9.2.1.v20140609]
	at org.eclipse.jetty.server.handler.ScopedHandler.handle(ScopedHandler.java:141) [jetty-server-9.2.1.v20140609.jar:9.2.1.v20140609]
	at org.eclipse.jetty.server.handler.ContextHandlerCollection.handle(ContextHandlerCollection.java:199) [jetty-server-9.2.1.v20140609.jar:9.2.1.v20140609]
	at org.eclipse.jetty.server.handler.HandlerCollection.handle(HandlerCollection.java:109) [jetty-server-9.2.1.v20140609.jar:9.2.1.v20140609]
	at org.eclipse.jetty.server.handler.HandlerWrapper.handle(HandlerWrapper.java:98) [jetty-server-9.2.1.v20140609.jar:9.2.1.v20140609]
	at org.eclipse.jetty.server.Server.handle(Server.java:461) [jetty-server-9.2.1.v20140609.jar:9.2.1.v20140609]
	at org.eclipse.jetty.server.HttpChannel.handle(HttpChannel.java:284) [jetty-server-9.2.1.v20140609.jar:9.2.1.v20140609]
	at org.eclipse.jetty.server.HttpConnection.onFillable(HttpConnection.java:244) [jetty-server-9.2.1.v20140609.jar:9.2.1.v20140609]
	at org.eclipse.jetty.io.AbstractConnection$2.run(AbstractConnection.java:534) [jetty-io-9.2.1.v20140609.jar:9.2.1.v20140609]
	at org.eclipse.jetty.util.thread.QueuedThreadPool.runJob(QueuedThreadPool.java:607) [jetty-util-9.2.1.v20140609.jar:9.2.1.v20140609]
	at org.eclipse.jetty.util.thread.QueuedThreadPool$3.run(QueuedThreadPool.java:536) [jetty-util-9.2.1.v20140609.jar:9.2.1.v20140609]
	at java.lang.Thread.run(Thread.java:745) [na:1.7.0_79]
21:51:01.814 [qtp13477729-22] ERROR com.flzc.service.api.SceneInfoApi - tokenId     18201334790     028712    123123
21:53:56.579 [qtp13477729-16] ERROR c.f.s.s.i.SceneFilingBizServiceImpl - 后台服务异常
com.flzc.service.exception.SceneException: null
	at com.flzc.service.service.impl.SceneFilingBizServiceImpl.filingValid(SceneFilingBizServiceImpl.java:100) ~[classes/:na]
	at com.flzc.service.api.SceneFilingApi.validOrInvalid(SceneFilingApi.java:208) [classes/:na]
	at sun.reflect.NativeMethodAccessorImpl.invoke0(Native Method) ~[na:1.7.0_79]
	at sun.reflect.NativeMethodAccessorImpl.invoke(NativeMethodAccessorImpl.java:57) ~[na:1.7.0_79]
	at sun.reflect.DelegatingMethodAccessorImpl.invoke(DelegatingMethodAccessorImpl.java:43) ~[na:1.7.0_79]
	at java.lang.reflect.Method.invoke(Method.java:606) ~[na:1.7.0_79]
	at com.sun.jersey.spi.container.JavaMethodInvokerFactory$1.invoke(JavaMethodInvokerFactory.java:60) [jersey-server-1.19.jar:1.19]
	at com.sun.jersey.server.impl.model.method.dispatch.AbstractResourceMethodDispatchProvider$TypeOutInvoker._dispatch(AbstractResourceMethodDispatchProvider.java:185) [jersey-server-1.19.jar:1.19]
	at com.sun.jersey.server.impl.model.method.dispatch.ResourceJavaMethodDispatcher.dispatch(ResourceJavaMethodDispatcher.java:75) [jersey-server-1.19.jar:1.19]
	at com.sun.jersey.server.impl.uri.rules.HttpMethodRule.accept(HttpMethodRule.java:302) [jersey-server-1.19.jar:1.19]
	at com.sun.jersey.server.impl.uri.rules.RightHandPathRule.accept(RightHandPathRule.java:147) [jersey-server-1.19.jar:1.19]
	at com.sun.jersey.server.impl.uri.rules.ResourceClassRule.accept(ResourceClassRule.java:108) [jersey-server-1.19.jar:1.19]
	at com.sun.jersey.server.impl.uri.rules.RightHandPathRule.accept(RightHandPathRule.java:147) [jersey-server-1.19.jar:1.19]
	at com.sun.jersey.server.impl.uri.rules.RootResourceClassesRule.accept(RootResourceClassesRule.java:84) [jersey-server-1.19.jar:1.19]
	at com.sun.jersey.server.impl.application.WebApplicationImpl._handleRequest(WebApplicationImpl.java:1542) [jersey-server-1.19.jar:1.19]
	at com.sun.jersey.server.impl.application.WebApplicationImpl._handleRequest(WebApplicationImpl.java:1473) [jersey-server-1.19.jar:1.19]
	at com.sun.jersey.server.impl.application.WebApplicationImpl.handleRequest(WebApplicationImpl.java:1419) [jersey-server-1.19.jar:1.19]
	at com.sun.jersey.server.impl.application.WebApplicationImpl.handleRequest(WebApplicationImpl.java:1409) [jersey-server-1.19.jar:1.19]
	at com.sun.jersey.spi.container.servlet.WebComponent.service(WebComponent.java:409) [jersey-servlet-1.19.jar:1.19]
	at com.sun.jersey.spi.container.servlet.ServletContainer.service(ServletContainer.java:558) [jersey-servlet-1.19.jar:1.19]
	at com.sun.jersey.spi.container.servlet.ServletContainer.service(ServletContainer.java:733) [jersey-servlet-1.19.jar:1.19]
	at javax.servlet.http.HttpServlet.service(HttpServlet.java:790) [javax.servlet-api-3.1.0.jar:3.1.0]
	at org.eclipse.jetty.servlet.ServletHolder.handle(ServletHolder.java:751) [jetty-servlet-9.2.1.v20140609.jar:9.2.1.v20140609]
	at org.eclipse.jetty.servlet.ServletHandler$CachedChain.doFilter(ServletHandler.java:1666) [jetty-servlet-9.2.1.v20140609.jar:9.2.1.v20140609]
	at org.springframework.orm.hibernate4.support.OpenSessionInViewFilter.doFilterInternal(OpenSessionInViewFilter.java:152) [spring-orm-3.2.3.RELEASE.jar:3.2.3.RELEASE]
	at org.springframework.web.filter.OncePerRequestFilter.doFilter(OncePerRequestFilter.java:107) [spring-web-3.2.3.RELEASE.jar:3.2.3.RELEASE]
	at org.eclipse.jetty.servlet.ServletHandler$CachedChain.doFilter(ServletHandler.java:1653) [jetty-servlet-9.2.1.v20140609.jar:9.2.1.v20140609]
	at com.flzc.service.filter.MyFilter.doFilter(MyFilter.java:45) [classes/:na]
	at org.eclipse.jetty.servlet.ServletHandler$CachedChain.doFilter(ServletHandler.java:1653) [jetty-servlet-9.2.1.v20140609.jar:9.2.1.v20140609]
	at org.springframework.web.filter.CharacterEncodingFilter.doFilterInternal(CharacterEncodingFilter.java:88) [spring-web-3.2.3.RELEASE.jar:3.2.3.RELEASE]
	at org.springframework.web.filter.OncePerRequestFilter.doFilter(OncePerRequestFilter.java:107) [spring-web-3.2.3.RELEASE.jar:3.2.3.RELEASE]
	at org.eclipse.jetty.servlet.ServletHandler$CachedChain.doFilter(ServletHandler.java:1645) [jetty-servlet-9.2.1.v20140609.jar:9.2.1.v20140609]
	at org.eclipse.jetty.servlet.ServletHandler.doHandle(ServletHandler.java:564) [jetty-servlet-9.2.1.v20140609.jar:9.2.1.v20140609]
	at org.eclipse.jetty.server.handler.ScopedHandler.handle(ScopedHandler.java:143) [jetty-server-9.2.1.v20140609.jar:9.2.1.v20140609]
	at org.eclipse.jetty.security.SecurityHandler.handle(SecurityHandler.java:578) [jetty-security-9.2.1.v20140609.jar:9.2.1.v20140609]
	at org.eclipse.jetty.server.session.SessionHandler.doHandle(SessionHandler.java:221) [jetty-server-9.2.1.v20140609.jar:9.2.1.v20140609]
	at org.eclipse.jetty.server.handler.ContextHandler.doHandle(ContextHandler.java:1111) [jetty-server-9.2.1.v20140609.jar:9.2.1.v20140609]
	at org.eclipse.jetty.servlet.ServletHandler.doScope(ServletHandler.java:498) [jetty-servlet-9.2.1.v20140609.jar:9.2.1.v20140609]
	at org.eclipse.jetty.server.session.SessionHandler.doScope(SessionHandler.java:183) [jetty-server-9.2.1.v20140609.jar:9.2.1.v20140609]
	at org.eclipse.jetty.server.handler.ContextHandler.doScope(ContextHandler.java:1045) [jetty-server-9.2.1.v20140609.jar:9.2.1.v20140609]
	at org.eclipse.jetty.server.handler.ScopedHandler.handle(ScopedHandler.java:141) [jetty-server-9.2.1.v20140609.jar:9.2.1.v20140609]
	at org.eclipse.jetty.server.handler.ContextHandlerCollection.handle(ContextHandlerCollection.java:199) [jetty-server-9.2.1.v20140609.jar:9.2.1.v20140609]
	at org.eclipse.jetty.server.handler.HandlerCollection.handle(HandlerCollection.java:109) [jetty-server-9.2.1.v20140609.jar:9.2.1.v20140609]
	at org.eclipse.jetty.server.handler.HandlerWrapper.handle(HandlerWrapper.java:98) [jetty-server-9.2.1.v20140609.jar:9.2.1.v20140609]
	at org.eclipse.jetty.server.Server.handle(Server.java:461) [jetty-server-9.2.1.v20140609.jar:9.2.1.v20140609]
	at org.eclipse.jetty.server.HttpChannel.handle(HttpChannel.java:284) [jetty-server-9.2.1.v20140609.jar:9.2.1.v20140609]
	at org.eclipse.jetty.server.HttpConnection.onFillable(HttpConnection.java:244) [jetty-server-9.2.1.v20140609.jar:9.2.1.v20140609]
	at org.eclipse.jetty.io.AbstractConnection$2.run(AbstractConnection.java:534) [jetty-io-9.2.1.v20140609.jar:9.2.1.v20140609]
	at org.eclipse.jetty.util.thread.QueuedThreadPool.runJob(QueuedThreadPool.java:607) [jetty-util-9.2.1.v20140609.jar:9.2.1.v20140609]
	at org.eclipse.jetty.util.thread.QueuedThreadPool$3.run(QueuedThreadPool.java:536) [jetty-util-9.2.1.v20140609.jar:9.2.1.v20140609]
	at java.lang.Thread.run(Thread.java:745) [na:1.7.0_79]
22:02:45.104 [qtp13477729-16] ERROR c.f.s.s.i.SceneFilingBizServiceImpl - 后台服务异常
com.flzc.service.exception.SceneException: null
	at com.flzc.service.service.impl.SceneFilingBizServiceImpl.updateReserve(SceneFilingBizServiceImpl.java:146) ~[classes/:na]
	at com.flzc.service.api.SceneFilingApi.updateReserve(SceneFilingApi.java:239) [classes/:na]
	at sun.reflect.NativeMethodAccessorImpl.invoke0(Native Method) ~[na:1.7.0_79]
	at sun.reflect.NativeMethodAccessorImpl.invoke(NativeMethodAccessorImpl.java:57) ~[na:1.7.0_79]
	at sun.reflect.DelegatingMethodAccessorImpl.invoke(DelegatingMethodAccessorImpl.java:43) ~[na:1.7.0_79]
	at java.lang.reflect.Method.invoke(Method.java:606) ~[na:1.7.0_79]
	at com.sun.jersey.spi.container.JavaMethodInvokerFactory$1.invoke(JavaMethodInvokerFactory.java:60) [jersey-server-1.19.jar:1.19]
	at com.sun.jersey.server.impl.model.method.dispatch.AbstractResourceMethodDispatchProvider$TypeOutInvoker._dispatch(AbstractResourceMethodDispatchProvider.java:185) [jersey-server-1.19.jar:1.19]
	at com.sun.jersey.server.impl.model.method.dispatch.ResourceJavaMethodDispatcher.dispatch(ResourceJavaMethodDispatcher.java:75) [jersey-server-1.19.jar:1.19]
	at com.sun.jersey.server.impl.uri.rules.HttpMethodRule.accept(HttpMethodRule.java:302) [jersey-server-1.19.jar:1.19]
	at com.sun.jersey.server.impl.uri.rules.RightHandPathRule.accept(RightHandPathRule.java:147) [jersey-server-1.19.jar:1.19]
	at com.sun.jersey.server.impl.uri.rules.ResourceClassRule.accept(ResourceClassRule.java:108) [jersey-server-1.19.jar:1.19]
	at com.sun.jersey.server.impl.uri.rules.RightHandPathRule.accept(RightHandPathRule.java:147) [jersey-server-1.19.jar:1.19]
	at com.sun.jersey.server.impl.uri.rules.RootResourceClassesRule.accept(RootResourceClassesRule.java:84) [jersey-server-1.19.jar:1.19]
	at com.sun.jersey.server.impl.application.WebApplicationImpl._handleRequest(WebApplicationImpl.java:1542) [jersey-server-1.19.jar:1.19]
	at com.sun.jersey.server.impl.application.WebApplicationImpl._handleRequest(WebApplicationImpl.java:1473) [jersey-server-1.19.jar:1.19]
	at com.sun.jersey.server.impl.application.WebApplicationImpl.handleRequest(WebApplicationImpl.java:1419) [jersey-server-1.19.jar:1.19]
	at com.sun.jersey.server.impl.application.WebApplicationImpl.handleRequest(WebApplicationImpl.java:1409) [jersey-server-1.19.jar:1.19]
	at com.sun.jersey.spi.container.servlet.WebComponent.service(WebComponent.java:409) [jersey-servlet-1.19.jar:1.19]
	at com.sun.jersey.spi.container.servlet.ServletContainer.service(ServletContainer.java:558) [jersey-servlet-1.19.jar:1.19]
	at com.sun.jersey.spi.container.servlet.ServletContainer.service(ServletContainer.java:733) [jersey-servlet-1.19.jar:1.19]
	at javax.servlet.http.HttpServlet.service(HttpServlet.java:790) [javax.servlet-api-3.1.0.jar:3.1.0]
	at org.eclipse.jetty.servlet.ServletHolder.handle(ServletHolder.java:751) [jetty-servlet-9.2.1.v20140609.jar:9.2.1.v20140609]
	at org.eclipse.jetty.servlet.ServletHandler$CachedChain.doFilter(ServletHandler.java:1666) [jetty-servlet-9.2.1.v20140609.jar:9.2.1.v20140609]
	at org.springframework.orm.hibernate4.support.OpenSessionInViewFilter.doFilterInternal(OpenSessionInViewFilter.java:152) [spring-orm-3.2.3.RELEASE.jar:3.2.3.RELEASE]
	at org.springframework.web.filter.OncePerRequestFilter.doFilter(OncePerRequestFilter.java:107) [spring-web-3.2.3.RELEASE.jar:3.2.3.RELEASE]
	at org.eclipse.jetty.servlet.ServletHandler$CachedChain.doFilter(ServletHandler.java:1653) [jetty-servlet-9.2.1.v20140609.jar:9.2.1.v20140609]
	at com.flzc.service.filter.MyFilter.doFilter(MyFilter.java:45) [classes/:na]
	at org.eclipse.jetty.servlet.ServletHandler$CachedChain.doFilter(ServletHandler.java:1653) [jetty-servlet-9.2.1.v20140609.jar:9.2.1.v20140609]
	at org.springframework.web.filter.CharacterEncodingFilter.doFilterInternal(CharacterEncodingFilter.java:88) [spring-web-3.2.3.RELEASE.jar:3.2.3.RELEASE]
	at org.springframework.web.filter.OncePerRequestFilter.doFilter(OncePerRequestFilter.java:107) [spring-web-3.2.3.RELEASE.jar:3.2.3.RELEASE]
	at org.eclipse.jetty.servlet.ServletHandler$CachedChain.doFilter(ServletHandler.java:1645) [jetty-servlet-9.2.1.v20140609.jar:9.2.1.v20140609]
	at org.eclipse.jetty.servlet.ServletHandler.doHandle(ServletHandler.java:564) [jetty-servlet-9.2.1.v20140609.jar:9.2.1.v20140609]
	at org.eclipse.jetty.server.handler.ScopedHandler.handle(ScopedHandler.java:143) [jetty-server-9.2.1.v20140609.jar:9.2.1.v20140609]
	at org.eclipse.jetty.security.SecurityHandler.handle(SecurityHandler.java:578) [jetty-security-9.2.1.v20140609.jar:9.2.1.v20140609]
	at org.eclipse.jetty.server.session.SessionHandler.doHandle(SessionHandler.java:221) [jetty-server-9.2.1.v20140609.jar:9.2.1.v20140609]
	at org.eclipse.jetty.server.handler.ContextHandler.doHandle(ContextHandler.java:1111) [jetty-server-9.2.1.v20140609.jar:9.2.1.v20140609]
	at org.eclipse.jetty.servlet.ServletHandler.doScope(ServletHandler.java:498) [jetty-servlet-9.2.1.v20140609.jar:9.2.1.v20140609]
	at org.eclipse.jetty.server.session.SessionHandler.doScope(SessionHandler.java:183) [jetty-server-9.2.1.v20140609.jar:9.2.1.v20140609]
	at org.eclipse.jetty.server.handler.ContextHandler.doScope(ContextHandler.java:1045) [jetty-server-9.2.1.v20140609.jar:9.2.1.v20140609]
	at org.eclipse.jetty.server.handler.ScopedHandler.handle(ScopedHandler.java:141) [jetty-server-9.2.1.v20140609.jar:9.2.1.v20140609]
	at org.eclipse.jetty.server.handler.ContextHandlerCollection.handle(ContextHandlerCollection.java:199) [jetty-server-9.2.1.v20140609.jar:9.2.1.v20140609]
	at org.eclipse.jetty.server.handler.HandlerCollection.handle(HandlerCollection.java:109) [jetty-server-9.2.1.v20140609.jar:9.2.1.v20140609]
	at org.eclipse.jetty.server.handler.HandlerWrapper.handle(HandlerWrapper.java:98) [jetty-server-9.2.1.v20140609.jar:9.2.1.v20140609]
	at org.eclipse.jetty.server.Server.handle(Server.java:461) [jetty-server-9.2.1.v20140609.jar:9.2.1.v20140609]
	at org.eclipse.jetty.server.HttpChannel.handle(HttpChannel.java:284) [jetty-server-9.2.1.v20140609.jar:9.2.1.v20140609]
	at org.eclipse.jetty.server.HttpConnection.onFillable(HttpConnection.java:244) [jetty-server-9.2.1.v20140609.jar:9.2.1.v20140609]
	at org.eclipse.jetty.io.AbstractConnection$2.run(AbstractConnection.java:534) [jetty-io-9.2.1.v20140609.jar:9.2.1.v20140609]
	at org.eclipse.jetty.util.thread.QueuedThreadPool.runJob(QueuedThreadPool.java:607) [jetty-util-9.2.1.v20140609.jar:9.2.1.v20140609]
	at org.eclipse.jetty.util.thread.QueuedThreadPool$3.run(QueuedThreadPool.java:536) [jetty-util-9.2.1.v20140609.jar:9.2.1.v20140609]
	at java.lang.Thread.run(Thread.java:745) [na:1.7.0_79]
22:02:59.444 [qtp13477729-16] ERROR c.f.s.s.i.SceneFilingBizServiceImpl - 后台服务异常
com.flzc.service.exception.SceneException: null
	at com.flzc.service.service.impl.SceneFilingBizServiceImpl.updateReserve(SceneFilingBizServiceImpl.java:146) ~[classes/:na]
	at com.flzc.service.api.SceneFilingApi.updateReserve(SceneFilingApi.java:239) [classes/:na]
	at sun.reflect.NativeMethodAccessorImpl.invoke0(Native Method) ~[na:1.7.0_79]
	at sun.reflect.NativeMethodAccessorImpl.invoke(NativeMethodAccessorImpl.java:57) ~[na:1.7.0_79]
	at sun.reflect.DelegatingMethodAccessorImpl.invoke(DelegatingMethodAccessorImpl.java:43) ~[na:1.7.0_79]
	at java.lang.reflect.Method.invoke(Method.java:606) ~[na:1.7.0_79]
	at com.sun.jersey.spi.container.JavaMethodInvokerFactory$1.invoke(JavaMethodInvokerFactory.java:60) [jersey-server-1.19.jar:1.19]
	at com.sun.jersey.server.impl.model.method.dispatch.AbstractResourceMethodDispatchProvider$TypeOutInvoker._dispatch(AbstractResourceMethodDispatchProvider.java:185) [jersey-server-1.19.jar:1.19]
	at com.sun.jersey.server.impl.model.method.dispatch.ResourceJavaMethodDispatcher.dispatch(ResourceJavaMethodDispatcher.java:75) [jersey-server-1.19.jar:1.19]
	at com.sun.jersey.server.impl.uri.rules.HttpMethodRule.accept(HttpMethodRule.java:302) [jersey-server-1.19.jar:1.19]
	at com.sun.jersey.server.impl.uri.rules.RightHandPathRule.accept(RightHandPathRule.java:147) [jersey-server-1.19.jar:1.19]
	at com.sun.jersey.server.impl.uri.rules.ResourceClassRule.accept(ResourceClassRule.java:108) [jersey-server-1.19.jar:1.19]
	at com.sun.jersey.server.impl.uri.rules.RightHandPathRule.accept(RightHandPathRule.java:147) [jersey-server-1.19.jar:1.19]
	at com.sun.jersey.server.impl.uri.rules.RootResourceClassesRule.accept(RootResourceClassesRule.java:84) [jersey-server-1.19.jar:1.19]
	at com.sun.jersey.server.impl.application.WebApplicationImpl._handleRequest(WebApplicationImpl.java:1542) [jersey-server-1.19.jar:1.19]
	at com.sun.jersey.server.impl.application.WebApplicationImpl._handleRequest(WebApplicationImpl.java:1473) [jersey-server-1.19.jar:1.19]
	at com.sun.jersey.server.impl.application.WebApplicationImpl.handleRequest(WebApplicationImpl.java:1419) [jersey-server-1.19.jar:1.19]
	at com.sun.jersey.server.impl.application.WebApplicationImpl.handleRequest(WebApplicationImpl.java:1409) [jersey-server-1.19.jar:1.19]
	at com.sun.jersey.spi.container.servlet.WebComponent.service(WebComponent.java:409) [jersey-servlet-1.19.jar:1.19]
	at com.sun.jersey.spi.container.servlet.ServletContainer.service(ServletContainer.java:558) [jersey-servlet-1.19.jar:1.19]
	at com.sun.jersey.spi.container.servlet.ServletContainer.service(ServletContainer.java:733) [jersey-servlet-1.19.jar:1.19]
	at javax.servlet.http.HttpServlet.service(HttpServlet.java:790) [javax.servlet-api-3.1.0.jar:3.1.0]
	at org.eclipse.jetty.servlet.ServletHolder.handle(ServletHolder.java:751) [jetty-servlet-9.2.1.v20140609.jar:9.2.1.v20140609]
	at org.eclipse.jetty.servlet.ServletHandler$CachedChain.doFilter(ServletHandler.java:1666) [jetty-servlet-9.2.1.v20140609.jar:9.2.1.v20140609]
	at org.springframework.orm.hibernate4.support.OpenSessionInViewFilter.doFilterInternal(OpenSessionInViewFilter.java:152) [spring-orm-3.2.3.RELEASE.jar:3.2.3.RELEASE]
	at org.springframework.web.filter.OncePerRequestFilter.doFilter(OncePerRequestFilter.java:107) [spring-web-3.2.3.RELEASE.jar:3.2.3.RELEASE]
	at org.eclipse.jetty.servlet.ServletHandler$CachedChain.doFilter(ServletHandler.java:1653) [jetty-servlet-9.2.1.v20140609.jar:9.2.1.v20140609]
	at com.flzc.service.filter.MyFilter.doFilter(MyFilter.java:45) [classes/:na]
	at org.eclipse.jetty.servlet.ServletHandler$CachedChain.doFilter(ServletHandler.java:1653) [jetty-servlet-9.2.1.v20140609.jar:9.2.1.v20140609]
	at org.springframework.web.filter.CharacterEncodingFilter.doFilterInternal(CharacterEncodingFilter.java:88) [spring-web-3.2.3.RELEASE.jar:3.2.3.RELEASE]
	at org.springframework.web.filter.OncePerRequestFilter.doFilter(OncePerRequestFilter.java:107) [spring-web-3.2.3.RELEASE.jar:3.2.3.RELEASE]
	at org.eclipse.jetty.servlet.ServletHandler$CachedChain.doFilter(ServletHandler.java:1645) [jetty-servlet-9.2.1.v20140609.jar:9.2.1.v20140609]
	at org.eclipse.jetty.servlet.ServletHandler.doHandle(ServletHandler.java:564) [jetty-servlet-9.2.1.v20140609.jar:9.2.1.v20140609]
	at org.eclipse.jetty.server.handler.ScopedHandler.handle(ScopedHandler.java:143) [jetty-server-9.2.1.v20140609.jar:9.2.1.v20140609]
	at org.eclipse.jetty.security.SecurityHandler.handle(SecurityHandler.java:578) [jetty-security-9.2.1.v20140609.jar:9.2.1.v20140609]
	at org.eclipse.jetty.server.session.SessionHandler.doHandle(SessionHandler.java:221) [jetty-server-9.2.1.v20140609.jar:9.2.1.v20140609]
	at org.eclipse.jetty.server.handler.ContextHandler.doHandle(ContextHandler.java:1111) [jetty-server-9.2.1.v20140609.jar:9.2.1.v20140609]
	at org.eclipse.jetty.servlet.ServletHandler.doScope(ServletHandler.java:498) [jetty-servlet-9.2.1.v20140609.jar:9.2.1.v20140609]
	at org.eclipse.jetty.server.session.SessionHandler.doScope(SessionHandler.java:183) [jetty-server-9.2.1.v20140609.jar:9.2.1.v20140609]
	at org.eclipse.jetty.server.handler.ContextHandler.doScope(ContextHandler.java:1045) [jetty-server-9.2.1.v20140609.jar:9.2.1.v20140609]
	at org.eclipse.jetty.server.handler.ScopedHandler.handle(ScopedHandler.java:141) [jetty-server-9.2.1.v20140609.jar:9.2.1.v20140609]
	at org.eclipse.jetty.server.handler.ContextHandlerCollection.handle(ContextHandlerCollection.java:199) [jetty-server-9.2.1.v20140609.jar:9.2.1.v20140609]
	at org.eclipse.jetty.server.handler.HandlerCollection.handle(HandlerCollection.java:109) [jetty-server-9.2.1.v20140609.jar:9.2.1.v20140609]
	at org.eclipse.jetty.server.handler.HandlerWrapper.handle(HandlerWrapper.java:98) [jetty-server-9.2.1.v20140609.jar:9.2.1.v20140609]
	at org.eclipse.jetty.server.Server.handle(Server.java:461) [jetty-server-9.2.1.v20140609.jar:9.2.1.v20140609]
	at org.eclipse.jetty.server.HttpChannel.handle(HttpChannel.java:284) [jetty-server-9.2.1.v20140609.jar:9.2.1.v20140609]
	at org.eclipse.jetty.server.HttpConnection.onFillable(HttpConnection.java:244) [jetty-server-9.2.1.v20140609.jar:9.2.1.v20140609]
	at org.eclipse.jetty.io.AbstractConnection$2.run(AbstractConnection.java:534) [jetty-io-9.2.1.v20140609.jar:9.2.1.v20140609]
	at org.eclipse.jetty.util.thread.QueuedThreadPool.runJob(QueuedThreadPool.java:607) [jetty-util-9.2.1.v20140609.jar:9.2.1.v20140609]
	at org.eclipse.jetty.util.thread.QueuedThreadPool$3.run(QueuedThreadPool.java:536) [jetty-util-9.2.1.v20140609.jar:9.2.1.v20140609]
	at java.lang.Thread.run(Thread.java:745) [na:1.7.0_79]
22:09:54.916 [qtp13477729-16] ERROR com.flzc.service.api.SceneInfoApi - tokenId     18201334790     028712    123123
22:12:56.662 [qtp13477729-20] ERROR com.flzc.service.api.SceneInfoApi - tokenId     18201334790     028712    123123
22:14:38.390 [qtp13477729-22] ERROR com.flzc.service.api.SceneInfoApi - tokenId     18201334790     028712    123123
22:15:06.873 [qtp13477729-22] ERROR com.flzc.service.api.SceneInfoApi - tokenId     18201334790     028712    123123
22:15:15.109 [qtp13477729-16] ERROR com.flzc.service.api.SceneInfoApi - tokenId     18201334790     028712    123123
22:16:19.333 [qtp13477729-20] ERROR com.flzc.service.api.SceneInfoApi - dsfrgrr   FLKF123
22:16:30.773 [qtp13477729-22] ERROR com.flzc.service.api.SceneInfoApi - Zmx6Yy1TRUNURVQ6MTQ0ODQ0NzA0Nzoz   18201334790
22:16:49.678 [qtp13477729-16] ERROR com.flzc.service.api.SceneInfoApi - Zmx6Yy1TRUNURVQ6MTQ0ODQ0NzA0Nzoz   18201334790
22:18:09.302 [qtp13477729-20] ERROR com.flzc.service.api.SceneInfoApi - Zmx6Yy1TRUNURVQ6MTQ0ODQ0NzA0Nzoz     18201334790     212569    123147
