19:51:57.208 [Xmemcached-Reactor-6] ERROR n.r.xmemcached.impl.MemcachedHandler - XMemcached network layout exception
java.io.IOException: 您的主机中的软件中止了一个已建立的连接。
	at sun.nio.ch.SocketDispatcher.read0(Native Method) ~[na:1.7.0_79]
	at sun.nio.ch.SocketDispatcher.read(SocketDispatcher.java:43) ~[na:1.7.0_79]
	at sun.nio.ch.IOUtil.readIntoNativeBuffer(IOUtil.java:223) ~[na:1.7.0_79]
	at sun.nio.ch.IOUtil.read(IOUtil.java:197) ~[na:1.7.0_79]
	at sun.nio.ch.SocketChannelImpl.read(SocketChannelImpl.java:379) ~[na:1.7.0_79]
	at com.google.code.yanf4j.nio.impl.NioTCPSession.readFromBuffer(NioTCPSession.java:203) ~[xmemcached-2.0.0.jar:na]
	at com.google.code.yanf4j.nio.impl.AbstractNioSession.onRead(AbstractNioSession.java:196) [xmemcached-2.0.0.jar:na]
	at com.google.code.yanf4j.nio.impl.AbstractNioSession.onEvent(AbstractNioSession.java:341) [xmemcached-2.0.0.jar:na]
	at com.google.code.yanf4j.nio.impl.SocketChannelController.dispatchReadEvent(SocketChannelController.java:56) [xmemcached-2.0.0.jar:na]
	at com.google.code.yanf4j.nio.impl.NioController.onRead(NioController.java:157) [xmemcached-2.0.0.jar:na]
	at com.google.code.yanf4j.nio.impl.Reactor.dispatchEvent(Reactor.java:323) [xmemcached-2.0.0.jar:na]
	at com.google.code.yanf4j.nio.impl.Reactor.run(Reactor.java:180) [xmemcached-2.0.0.jar:na]
19:51:57.208 [Xmemcached-Reactor-4] ERROR n.r.xmemcached.impl.MemcachedHandler - XMemcached network layout exception
java.io.IOException: 您的主机中的软件中止了一个已建立的连接。
	at sun.nio.ch.SocketDispatcher.read0(Native Method) ~[na:1.7.0_79]
	at sun.nio.ch.SocketDispatcher.read(SocketDispatcher.java:43) ~[na:1.7.0_79]
	at sun.nio.ch.IOUtil.readIntoNativeBuffer(IOUtil.java:223) ~[na:1.7.0_79]
	at sun.nio.ch.IOUtil.read(IOUtil.java:197) ~[na:1.7.0_79]
	at sun.nio.ch.SocketChannelImpl.read(SocketChannelImpl.java:379) ~[na:1.7.0_79]
	at com.google.code.yanf4j.nio.impl.NioTCPSession.readFromBuffer(NioTCPSession.java:203) ~[xmemcached-2.0.0.jar:na]
	at com.google.code.yanf4j.nio.impl.AbstractNioSession.onRead(AbstractNioSession.java:196) [xmemcached-2.0.0.jar:na]
	at com.google.code.yanf4j.nio.impl.AbstractNioSession.onEvent(AbstractNioSession.java:341) [xmemcached-2.0.0.jar:na]
	at com.google.code.yanf4j.nio.impl.SocketChannelController.dispatchReadEvent(SocketChannelController.java:56) [xmemcached-2.0.0.jar:na]
	at com.google.code.yanf4j.nio.impl.NioController.onRead(NioController.java:157) [xmemcached-2.0.0.jar:na]
	at com.google.code.yanf4j.nio.impl.Reactor.dispatchEvent(Reactor.java:323) [xmemcached-2.0.0.jar:na]
	at com.google.code.yanf4j.nio.impl.Reactor.run(Reactor.java:180) [xmemcached-2.0.0.jar:na]
19:51:57.067 [Xmemcached-Reactor-2] ERROR n.r.xmemcached.impl.MemcachedHandler - XMemcached network layout exception
java.io.IOException: 您的主机中的软件中止了一个已建立的连接。
	at sun.nio.ch.SocketDispatcher.read0(Native Method) ~[na:1.7.0_79]
	at sun.nio.ch.SocketDispatcher.read(SocketDispatcher.java:43) ~[na:1.7.0_79]
	at sun.nio.ch.IOUtil.readIntoNativeBuffer(IOUtil.java:223) ~[na:1.7.0_79]
	at sun.nio.ch.IOUtil.read(IOUtil.java:197) ~[na:1.7.0_79]
	at sun.nio.ch.SocketChannelImpl.read(SocketChannelImpl.java:379) ~[na:1.7.0_79]
	at com.google.code.yanf4j.nio.impl.NioTCPSession.readFromBuffer(NioTCPSession.java:203) ~[xmemcached-2.0.0.jar:na]
	at com.google.code.yanf4j.nio.impl.AbstractNioSession.onRead(AbstractNioSession.java:196) [xmemcached-2.0.0.jar:na]
	at com.google.code.yanf4j.nio.impl.AbstractNioSession.onEvent(AbstractNioSession.java:341) [xmemcached-2.0.0.jar:na]
	at com.google.code.yanf4j.nio.impl.SocketChannelController.dispatchReadEvent(SocketChannelController.java:56) [xmemcached-2.0.0.jar:na]
	at com.google.code.yanf4j.nio.impl.NioController.onRead(NioController.java:157) [xmemcached-2.0.0.jar:na]
	at com.google.code.yanf4j.nio.impl.Reactor.dispatchEvent(Reactor.java:323) [xmemcached-2.0.0.jar:na]
	at com.google.code.yanf4j.nio.impl.Reactor.run(Reactor.java:180) [xmemcached-2.0.0.jar:na]
