11:26:56.546 [main] INFO  o.s.web.context.ContextLoader - Root WebApplicationContext: initialization started
11:26:56.613 [main] INFO  o.s.w.c.s.XmlWebApplicationContext - Refreshing Root WebApplicationContext: startup date [Mon Dec 07 11:26:56 CST 2015]; root of context hierarchy
11:26:56.651 [main] INFO  o.s.b.f.xml.XmlBeanDefinitionReader - Loading XML bean definitions from class path resource [config/spring/applicationContext.xml]
11:26:56.762 [main] INFO  o.s.c.a.ClassPathBeanDefinitionScanner - JSR-250 'javax.annotation.ManagedBean' found and supported for component scanning
11:26:56.764 [main] INFO  o.s.c.a.ClassPathBeanDefinitionScanner - JSR-330 'javax.inject.Named' annotation found and supported for component scanning
11:26:56.893 [main] INFO  o.s.b.f.xml.XmlBeanDefinitionReader - Loading XML bean definitions from file [D:\project\mavenproject\message.flzc.com\flzc-message-war\target\com.flzc.message-1.0-SNAPSHOT\WEB-INF\classes\config\spring\spring-database-dao.xml]
11:26:56.955 [main] INFO  o.s.b.f.xml.XmlBeanDefinitionReader - Loading XML bean definitions from file [D:\project\mavenproject\message.flzc.com\flzc-message-war\target\com.flzc.message-1.0-SNAPSHOT\WEB-INF\classes\config\spring\spring-dubbo-provider.xml]
11:26:57.068 [main] INFO  o.s.b.f.xml.XmlBeanDefinitionReader - Loading XML bean definitions from file [D:\project\mavenproject\message.flzc.com\flzc-message-war\target\com.flzc.message-1.0-SNAPSHOT\WEB-INF\classes\config\spring\spring-servlet-config.xml]
11:26:57.116 [main] INFO  o.s.c.a.ClassPathBeanDefinitionScanner - JSR-250 'javax.annotation.ManagedBean' found and supported for component scanning
11:26:57.116 [main] INFO  o.s.c.a.ClassPathBeanDefinitionScanner - JSR-330 'javax.inject.Named' annotation found and supported for component scanning
11:26:57.211 [main] INFO  o.s.b.f.xml.XmlBeanDefinitionReader - Loading XML bean definitions from class path resource [config/spring/server.xml]
11:26:57.315 [main] INFO  o.s.b.f.xml.XmlBeanDefinitionReader - Loading XML bean definitions from URL [jar:file:/D:/project/mavenproject/message.flzc.com/flzc-message-war/target/com.flzc.message-1.0-SNAPSHOT/WEB-INF/lib/com.flzc.base-1.0-SNAPSHOT.jar!/spring-memcache.xml]
11:26:57.581 [main] INFO  o.s.b.f.c.PropertyPlaceholderConfigurer - Loading properties file from file [D:\project\mavenproject\message.flzc.com\flzc-message-war\target\com.flzc.message-1.0-SNAPSHOT\WEB-INF\classes\config\config.properties]
11:26:57.581 [main] INFO  o.s.b.f.c.PropertyPlaceholderConfigurer - Loading properties file from file [D:\project\mavenproject\message.flzc.com\flzc-message-war\target\com.flzc.message-1.0-SNAPSHOT\WEB-INF\classes\config\datasource.properties]
11:26:57.590 [main] INFO  o.s.b.f.a.AutowiredAnnotationBeanPostProcessor - JSR-330 'javax.inject.Inject' annotation found and supported for autowiring
11:26:57.994 [main] INFO  o.s.b.f.s.DefaultListableBeanFactory - Pre-instantiating singletons in org.springframework.beans.factory.support.DefaultListableBeanFactory@73bcbf34: defining beans [agencyBizServiceImpl,sceneInfoBizServiceImpl,userBizServiceImpl,cometMessageHandler,cometService,sendMessageController,JPushMessageService,authService,authenticateService,messageService,baseDaoImpl,commonDao,baseServiceImpl,commonService,org.springframework.context.annotation.internalConfigurationAnnotationProcessor,org.springframework.context.annotation.internalAutowiredAnnotationProcessor,org.springframework.context.annotation.internalRequiredAnnotationProcessor,org.springframework.context.annotation.internalCommonAnnotationProcessor,org.springframework.context.annotation.internalPersistenceAnnotationProcessor,org.springframework.aop.config.internalAutoProxyCreator,org.springframework.beans.factory.config.PropertyPlaceholderConfigurer#0,sessionFactory,dataSource,parentDataSource,masterDataSource,slaveDataSource,transactionManager,txAdvice,dataSourceAdvice,org.springframework.aop.support.DefaultBeanFactoryPointcutAdvisor#0,org.springframework.aop.support.DefaultBeanFactoryPointcutAdvisor#1,org.springframework.aop.support.DefaultBeanFactoryPointcutAdvisor#2,org.springframework.aop.support.DefaultBeanFactoryPointcutAdvisor#3,message-dubbo-provider_sbw1,dubbo,com.alibaba.dubbo.config.RegistryConfig,com.flzc.message.api.service.MessageService,conversionService,mvcContentNegotiationManager,org.springframework.web.servlet.mvc.method.annotation.RequestMappingHandlerMapping#0,org.springframework.web.servlet.mvc.method.annotation.RequestMappingHandlerAdapter#0,org.springframework.web.servlet.handler.MappedInterceptor#0,org.springframework.web.servlet.mvc.method.annotation.ExceptionHandlerExceptionResolver#0,org.springframework.web.servlet.mvc.annotation.ResponseStatusExceptionResolver#0,org.springframework.web.servlet.mvc.support.DefaultHandlerExceptionResolver#0,org.springframework.web.servlet.handler.BeanNameUrlHandlerMapping,org.springframework.web.servlet.mvc.HttpRequestHandlerAdapter,org.springframework.web.servlet.mvc.SimpleControllerHandlerAdapter,org.springframework.web.servlet.resource.ResourceHttpRequestHandler#0,org.springframework.web.servlet.handler.SimpleUrlHandlerMapping#0,org.springframework.web.servlet.resource.ResourceHttpRequestHandler#1,org.springframework.web.servlet.handler.SimpleUrlHandlerMapping#1,org.springframework.web.servlet.resource.ResourceHttpRequestHandler#2,org.springframework.web.servlet.handler.SimpleUrlHandlerMapping#2,org.springframework.web.servlet.resource.ResourceHttpRequestHandler#3,org.springframework.web.servlet.handler.SimpleUrlHandlerMapping#3,org.springframework.web.servlet.resource.ResourceHttpRequestHandler#4,org.springframework.web.servlet.handler.SimpleUrlHandlerMapping#4,org.springframework.web.servlet.resource.ResourceHttpRequestHandler#5,org.springframework.web.servlet.handler.SimpleUrlHandlerMapping#5,org.springframework.web.servlet.config.viewControllerHandlerMapping,viewResolver,com.flzc.message.comet.server.CometSocketServer#0,com.flzc.message.comet.server.ClientCometHandler#0,com.flzc.message.comet.server.WebCometHandler#0,memcachedClient,cacheInit,org.springframework.context.annotation.ConfigurationClassPostProcessor.importAwareProcessor]; root of factory hierarchy
11:26:59.156 [main] INFO  o.s.o.h.HibernateTransactionManager - Using DataSource [com.flzc.base.aop.DynamicDataSource@60d97cea] of Hibernate SessionFactory for HibernateTransactionManager
11:26:59.945 [main] INFO  o.s.w.s.m.m.a.RequestMappingHandlerMapping - Mapped "{[/message],methods=[],params=[],headers=[],consumes=[],produces=[],custom=[]}" onto public java.lang.String com.flzc.message.controller.SendMessageController.message(javax.servlet.http.HttpServletRequest,javax.servlet.http.HttpServletResponse)
11:26:59.946 [main] INFO  o.s.w.s.m.m.a.RequestMappingHandlerMapping - Mapped "{[/message/custom],methods=[],params=[],headers=[],consumes=[],produces=[],custom=[]}" onto public java.lang.String com.flzc.message.controller.SendMessageController.custom(javax.servlet.http.HttpServletRequest,javax.servlet.http.HttpServletResponse)
11:27:00.519 [main] INFO  o.s.w.s.h.SimpleUrlHandlerMapping - Mapped URL path [/js/**] onto handler 'org.springframework.web.servlet.resource.ResourceHttpRequestHandler#0'
11:27:00.523 [main] INFO  o.s.w.s.h.SimpleUrlHandlerMapping - Mapped URL path [/themes/**] onto handler 'org.springframework.web.servlet.resource.ResourceHttpRequestHandler#1'
11:27:00.525 [main] INFO  o.s.w.s.h.SimpleUrlHandlerMapping - Mapped URL path [/common/**] onto handler 'org.springframework.web.servlet.resource.ResourceHttpRequestHandler#2'
11:27:00.528 [main] INFO  o.s.w.s.h.SimpleUrlHandlerMapping - Mapped URL path [/img/**] onto handler 'org.springframework.web.servlet.resource.ResourceHttpRequestHandler#3'
11:27:00.531 [main] INFO  o.s.w.s.h.SimpleUrlHandlerMapping - Mapped URL path [/css/**] onto handler 'org.springframework.web.servlet.resource.ResourceHttpRequestHandler#4'
11:27:00.533 [main] INFO  o.s.w.s.h.SimpleUrlHandlerMapping - Mapped URL path [/upload/**] onto handler 'org.springframework.web.servlet.resource.ResourceHttpRequestHandler#5'
11:27:00.548 [main] INFO  o.s.w.s.h.SimpleUrlHandlerMapping - Root mapping to handler of type [class org.springframework.web.servlet.mvc.ParameterizableViewController]
11:27:00.692 [main] WARN  n.r.xmemcached.XMemcachedClient - XMemcachedClient is using Binary protocol
11:27:00.751 [main] INFO  c.g.c.y.nio.impl.SelectorManager - Creating 8 reactors...
11:27:00.772 [main] WARN  c.g.c.y.core.impl.AbstractController - The Controller started at localhost/127.0.0.1:0 ...
11:27:00.774 [main] WARN  n.r.xmemcached.XMemcachedClient - You are using connection pool for xmemcached client,it's not recommended unless you have test it that it can boost performance in your app.
11:27:00.789 [Xmemcached-Reactor-0] WARN  c.g.c.y.core.impl.AbstractController - Add a session: 192.168.10.101:10001
11:27:00.793 [Xmemcached-Reactor-0] WARN  c.g.c.y.core.impl.AbstractController - Add a session: 192.168.10.101:10001
11:27:00.797 [Xmemcached-Reactor-0] WARN  c.g.c.y.core.impl.AbstractController - Add a session: 192.168.10.101:10001
11:27:00.801 [Xmemcached-Reactor-0] WARN  c.g.c.y.core.impl.AbstractController - Add a session: 192.168.10.101:10001
11:27:00.806 [Xmemcached-Reactor-0] WARN  c.g.c.y.core.impl.AbstractController - Add a session: 192.168.10.101:10001
11:27:01.542 [main] INFO  o.s.web.context.ContextLoader - Root WebApplicationContext: initialization completed in 4993 ms
11:27:01.606 [main] INFO  c.f.m.comet.server.CometSocketServer - 与web服务器的监听已启动.....
11:27:01.628 [main] INFO  c.f.m.comet.server.CometSocketServer - 与用户浏览器的监听已启动.....
11:27:01.628 [main] INFO  c.f.m.c.listener.WebStartupListener - =================启动comet server=================
11:27:01.642 [main] INFO  c.f.m.c.listener.WebStartupListener - =================启动comet web client=================
11:27:01.658 [NioProcessor-13] INFO  c.f.message.comet.web.CometService - CREATED
11:27:01.658 [NioProcessor-2] INFO  c.f.m.comet.server.CometSocketServer - CREATED
11:27:01.658 [NioProcessor-2] INFO  c.f.m.comet.server.CometSocketServer - OPENED
11:27:01.659 [NioProcessor-13] INFO  c.f.message.comet.web.CometService - OPENED
11:27:01.726 [main] INFO  o.s.web.servlet.DispatcherServlet - FrameworkServlet 'springMVC': initialization started
11:27:01.777 [main] INFO  o.s.w.c.s.XmlWebApplicationContext - Refreshing WebApplicationContext for namespace 'springMVC-servlet': startup date [Mon Dec 07 11:27:01 CST 2015]; parent: Root WebApplicationContext
11:27:01.778 [main] INFO  o.s.b.f.xml.XmlBeanDefinitionReader - Loading XML bean definitions from class path resource [config/spring/spring-servlet-config.xml]
11:27:01.789 [NioProcessor-2] INFO  c.f.m.comet.server.CometSocketServer - RECEIVED: HeapBuffer[pos=0 lim=109 cap=2048: 00 00 00 69 AC ED 00 05 73 72 01 00 29 63 6F 6D...]
11:27:01.792 [NioProcessor-2] INFO  c.f.m.comet.server.WebCometHandler - 服务器收到的消息:
11:27:01.802 [NioProcessor-13] INFO  c.f.message.comet.web.CometService - SENT: HeapBuffer[pos=0 lim=0 cap=0: empty]
11:27:01.808 [NioProcessor-2] INFO  c.f.m.comet.server.WebCometHandler - 验证web服务链接已通过--------------服务器----------------:(0x00000001: nio socket, server, /192.168.10.82:49521 => /192.168.10.82:6666)
11:27:01.819 [main] INFO  o.s.c.a.ClassPathBeanDefinitionScanner - JSR-250 'javax.annotation.ManagedBean' found and supported for component scanning
11:27:01.819 [main] INFO  o.s.c.a.ClassPathBeanDefinitionScanner - JSR-330 'javax.inject.Named' annotation found and supported for component scanning
11:27:01.824 [NioProcessor-2] INFO  c.f.m.comet.server.WebCometHandler - comet收到web短发来的消息:=====check_web============={"type":"check_web","content":"315587cb-7306-469e-a61e-b6fae1227ae7"}
11:27:01.831 [main] INFO  o.s.b.f.a.AutowiredAnnotationBeanPostProcessor - JSR-330 'javax.inject.Inject' annotation found and supported for autowiring
11:27:01.838 [main] INFO  o.s.b.f.s.DefaultListableBeanFactory - Pre-instantiating singletons in org.springframework.beans.factory.support.DefaultListableBeanFactory@74db11ce: defining beans [sendMessageController,org.springframework.context.annotation.internalConfigurationAnnotationProcessor,org.springframework.context.annotation.internalAutowiredAnnotationProcessor,org.springframework.context.annotation.internalRequiredAnnotationProcessor,org.springframework.context.annotation.internalCommonAnnotationProcessor,org.springframework.context.annotation.internalPersistenceAnnotationProcessor,conversionService,mvcContentNegotiationManager,org.springframework.web.servlet.mvc.method.annotation.RequestMappingHandlerMapping#0,org.springframework.web.servlet.mvc.method.annotation.RequestMappingHandlerAdapter#0,org.springframework.web.servlet.handler.MappedInterceptor#0,org.springframework.web.servlet.mvc.method.annotation.ExceptionHandlerExceptionResolver#0,org.springframework.web.servlet.mvc.annotation.ResponseStatusExceptionResolver#0,org.springframework.web.servlet.mvc.support.DefaultHandlerExceptionResolver#0,org.springframework.web.servlet.handler.BeanNameUrlHandlerMapping,org.springframework.web.servlet.mvc.HttpRequestHandlerAdapter,org.springframework.web.servlet.mvc.SimpleControllerHandlerAdapter,org.springframework.web.servlet.resource.ResourceHttpRequestHandler#0,org.springframework.web.servlet.handler.SimpleUrlHandlerMapping#0,org.springframework.web.servlet.resource.ResourceHttpRequestHandler#1,org.springframework.web.servlet.handler.SimpleUrlHandlerMapping#1,org.springframework.web.servlet.resource.ResourceHttpRequestHandler#2,org.springframework.web.servlet.handler.SimpleUrlHandlerMapping#2,org.springframework.web.servlet.resource.ResourceHttpRequestHandler#3,org.springframework.web.servlet.handler.SimpleUrlHandlerMapping#3,org.springframework.web.servlet.resource.ResourceHttpRequestHandler#4,org.springframework.web.servlet.handler.SimpleUrlHandlerMapping#4,org.springframework.web.servlet.resource.ResourceHttpRequestHandler#5,org.springframework.web.servlet.handler.SimpleUrlHandlerMapping#5,org.springframework.web.servlet.config.viewControllerHandlerMapping,viewResolver,org.springframework.context.annotation.ConfigurationClassPostProcessor.importAwareProcessor]; parent: org.springframework.beans.factory.support.DefaultListableBeanFactory@73bcbf34
11:27:01.851 [main] INFO  o.s.w.s.m.m.a.RequestMappingHandlerMapping - Mapped "{[/message],methods=[],params=[],headers=[],consumes=[],produces=[],custom=[]}" onto public java.lang.String com.flzc.message.controller.SendMessageController.message(javax.servlet.http.HttpServletRequest,javax.servlet.http.HttpServletResponse)
11:27:01.851 [main] INFO  o.s.w.s.m.m.a.RequestMappingHandlerMapping - Mapped "{[/message/custom],methods=[],params=[],headers=[],consumes=[],produces=[],custom=[]}" onto public java.lang.String com.flzc.message.controller.SendMessageController.custom(javax.servlet.http.HttpServletRequest,javax.servlet.http.HttpServletResponse)
11:27:01.902 [main] INFO  o.s.w.s.h.SimpleUrlHandlerMapping - Mapped URL path [/js/**] onto handler 'org.springframework.web.servlet.resource.ResourceHttpRequestHandler#0'
11:27:01.904 [main] INFO  o.s.w.s.h.SimpleUrlHandlerMapping - Mapped URL path [/themes/**] onto handler 'org.springframework.web.servlet.resource.ResourceHttpRequestHandler#1'
11:27:01.906 [main] INFO  o.s.w.s.h.SimpleUrlHandlerMapping - Mapped URL path [/common/**] onto handler 'org.springframework.web.servlet.resource.ResourceHttpRequestHandler#2'
11:27:01.908 [main] INFO  o.s.w.s.h.SimpleUrlHandlerMapping - Mapped URL path [/img/**] onto handler 'org.springframework.web.servlet.resource.ResourceHttpRequestHandler#3'
11:27:01.911 [main] INFO  o.s.w.s.h.SimpleUrlHandlerMapping - Mapped URL path [/css/**] onto handler 'org.springframework.web.servlet.resource.ResourceHttpRequestHandler#4'
11:27:01.913 [main] INFO  o.s.w.s.h.SimpleUrlHandlerMapping - Mapped URL path [/upload/**] onto handler 'org.springframework.web.servlet.resource.ResourceHttpRequestHandler#5'
11:27:01.916 [main] INFO  o.s.w.s.h.SimpleUrlHandlerMapping - Root mapping to handler of type [class org.springframework.web.servlet.mvc.ParameterizableViewController]
11:27:01.946 [main] INFO  o.s.web.servlet.DispatcherServlet - FrameworkServlet 'springMVC': initialization completed in 220 ms
11:53:01.971 [DubboServerHandler-192.168.10.82:60017-thread-2] INFO  com.flzc.base.aop.DataSourceAdvice - 切入点: com.flzc.message.service.impl.MessageServiceImpl类中getUserMessageList方法
11:53:16.786 [DubboServerHandler-192.168.10.82:60017-thread-3] INFO  com.flzc.base.aop.DataSourceAdvice - 切入点: com.flzc.message.service.impl.MessageServiceImpl类中getUserMessageList方法
11:54:30.210 [DubboServerHandler-192.168.10.82:60017-thread-4] INFO  com.flzc.base.aop.DataSourceAdvice - 切入点: com.flzc.message.service.impl.MessageServiceImpl类中getUserMessageList方法
11:55:37.304 [DubboServerHandler-192.168.10.82:60017-thread-5] INFO  com.flzc.base.aop.DataSourceAdvice - 切入点: com.flzc.message.service.impl.MessageServiceImpl类中getUserMessageList方法
11:55:56.351 [DubboServerHandler-192.168.10.82:60017-thread-6] INFO  com.flzc.base.aop.DataSourceAdvice - 切入点: com.flzc.message.service.impl.MessageServiceImpl类中getUserMessageList方法
11:56:18.207 [DubboServerHandler-192.168.10.82:60017-thread-7] INFO  com.flzc.base.aop.DataSourceAdvice - 切入点: com.flzc.message.service.impl.MessageServiceImpl类中getUserMessageList方法
11:56:47.605 [DubboServerHandler-192.168.10.82:60017-thread-8] INFO  com.flzc.base.aop.DataSourceAdvice - 切入点: com.flzc.message.service.impl.MessageServiceImpl类中getUserMessageList方法
11:56:47.722 [DubboServerHandler-192.168.10.82:60017-thread-9] INFO  com.flzc.base.aop.DataSourceAdvice - 切入点: com.flzc.message.service.impl.MessageServiceImpl类中updateAllRead方法
14:18:13.322 [main] INFO  o.s.web.context.ContextLoader - Root WebApplicationContext: initialization started
14:18:13.391 [main] INFO  o.s.w.c.s.XmlWebApplicationContext - Refreshing Root WebApplicationContext: startup date [Mon Dec 07 14:18:13 CST 2015]; root of context hierarchy
14:18:13.431 [main] INFO  o.s.b.f.xml.XmlBeanDefinitionReader - Loading XML bean definitions from class path resource [config/spring/applicationContext.xml]
14:18:13.536 [main] INFO  o.s.c.a.ClassPathBeanDefinitionScanner - JSR-250 'javax.annotation.ManagedBean' found and supported for component scanning
14:18:13.537 [main] INFO  o.s.c.a.ClassPathBeanDefinitionScanner - JSR-330 'javax.inject.Named' annotation found and supported for component scanning
14:18:13.681 [main] INFO  o.s.b.f.xml.XmlBeanDefinitionReader - Loading XML bean definitions from file [D:\project\mavenproject\message.flzc.com\flzc-message-war\target\com.flzc.message-1.0-SNAPSHOT\WEB-INF\classes\config\spring\spring-database-dao.xml]
14:18:13.754 [main] INFO  o.s.b.f.xml.XmlBeanDefinitionReader - Loading XML bean definitions from file [D:\project\mavenproject\message.flzc.com\flzc-message-war\target\com.flzc.message-1.0-SNAPSHOT\WEB-INF\classes\config\spring\spring-dubbo-provider.xml]
14:18:13.874 [main] INFO  o.s.b.f.xml.XmlBeanDefinitionReader - Loading XML bean definitions from file [D:\project\mavenproject\message.flzc.com\flzc-message-war\target\com.flzc.message-1.0-SNAPSHOT\WEB-INF\classes\config\spring\spring-servlet-config.xml]
14:18:13.922 [main] INFO  o.s.c.a.ClassPathBeanDefinitionScanner - JSR-250 'javax.annotation.ManagedBean' found and supported for component scanning
14:18:13.922 [main] INFO  o.s.c.a.ClassPathBeanDefinitionScanner - JSR-330 'javax.inject.Named' annotation found and supported for component scanning
14:18:13.968 [main] INFO  o.s.b.f.xml.XmlBeanDefinitionReader - Loading XML bean definitions from class path resource [config/spring/server.xml]
14:18:13.994 [main] INFO  o.s.b.f.xml.XmlBeanDefinitionReader - Loading XML bean definitions from URL [jar:file:/D:/project/mavenproject/message.flzc.com/flzc-message-war/target/com.flzc.message-1.0-SNAPSHOT/WEB-INF/lib/com.flzc.base-1.0-SNAPSHOT.jar!/spring-memcache.xml]
14:18:14.237 [main] INFO  o.s.b.f.c.PropertyPlaceholderConfigurer - Loading properties file from file [D:\project\mavenproject\message.flzc.com\flzc-message-war\target\com.flzc.message-1.0-SNAPSHOT\WEB-INF\classes\config\config.properties]
14:18:14.238 [main] INFO  o.s.b.f.c.PropertyPlaceholderConfigurer - Loading properties file from file [D:\project\mavenproject\message.flzc.com\flzc-message-war\target\com.flzc.message-1.0-SNAPSHOT\WEB-INF\classes\config\datasource.properties]
14:18:14.251 [main] INFO  o.s.b.f.a.AutowiredAnnotationBeanPostProcessor - JSR-330 'javax.inject.Inject' annotation found and supported for autowiring
14:18:14.685 [main] INFO  o.s.b.f.s.DefaultListableBeanFactory - Pre-instantiating singletons in org.springframework.beans.factory.support.DefaultListableBeanFactory@102c87d0: defining beans [agencyBizServiceImpl,sceneInfoBizServiceImpl,userBizServiceImpl,cometMessageHandler,cometService,sendMessageController,JPushMessageService,authService,authenticateService,messageService,baseDaoImpl,commonDao,baseServiceImpl,commonService,org.springframework.context.annotation.internalConfigurationAnnotationProcessor,org.springframework.context.annotation.internalAutowiredAnnotationProcessor,org.springframework.context.annotation.internalRequiredAnnotationProcessor,org.springframework.context.annotation.internalCommonAnnotationProcessor,org.springframework.context.annotation.internalPersistenceAnnotationProcessor,org.springframework.aop.config.internalAutoProxyCreator,org.springframework.beans.factory.config.PropertyPlaceholderConfigurer#0,sessionFactory,dataSource,parentDataSource,masterDataSource,slaveDataSource,transactionManager,txAdvice,dataSourceAdvice,org.springframework.aop.support.DefaultBeanFactoryPointcutAdvisor#0,org.springframework.aop.support.DefaultBeanFactoryPointcutAdvisor#1,org.springframework.aop.support.DefaultBeanFactoryPointcutAdvisor#2,org.springframework.aop.support.DefaultBeanFactoryPointcutAdvisor#3,message-dubbo-provider_sbw1,dubbo,com.alibaba.dubbo.config.RegistryConfig,com.flzc.message.api.service.MessageService,conversionService,mvcContentNegotiationManager,org.springframework.web.servlet.mvc.method.annotation.RequestMappingHandlerMapping#0,org.springframework.web.servlet.mvc.method.annotation.RequestMappingHandlerAdapter#0,org.springframework.web.servlet.handler.MappedInterceptor#0,org.springframework.web.servlet.mvc.method.annotation.ExceptionHandlerExceptionResolver#0,org.springframework.web.servlet.mvc.annotation.ResponseStatusExceptionResolver#0,org.springframework.web.servlet.mvc.support.DefaultHandlerExceptionResolver#0,org.springframework.web.servlet.handler.BeanNameUrlHandlerMapping,org.springframework.web.servlet.mvc.HttpRequestHandlerAdapter,org.springframework.web.servlet.mvc.SimpleControllerHandlerAdapter,org.springframework.web.servlet.resource.ResourceHttpRequestHandler#0,org.springframework.web.servlet.handler.SimpleUrlHandlerMapping#0,org.springframework.web.servlet.resource.ResourceHttpRequestHandler#1,org.springframework.web.servlet.handler.SimpleUrlHandlerMapping#1,org.springframework.web.servlet.resource.ResourceHttpRequestHandler#2,org.springframework.web.servlet.handler.SimpleUrlHandlerMapping#2,org.springframework.web.servlet.resource.ResourceHttpRequestHandler#3,org.springframework.web.servlet.handler.SimpleUrlHandlerMapping#3,org.springframework.web.servlet.resource.ResourceHttpRequestHandler#4,org.springframework.web.servlet.handler.SimpleUrlHandlerMapping#4,org.springframework.web.servlet.resource.ResourceHttpRequestHandler#5,org.springframework.web.servlet.handler.SimpleUrlHandlerMapping#5,org.springframework.web.servlet.config.viewControllerHandlerMapping,viewResolver,com.flzc.message.comet.server.CometSocketServer#0,com.flzc.message.comet.server.ClientCometHandler#0,com.flzc.message.comet.server.WebCometHandler#0,memcachedClient,cacheInit,org.springframework.context.annotation.ConfigurationClassPostProcessor.importAwareProcessor]; root of factory hierarchy
14:18:15.890 [main] INFO  o.s.o.h.HibernateTransactionManager - Using DataSource [com.flzc.base.aop.DynamicDataSource@4bd850e2] of Hibernate SessionFactory for HibernateTransactionManager
14:18:16.839 [main] INFO  o.s.w.s.m.m.a.RequestMappingHandlerMapping - Mapped "{[/message],methods=[],params=[],headers=[],consumes=[],produces=[],custom=[]}" onto public java.lang.String com.flzc.message.controller.SendMessageController.message(javax.servlet.http.HttpServletRequest,javax.servlet.http.HttpServletResponse)
14:18:16.839 [main] INFO  o.s.w.s.m.m.a.RequestMappingHandlerMapping - Mapped "{[/message/custom],methods=[],params=[],headers=[],consumes=[],produces=[],custom=[]}" onto public java.lang.String com.flzc.message.controller.SendMessageController.custom(javax.servlet.http.HttpServletRequest,javax.servlet.http.HttpServletResponse)
14:18:17.459 [main] INFO  o.s.w.s.h.SimpleUrlHandlerMapping - Mapped URL path [/js/**] onto handler 'org.springframework.web.servlet.resource.ResourceHttpRequestHandler#0'
14:18:17.463 [main] INFO  o.s.w.s.h.SimpleUrlHandlerMapping - Mapped URL path [/themes/**] onto handler 'org.springframework.web.servlet.resource.ResourceHttpRequestHandler#1'
14:18:17.465 [main] INFO  o.s.w.s.h.SimpleUrlHandlerMapping - Mapped URL path [/common/**] onto handler 'org.springframework.web.servlet.resource.ResourceHttpRequestHandler#2'
14:18:17.468 [main] INFO  o.s.w.s.h.SimpleUrlHandlerMapping - Mapped URL path [/img/**] onto handler 'org.springframework.web.servlet.resource.ResourceHttpRequestHandler#3'
14:18:17.471 [main] INFO  o.s.w.s.h.SimpleUrlHandlerMapping - Mapped URL path [/css/**] onto handler 'org.springframework.web.servlet.resource.ResourceHttpRequestHandler#4'
14:18:17.474 [main] INFO  o.s.w.s.h.SimpleUrlHandlerMapping - Mapped URL path [/upload/**] onto handler 'org.springframework.web.servlet.resource.ResourceHttpRequestHandler#5'
14:18:17.489 [main] INFO  o.s.w.s.h.SimpleUrlHandlerMapping - Root mapping to handler of type [class org.springframework.web.servlet.mvc.ParameterizableViewController]
14:18:17.638 [main] WARN  n.r.xmemcached.XMemcachedClient - XMemcachedClient is using Binary protocol
14:18:17.667 [main] INFO  c.g.c.y.nio.impl.SelectorManager - Creating 8 reactors...
14:18:17.691 [main] WARN  c.g.c.y.core.impl.AbstractController - The Controller started at localhost/127.0.0.1:0 ...
14:18:17.693 [main] WARN  n.r.xmemcached.XMemcachedClient - You are using connection pool for xmemcached client,it's not recommended unless you have test it that it can boost performance in your app.
14:18:17.706 [Xmemcached-Reactor-0] WARN  c.g.c.y.core.impl.AbstractController - Add a session: 192.168.10.101:10001
14:18:17.711 [Xmemcached-Reactor-0] WARN  c.g.c.y.core.impl.AbstractController - Add a session: 192.168.10.101:10001
14:18:17.715 [Xmemcached-Reactor-0] WARN  c.g.c.y.core.impl.AbstractController - Add a session: 192.168.10.101:10001
14:18:17.720 [Xmemcached-Reactor-0] WARN  c.g.c.y.core.impl.AbstractController - Add a session: 192.168.10.101:10001
14:18:17.724 [Xmemcached-Reactor-0] WARN  c.g.c.y.core.impl.AbstractController - Add a session: 192.168.10.101:10001
14:18:18.407 [main] INFO  o.s.web.context.ContextLoader - Root WebApplicationContext: initialization completed in 5082 ms
14:18:18.463 [main] INFO  c.f.m.comet.server.CometSocketServer - 与web服务器的监听已启动.....
14:18:18.485 [main] INFO  c.f.m.comet.server.CometSocketServer - 与用户浏览器的监听已启动.....
14:18:18.485 [main] INFO  c.f.m.c.listener.WebStartupListener - =================启动comet server=================
14:18:18.498 [main] INFO  c.f.m.c.listener.WebStartupListener - =================启动comet web client=================
14:18:18.516 [NioProcessor-13] INFO  c.f.message.comet.web.CometService - CREATED
14:18:18.516 [NioProcessor-2] INFO  c.f.m.comet.server.CometSocketServer - CREATED
14:18:18.517 [NioProcessor-2] INFO  c.f.m.comet.server.CometSocketServer - OPENED
14:18:18.518 [NioProcessor-13] INFO  c.f.message.comet.web.CometService - OPENED
14:18:18.550 [NioProcessor-13] INFO  c.f.message.comet.web.CometService - SENT: HeapBuffer[pos=0 lim=0 cap=0: empty]
14:18:18.550 [NioProcessor-2] INFO  c.f.m.comet.server.CometSocketServer - RECEIVED: HeapBuffer[pos=0 lim=109 cap=2048: 00 00 00 69 AC ED 00 05 73 72 01 00 29 63 6F 6D...]
14:18:18.553 [NioProcessor-2] INFO  c.f.m.comet.server.WebCometHandler - 服务器收到的消息:
14:18:18.569 [NioProcessor-2] INFO  c.f.m.comet.server.WebCometHandler - 验证web服务链接已通过--------------服务器----------------:(0x00000001: nio socket, server, /192.168.10.82:52339 => /192.168.10.82:6666)
14:18:18.580 [main] INFO  o.s.web.servlet.DispatcherServlet - FrameworkServlet 'springMVC': initialization started
14:18:18.583 [main] INFO  o.s.w.c.s.XmlWebApplicationContext - Refreshing WebApplicationContext for namespace 'springMVC-servlet': startup date [Mon Dec 07 14:18:18 CST 2015]; parent: Root WebApplicationContext
14:18:18.584 [main] INFO  o.s.b.f.xml.XmlBeanDefinitionReader - Loading XML bean definitions from class path resource [config/spring/spring-servlet-config.xml]
14:18:18.585 [NioProcessor-2] INFO  c.f.m.comet.server.WebCometHandler - comet收到web短发来的消息:=====check_web============={"type":"check_web","content":"73cb49c2-6ba2-492b-b44e-1f4ba1d62398"}
14:18:18.613 [main] INFO  o.s.c.a.ClassPathBeanDefinitionScanner - JSR-250 'javax.annotation.ManagedBean' found and supported for component scanning
14:18:18.613 [main] INFO  o.s.c.a.ClassPathBeanDefinitionScanner - JSR-330 'javax.inject.Named' annotation found and supported for component scanning
14:18:18.625 [main] INFO  o.s.b.f.a.AutowiredAnnotationBeanPostProcessor - JSR-330 'javax.inject.Inject' annotation found and supported for autowiring
14:18:18.629 [main] INFO  o.s.b.f.s.DefaultListableBeanFactory - Pre-instantiating singletons in org.springframework.beans.factory.support.DefaultListableBeanFactory@785b6fa8: defining beans [sendMessageController,org.springframework.context.annotation.internalConfigurationAnnotationProcessor,org.springframework.context.annotation.internalAutowiredAnnotationProcessor,org.springframework.context.annotation.internalRequiredAnnotationProcessor,org.springframework.context.annotation.internalCommonAnnotationProcessor,org.springframework.context.annotation.internalPersistenceAnnotationProcessor,conversionService,mvcContentNegotiationManager,org.springframework.web.servlet.mvc.method.annotation.RequestMappingHandlerMapping#0,org.springframework.web.servlet.mvc.method.annotation.RequestMappingHandlerAdapter#0,org.springframework.web.servlet.handler.MappedInterceptor#0,org.springframework.web.servlet.mvc.method.annotation.ExceptionHandlerExceptionResolver#0,org.springframework.web.servlet.mvc.annotation.ResponseStatusExceptionResolver#0,org.springframework.web.servlet.mvc.support.DefaultHandlerExceptionResolver#0,org.springframework.web.servlet.handler.BeanNameUrlHandlerMapping,org.springframework.web.servlet.mvc.HttpRequestHandlerAdapter,org.springframework.web.servlet.mvc.SimpleControllerHandlerAdapter,org.springframework.web.servlet.resource.ResourceHttpRequestHandler#0,org.springframework.web.servlet.handler.SimpleUrlHandlerMapping#0,org.springframework.web.servlet.resource.ResourceHttpRequestHandler#1,org.springframework.web.servlet.handler.SimpleUrlHandlerMapping#1,org.springframework.web.servlet.resource.ResourceHttpRequestHandler#2,org.springframework.web.servlet.handler.SimpleUrlHandlerMapping#2,org.springframework.web.servlet.resource.ResourceHttpRequestHandler#3,org.springframework.web.servlet.handler.SimpleUrlHandlerMapping#3,org.springframework.web.servlet.resource.ResourceHttpRequestHandler#4,org.springframework.web.servlet.handler.SimpleUrlHandlerMapping#4,org.springframework.web.servlet.resource.ResourceHttpRequestHandler#5,org.springframework.web.servlet.handler.SimpleUrlHandlerMapping#5,org.springframework.web.servlet.config.viewControllerHandlerMapping,viewResolver,org.springframework.context.annotation.ConfigurationClassPostProcessor.importAwareProcessor]; parent: org.springframework.beans.factory.support.DefaultListableBeanFactory@102c87d0
14:18:18.643 [main] INFO  o.s.w.s.m.m.a.RequestMappingHandlerMapping - Mapped "{[/message],methods=[],params=[],headers=[],consumes=[],produces=[],custom=[]}" onto public java.lang.String com.flzc.message.controller.SendMessageController.message(javax.servlet.http.HttpServletRequest,javax.servlet.http.HttpServletResponse)
14:18:18.643 [main] INFO  o.s.w.s.m.m.a.RequestMappingHandlerMapping - Mapped "{[/message/custom],methods=[],params=[],headers=[],consumes=[],produces=[],custom=[]}" onto public java.lang.String com.flzc.message.controller.SendMessageController.custom(javax.servlet.http.HttpServletRequest,javax.servlet.http.HttpServletResponse)
14:18:18.687 [main] INFO  o.s.w.s.h.SimpleUrlHandlerMapping - Mapped URL path [/js/**] onto handler 'org.springframework.web.servlet.resource.ResourceHttpRequestHandler#0'
14:18:18.690 [main] INFO  o.s.w.s.h.SimpleUrlHandlerMapping - Mapped URL path [/themes/**] onto handler 'org.springframework.web.servlet.resource.ResourceHttpRequestHandler#1'
14:18:18.691 [main] INFO  o.s.w.s.h.SimpleUrlHandlerMapping - Mapped URL path [/common/**] onto handler 'org.springframework.web.servlet.resource.ResourceHttpRequestHandler#2'
14:18:18.693 [main] INFO  o.s.w.s.h.SimpleUrlHandlerMapping - Mapped URL path [/img/**] onto handler 'org.springframework.web.servlet.resource.ResourceHttpRequestHandler#3'
14:18:18.695 [main] INFO  o.s.w.s.h.SimpleUrlHandlerMapping - Mapped URL path [/css/**] onto handler 'org.springframework.web.servlet.resource.ResourceHttpRequestHandler#4'
14:18:18.696 [main] INFO  o.s.w.s.h.SimpleUrlHandlerMapping - Mapped URL path [/upload/**] onto handler 'org.springframework.web.servlet.resource.ResourceHttpRequestHandler#5'
14:18:18.698 [main] INFO  o.s.w.s.h.SimpleUrlHandlerMapping - Root mapping to handler of type [class org.springframework.web.servlet.mvc.ParameterizableViewController]
14:18:18.722 [main] INFO  o.s.web.servlet.DispatcherServlet - FrameworkServlet 'springMVC': initialization completed in 142 ms
