10:16:01.701 [main] INFO  o.s.web.context.ContextLoader - Root WebApplicationContext: initialization started
10:16:01.757 [main] INFO  o.s.w.c.s.XmlWebApplicationContext - Refreshing Root WebApplicationContext: startup date [Fri Dec 11 10:16:01 CST 2015]; root of context hierarchy
10:16:01.793 [main] INFO  o.s.b.f.xml.XmlBeanDefinitionReader - Loading XML bean definitions from class path resource [config/spring/applicationContext.xml]
10:16:01.908 [main] INFO  o.s.c.a.ClassPathBeanDefinitionScanner - JSR-250 'javax.annotation.ManagedBean' found and supported for component scanning
10:16:01.910 [main] INFO  o.s.c.a.ClassPathBeanDefinitionScanner - JSR-330 'javax.inject.Named' annotation found and supported for component scanning
10:16:02.048 [main] INFO  o.s.b.f.xml.XmlBeanDefinitionReader - Loading XML bean definitions from file [D:\project\mavenproject\message.flzc.com\flzc-message-war\target\com.flzc.message-1.0-SNAPSHOT\WEB-INF\classes\config\spring\spring-database-dao.xml]
10:16:02.123 [main] INFO  o.s.b.f.xml.XmlBeanDefinitionReader - Loading XML bean definitions from file [D:\project\mavenproject\message.flzc.com\flzc-message-war\target\com.flzc.message-1.0-SNAPSHOT\WEB-INF\classes\config\spring\spring-dubbo-provider.xml]
10:16:02.234 [main] INFO  o.s.b.f.xml.XmlBeanDefinitionReader - Loading XML bean definitions from file [D:\project\mavenproject\message.flzc.com\flzc-message-war\target\com.flzc.message-1.0-SNAPSHOT\WEB-INF\classes\config\spring\spring-servlet-config.xml]
10:16:02.274 [main] INFO  o.s.c.a.ClassPathBeanDefinitionScanner - JSR-250 'javax.annotation.ManagedBean' found and supported for component scanning
10:16:02.274 [main] INFO  o.s.c.a.ClassPathBeanDefinitionScanner - JSR-330 'javax.inject.Named' annotation found and supported for component scanning
10:16:02.368 [main] INFO  o.s.b.f.xml.XmlBeanDefinitionReader - Loading XML bean definitions from class path resource [config/spring/server.xml]
10:16:02.406 [main] INFO  o.s.b.f.xml.XmlBeanDefinitionReader - Loading XML bean definitions from URL [jar:file:/D:/project/mavenproject/message.flzc.com/flzc-message-war/target/com.flzc.message-1.0-SNAPSHOT/WEB-INF/lib/com.flzc.base-1.0-SNAPSHOT.jar!/spring-memcache.xml]
10:16:02.681 [main] INFO  o.s.b.f.c.PropertyPlaceholderConfigurer - Loading properties file from file [D:\project\mavenproject\message.flzc.com\flzc-message-war\target\com.flzc.message-1.0-SNAPSHOT\WEB-INF\classes\config\config.properties]
10:16:02.682 [main] INFO  o.s.b.f.c.PropertyPlaceholderConfigurer - Loading properties file from file [D:\project\mavenproject\message.flzc.com\flzc-message-war\target\com.flzc.message-1.0-SNAPSHOT\WEB-INF\classes\config\datasource.properties]
10:16:02.696 [main] INFO  o.s.b.f.a.AutowiredAnnotationBeanPostProcessor - JSR-330 'javax.inject.Inject' annotation found and supported for autowiring
10:16:03.076 [main] INFO  o.s.b.f.s.DefaultListableBeanFactory - Pre-instantiating singletons in org.springframework.beans.factory.support.DefaultListableBeanFactory@2b5e7dc0: defining beans [agencyBizServiceImpl,sceneInfoBizServiceImpl,userBizServiceImpl,cometMessageHandler,cometService,sendMessageController,JPushMessageService,authService,authenticateService,messageService,baseDaoImpl,commonDao,baseServiceImpl,commonService,org.springframework.context.annotation.internalConfigurationAnnotationProcessor,org.springframework.context.annotation.internalAutowiredAnnotationProcessor,org.springframework.context.annotation.internalRequiredAnnotationProcessor,org.springframework.context.annotation.internalCommonAnnotationProcessor,org.springframework.context.annotation.internalPersistenceAnnotationProcessor,org.springframework.aop.config.internalAutoProxyCreator,org.springframework.beans.factory.config.PropertyPlaceholderConfigurer#0,sessionFactory,dataSource,parentDataSource,masterDataSource,slaveDataSource,transactionManager,txAdvice,dataSourceAdvice,org.springframework.aop.support.DefaultBeanFactoryPointcutAdvisor#0,org.springframework.aop.support.DefaultBeanFactoryPointcutAdvisor#1,org.springframework.aop.support.DefaultBeanFactoryPointcutAdvisor#2,org.springframework.aop.support.DefaultBeanFactoryPointcutAdvisor#3,message-dubbo-provider_sbw1,dubbo,com.alibaba.dubbo.config.RegistryConfig,com.flzc.message.api.service.MessageService,conversionService,mvcContentNegotiationManager,org.springframework.web.servlet.mvc.method.annotation.RequestMappingHandlerMapping#0,org.springframework.web.servlet.mvc.method.annotation.RequestMappingHandlerAdapter#0,org.springframework.web.servlet.handler.MappedInterceptor#0,org.springframework.web.servlet.mvc.method.annotation.ExceptionHandlerExceptionResolver#0,org.springframework.web.servlet.mvc.annotation.ResponseStatusExceptionResolver#0,org.springframework.web.servlet.mvc.support.DefaultHandlerExceptionResolver#0,org.springframework.web.servlet.handler.BeanNameUrlHandlerMapping,org.springframework.web.servlet.mvc.HttpRequestHandlerAdapter,org.springframework.web.servlet.mvc.SimpleControllerHandlerAdapter,org.springframework.web.servlet.resource.ResourceHttpRequestHandler#0,org.springframework.web.servlet.handler.SimpleUrlHandlerMapping#0,org.springframework.web.servlet.resource.ResourceHttpRequestHandler#1,org.springframework.web.servlet.handler.SimpleUrlHandlerMapping#1,org.springframework.web.servlet.resource.ResourceHttpRequestHandler#2,org.springframework.web.servlet.handler.SimpleUrlHandlerMapping#2,org.springframework.web.servlet.resource.ResourceHttpRequestHandler#3,org.springframework.web.servlet.handler.SimpleUrlHandlerMapping#3,org.springframework.web.servlet.resource.ResourceHttpRequestHandler#4,org.springframework.web.servlet.handler.SimpleUrlHandlerMapping#4,org.springframework.web.servlet.resource.ResourceHttpRequestHandler#5,org.springframework.web.servlet.handler.SimpleUrlHandlerMapping#5,org.springframework.web.servlet.config.viewControllerHandlerMapping,viewResolver,com.flzc.message.comet.server.CometSocketServer#0,com.flzc.message.comet.server.ClientCometHandler#0,com.flzc.message.comet.server.WebCometHandler#0,memcachedClient,cacheInit,org.springframework.context.annotation.ConfigurationClassPostProcessor.importAwareProcessor]; root of factory hierarchy
10:16:04.295 [main] INFO  o.s.o.h.HibernateTransactionManager - Using DataSource [com.flzc.base.aop.DynamicDataSource@77965364] of Hibernate SessionFactory for HibernateTransactionManager
10:16:05.085 [main] INFO  o.s.w.s.m.m.a.RequestMappingHandlerMapping - Mapped "{[/message],methods=[],params=[],headers=[],consumes=[],produces=[],custom=[]}" onto public java.lang.String com.flzc.message.controller.SendMessageController.message(javax.servlet.http.HttpServletRequest,javax.servlet.http.HttpServletResponse)
10:16:05.086 [main] INFO  o.s.w.s.m.m.a.RequestMappingHandlerMapping - Mapped "{[/message/custom],methods=[],params=[],headers=[],consumes=[],produces=[],custom=[]}" onto public java.lang.String com.flzc.message.controller.SendMessageController.custom(javax.servlet.http.HttpServletRequest,javax.servlet.http.HttpServletResponse)
10:16:06.475 [main] INFO  o.s.w.s.h.SimpleUrlHandlerMapping - Mapped URL path [/js/**] onto handler 'org.springframework.web.servlet.resource.ResourceHttpRequestHandler#0'
10:16:06.481 [main] INFO  o.s.w.s.h.SimpleUrlHandlerMapping - Mapped URL path [/themes/**] onto handler 'org.springframework.web.servlet.resource.ResourceHttpRequestHandler#1'
10:16:06.485 [main] INFO  o.s.w.s.h.SimpleUrlHandlerMapping - Mapped URL path [/common/**] onto handler 'org.springframework.web.servlet.resource.ResourceHttpRequestHandler#2'
10:16:06.490 [main] INFO  o.s.w.s.h.SimpleUrlHandlerMapping - Mapped URL path [/img/**] onto handler 'org.springframework.web.servlet.resource.ResourceHttpRequestHandler#3'
10:16:06.494 [main] INFO  o.s.w.s.h.SimpleUrlHandlerMapping - Mapped URL path [/css/**] onto handler 'org.springframework.web.servlet.resource.ResourceHttpRequestHandler#4'
10:16:06.498 [main] INFO  o.s.w.s.h.SimpleUrlHandlerMapping - Mapped URL path [/upload/**] onto handler 'org.springframework.web.servlet.resource.ResourceHttpRequestHandler#5'
10:16:06.520 [main] INFO  o.s.w.s.h.SimpleUrlHandlerMapping - Root mapping to handler of type [class org.springframework.web.servlet.mvc.ParameterizableViewController]
10:16:06.877 [main] WARN  n.r.xmemcached.XMemcachedClient - XMemcachedClient is using Binary protocol
10:16:07.005 [main] INFO  c.g.c.y.nio.impl.SelectorManager - Creating 8 reactors...
10:16:07.030 [main] WARN  c.g.c.y.core.impl.AbstractController - The Controller started at localhost/127.0.0.1:0 ...
10:16:07.032 [main] WARN  n.r.xmemcached.XMemcachedClient - You are using connection pool for xmemcached client,it's not recommended unless you have test it that it can boost performance in your app.
10:16:07.046 [Xmemcached-Reactor-0] WARN  c.g.c.y.core.impl.AbstractController - Add a session: 192.168.10.101:10001
10:16:07.143 [Xmemcached-Reactor-0] WARN  c.g.c.y.core.impl.AbstractController - Add a session: 192.168.10.101:10001
10:16:07.147 [Xmemcached-Reactor-0] WARN  c.g.c.y.core.impl.AbstractController - Add a session: 192.168.10.101:10001
10:16:07.151 [Xmemcached-Reactor-0] WARN  c.g.c.y.core.impl.AbstractController - Add a session: 192.168.10.101:10001
10:16:07.158 [Xmemcached-Reactor-0] WARN  c.g.c.y.core.impl.AbstractController - Add a session: 192.168.10.101:10001
10:16:07.957 [main] INFO  o.s.web.context.ContextLoader - Root WebApplicationContext: initialization completed in 6254 ms
10:16:08.045 [main] INFO  c.f.m.comet.server.CometSocketServer - 与web服务器的监听已启动.....
10:16:08.069 [main] INFO  c.f.m.comet.server.CometSocketServer - 与用户浏览器的监听已启动.....
10:16:08.069 [main] INFO  c.f.m.c.listener.WebStartupListener - =================启动comet server=================
10:16:08.084 [main] INFO  c.f.m.c.listener.WebStartupListener - =================启动comet web client=================
10:16:08.099 [NioProcessor-13] INFO  c.f.message.comet.web.CometService - CREATED
10:16:08.099 [NioProcessor-2] INFO  c.f.m.comet.server.CometSocketServer - CREATED
10:16:08.100 [NioProcessor-2] INFO  c.f.m.comet.server.CometSocketServer - OPENED
10:16:08.101 [NioProcessor-13] INFO  c.f.message.comet.web.CometService - OPENED
10:16:08.316 [NioProcessor-13] INFO  c.f.message.comet.web.CometService - SENT: HeapBuffer[pos=0 lim=0 cap=0: empty]
10:16:08.316 [NioProcessor-2] INFO  c.f.m.comet.server.CometSocketServer - RECEIVED: HeapBuffer[pos=0 lim=109 cap=2048: 00 00 00 69 AC ED 00 05 73 72 01 00 29 63 6F 6D...]
10:16:08.319 [NioProcessor-2] INFO  c.f.m.comet.server.WebCometHandler - 服务器收到的消息:
10:16:08.332 [NioProcessor-2] INFO  c.f.m.comet.server.WebCometHandler - 验证web服务链接已通过--------------服务器----------------:(0x00000001: nio socket, server, /192.168.10.82:50020 => /192.168.10.82:6666)
10:16:08.342 [NioProcessor-2] INFO  c.f.m.comet.server.WebCometHandler - comet收到web短发来的消息:=====check_web============={"type":"check_web","content":"923b3b5d-f1ba-49ff-8182-90df081b0f16"}
10:16:08.912 [main] INFO  o.s.web.servlet.DispatcherServlet - FrameworkServlet 'springMVC': initialization started
10:16:08.915 [main] INFO  o.s.w.c.s.XmlWebApplicationContext - Refreshing WebApplicationContext for namespace 'springMVC-servlet': startup date [Fri Dec 11 10:16:08 CST 2015]; parent: Root WebApplicationContext
10:16:08.915 [main] INFO  o.s.b.f.xml.XmlBeanDefinitionReader - Loading XML bean definitions from class path resource [config/spring/spring-servlet-config.xml]
10:16:08.944 [main] INFO  o.s.c.a.ClassPathBeanDefinitionScanner - JSR-250 'javax.annotation.ManagedBean' found and supported for component scanning
10:16:08.944 [main] INFO  o.s.c.a.ClassPathBeanDefinitionScanner - JSR-330 'javax.inject.Named' annotation found and supported for component scanning
10:16:08.954 [main] INFO  o.s.b.f.a.AutowiredAnnotationBeanPostProcessor - JSR-330 'javax.inject.Inject' annotation found and supported for autowiring
10:16:08.959 [main] INFO  o.s.b.f.s.DefaultListableBeanFactory - Pre-instantiating singletons in org.springframework.beans.factory.support.DefaultListableBeanFactory@69e0720a: defining beans [sendMessageController,org.springframework.context.annotation.internalConfigurationAnnotationProcessor,org.springframework.context.annotation.internalAutowiredAnnotationProcessor,org.springframework.context.annotation.internalRequiredAnnotationProcessor,org.springframework.context.annotation.internalCommonAnnotationProcessor,org.springframework.context.annotation.internalPersistenceAnnotationProcessor,conversionService,mvcContentNegotiationManager,org.springframework.web.servlet.mvc.method.annotation.RequestMappingHandlerMapping#0,org.springframework.web.servlet.mvc.method.annotation.RequestMappingHandlerAdapter#0,org.springframework.web.servlet.handler.MappedInterceptor#0,org.springframework.web.servlet.mvc.method.annotation.ExceptionHandlerExceptionResolver#0,org.springframework.web.servlet.mvc.annotation.ResponseStatusExceptionResolver#0,org.springframework.web.servlet.mvc.support.DefaultHandlerExceptionResolver#0,org.springframework.web.servlet.handler.BeanNameUrlHandlerMapping,org.springframework.web.servlet.mvc.HttpRequestHandlerAdapter,org.springframework.web.servlet.mvc.SimpleControllerHandlerAdapter,org.springframework.web.servlet.resource.ResourceHttpRequestHandler#0,org.springframework.web.servlet.handler.SimpleUrlHandlerMapping#0,org.springframework.web.servlet.resource.ResourceHttpRequestHandler#1,org.springframework.web.servlet.handler.SimpleUrlHandlerMapping#1,org.springframework.web.servlet.resource.ResourceHttpRequestHandler#2,org.springframework.web.servlet.handler.SimpleUrlHandlerMapping#2,org.springframework.web.servlet.resource.ResourceHttpRequestHandler#3,org.springframework.web.servlet.handler.SimpleUrlHandlerMapping#3,org.springframework.web.servlet.resource.ResourceHttpRequestHandler#4,org.springframework.web.servlet.handler.SimpleUrlHandlerMapping#4,org.springframework.web.servlet.resource.ResourceHttpRequestHandler#5,org.springframework.web.servlet.handler.SimpleUrlHandlerMapping#5,org.springframework.web.servlet.config.viewControllerHandlerMapping,viewResolver,org.springframework.context.annotation.ConfigurationClassPostProcessor.importAwareProcessor]; parent: org.springframework.beans.factory.support.DefaultListableBeanFactory@2b5e7dc0
10:16:08.974 [main] INFO  o.s.w.s.m.m.a.RequestMappingHandlerMapping - Mapped "{[/message],methods=[],params=[],headers=[],consumes=[],produces=[],custom=[]}" onto public java.lang.String com.flzc.message.controller.SendMessageController.message(javax.servlet.http.HttpServletRequest,javax.servlet.http.HttpServletResponse)
10:16:08.975 [main] INFO  o.s.w.s.m.m.a.RequestMappingHandlerMapping - Mapped "{[/message/custom],methods=[],params=[],headers=[],consumes=[],produces=[],custom=[]}" onto public java.lang.String com.flzc.message.controller.SendMessageController.custom(javax.servlet.http.HttpServletRequest,javax.servlet.http.HttpServletResponse)
10:16:09.034 [main] INFO  o.s.w.s.h.SimpleUrlHandlerMapping - Mapped URL path [/js/**] onto handler 'org.springframework.web.servlet.resource.ResourceHttpRequestHandler#0'
10:16:09.036 [main] INFO  o.s.w.s.h.SimpleUrlHandlerMapping - Mapped URL path [/themes/**] onto handler 'org.springframework.web.servlet.resource.ResourceHttpRequestHandler#1'
10:16:09.039 [main] INFO  o.s.w.s.h.SimpleUrlHandlerMapping - Mapped URL path [/common/**] onto handler 'org.springframework.web.servlet.resource.ResourceHttpRequestHandler#2'
10:16:09.041 [main] INFO  o.s.w.s.h.SimpleUrlHandlerMapping - Mapped URL path [/img/**] onto handler 'org.springframework.web.servlet.resource.ResourceHttpRequestHandler#3'
10:16:09.043 [main] INFO  o.s.w.s.h.SimpleUrlHandlerMapping - Mapped URL path [/css/**] onto handler 'org.springframework.web.servlet.resource.ResourceHttpRequestHandler#4'
10:16:09.045 [main] INFO  o.s.w.s.h.SimpleUrlHandlerMapping - Mapped URL path [/upload/**] onto handler 'org.springframework.web.servlet.resource.ResourceHttpRequestHandler#5'
10:16:09.048 [main] INFO  o.s.w.s.h.SimpleUrlHandlerMapping - Root mapping to handler of type [class org.springframework.web.servlet.mvc.ParameterizableViewController]
10:16:09.082 [main] INFO  o.s.web.servlet.DispatcherServlet - FrameworkServlet 'springMVC': initialization completed in 170 ms
13:54:22.697 [Xmemcached-Reactor-3] ERROR n.r.xmemcached.impl.MemcachedHandler - XMemcached network layout exception
java.io.IOException: 您的主机中的软件中止了一个已建立的连接。
	at sun.nio.ch.SocketDispatcher.read0(Native Method) ~[na:1.7.0_79]
	at sun.nio.ch.SocketDispatcher.read(SocketDispatcher.java:43) ~[na:1.7.0_79]
	at sun.nio.ch.IOUtil.readIntoNativeBuffer(IOUtil.java:223) ~[na:1.7.0_79]
	at sun.nio.ch.IOUtil.read(IOUtil.java:197) ~[na:1.7.0_79]
	at sun.nio.ch.SocketChannelImpl.read(SocketChannelImpl.java:379) ~[na:1.7.0_79]
	at com.google.code.yanf4j.nio.impl.NioTCPSession.readFromBuffer(NioTCPSession.java:203) ~[xmemcached-2.0.0.jar:na]
	at com.google.code.yanf4j.nio.impl.AbstractNioSession.onRead(AbstractNioSession.java:196) [xmemcached-2.0.0.jar:na]
	at com.google.code.yanf4j.nio.impl.AbstractNioSession.onEvent(AbstractNioSession.java:341) [xmemcached-2.0.0.jar:na]
	at com.google.code.yanf4j.nio.impl.SocketChannelController.dispatchReadEvent(SocketChannelController.java:56) [xmemcached-2.0.0.jar:na]
	at com.google.code.yanf4j.nio.impl.NioController.onRead(NioController.java:157) [xmemcached-2.0.0.jar:na]
	at com.google.code.yanf4j.nio.impl.Reactor.dispatchEvent(Reactor.java:323) [xmemcached-2.0.0.jar:na]
	at com.google.code.yanf4j.nio.impl.Reactor.run(Reactor.java:180) [xmemcached-2.0.0.jar:na]
13:54:22.700 [Xmemcached-Reactor-2] ERROR n.r.xmemcached.impl.MemcachedHandler - XMemcached network layout exception
java.io.IOException: 您的主机中的软件中止了一个已建立的连接。
	at sun.nio.ch.SocketDispatcher.read0(Native Method) ~[na:1.7.0_79]
	at sun.nio.ch.SocketDispatcher.read(SocketDispatcher.java:43) ~[na:1.7.0_79]
	at sun.nio.ch.IOUtil.readIntoNativeBuffer(IOUtil.java:223) ~[na:1.7.0_79]
	at sun.nio.ch.IOUtil.read(IOUtil.java:197) ~[na:1.7.0_79]
	at sun.nio.ch.SocketChannelImpl.read(SocketChannelImpl.java:379) ~[na:1.7.0_79]
	at com.google.code.yanf4j.nio.impl.NioTCPSession.readFromBuffer(NioTCPSession.java:203) ~[xmemcached-2.0.0.jar:na]
	at com.google.code.yanf4j.nio.impl.AbstractNioSession.onRead(AbstractNioSession.java:196) [xmemcached-2.0.0.jar:na]
	at com.google.code.yanf4j.nio.impl.AbstractNioSession.onEvent(AbstractNioSession.java:341) [xmemcached-2.0.0.jar:na]
	at com.google.code.yanf4j.nio.impl.SocketChannelController.dispatchReadEvent(SocketChannelController.java:56) [xmemcached-2.0.0.jar:na]
	at com.google.code.yanf4j.nio.impl.NioController.onRead(NioController.java:157) [xmemcached-2.0.0.jar:na]
	at com.google.code.yanf4j.nio.impl.Reactor.dispatchEvent(Reactor.java:323) [xmemcached-2.0.0.jar:na]
	at com.google.code.yanf4j.nio.impl.Reactor.run(Reactor.java:180) [xmemcached-2.0.0.jar:na]
13:54:22.701 [Xmemcached-Reactor-5] ERROR n.r.xmemcached.impl.MemcachedHandler - XMemcached network layout exception
java.io.IOException: 您的主机中的软件中止了一个已建立的连接。
	at sun.nio.ch.SocketDispatcher.read0(Native Method) ~[na:1.7.0_79]
	at sun.nio.ch.SocketDispatcher.read(SocketDispatcher.java:43) ~[na:1.7.0_79]
	at sun.nio.ch.IOUtil.readIntoNativeBuffer(IOUtil.java:223) ~[na:1.7.0_79]
	at sun.nio.ch.IOUtil.read(IOUtil.java:197) ~[na:1.7.0_79]
	at sun.nio.ch.SocketChannelImpl.read(SocketChannelImpl.java:379) ~[na:1.7.0_79]
	at com.google.code.yanf4j.nio.impl.NioTCPSession.readFromBuffer(NioTCPSession.java:203) ~[xmemcached-2.0.0.jar:na]
	at com.google.code.yanf4j.nio.impl.AbstractNioSession.onRead(AbstractNioSession.java:196) [xmemcached-2.0.0.jar:na]
	at com.google.code.yanf4j.nio.impl.AbstractNioSession.onEvent(AbstractNioSession.java:341) [xmemcached-2.0.0.jar:na]
	at com.google.code.yanf4j.nio.impl.SocketChannelController.dispatchReadEvent(SocketChannelController.java:56) [xmemcached-2.0.0.jar:na]
	at com.google.code.yanf4j.nio.impl.NioController.onRead(NioController.java:157) [xmemcached-2.0.0.jar:na]
	at com.google.code.yanf4j.nio.impl.Reactor.dispatchEvent(Reactor.java:323) [xmemcached-2.0.0.jar:na]
	at com.google.code.yanf4j.nio.impl.Reactor.run(Reactor.java:180) [xmemcached-2.0.0.jar:na]
13:54:22.714 [Xmemcached-Reactor-6] ERROR n.r.xmemcached.impl.MemcachedHandler - XMemcached network layout exception
java.io.IOException: 您的主机中的软件中止了一个已建立的连接。
	at sun.nio.ch.SocketDispatcher.read0(Native Method) ~[na:1.7.0_79]
	at sun.nio.ch.SocketDispatcher.read(SocketDispatcher.java:43) ~[na:1.7.0_79]
	at sun.nio.ch.IOUtil.readIntoNativeBuffer(IOUtil.java:223) ~[na:1.7.0_79]
	at sun.nio.ch.IOUtil.read(IOUtil.java:197) ~[na:1.7.0_79]
	at sun.nio.ch.SocketChannelImpl.read(SocketChannelImpl.java:379) ~[na:1.7.0_79]
	at com.google.code.yanf4j.nio.impl.NioTCPSession.readFromBuffer(NioTCPSession.java:203) ~[xmemcached-2.0.0.jar:na]
	at com.google.code.yanf4j.nio.impl.AbstractNioSession.onRead(AbstractNioSession.java:196) [xmemcached-2.0.0.jar:na]
	at com.google.code.yanf4j.nio.impl.AbstractNioSession.onEvent(AbstractNioSession.java:341) [xmemcached-2.0.0.jar:na]
	at com.google.code.yanf4j.nio.impl.SocketChannelController.dispatchReadEvent(SocketChannelController.java:56) [xmemcached-2.0.0.jar:na]
	at com.google.code.yanf4j.nio.impl.NioController.onRead(NioController.java:157) [xmemcached-2.0.0.jar:na]
	at com.google.code.yanf4j.nio.impl.Reactor.dispatchEvent(Reactor.java:323) [xmemcached-2.0.0.jar:na]
	at com.google.code.yanf4j.nio.impl.Reactor.run(Reactor.java:180) [xmemcached-2.0.0.jar:na]
13:54:22.720 [Xmemcached-Reactor-4] ERROR n.r.xmemcached.impl.MemcachedHandler - XMemcached network layout exception
java.io.IOException: 您的主机中的软件中止了一个已建立的连接。
	at sun.nio.ch.SocketDispatcher.read0(Native Method) ~[na:1.7.0_79]
	at sun.nio.ch.SocketDispatcher.read(SocketDispatcher.java:43) ~[na:1.7.0_79]
	at sun.nio.ch.IOUtil.readIntoNativeBuffer(IOUtil.java:223) ~[na:1.7.0_79]
	at sun.nio.ch.IOUtil.read(IOUtil.java:197) ~[na:1.7.0_79]
	at sun.nio.ch.SocketChannelImpl.read(SocketChannelImpl.java:379) ~[na:1.7.0_79]
	at com.google.code.yanf4j.nio.impl.NioTCPSession.readFromBuffer(NioTCPSession.java:203) ~[xmemcached-2.0.0.jar:na]
	at com.google.code.yanf4j.nio.impl.AbstractNioSession.onRead(AbstractNioSession.java:196) [xmemcached-2.0.0.jar:na]
	at com.google.code.yanf4j.nio.impl.AbstractNioSession.onEvent(AbstractNioSession.java:341) [xmemcached-2.0.0.jar:na]
	at com.google.code.yanf4j.nio.impl.SocketChannelController.dispatchReadEvent(SocketChannelController.java:56) [xmemcached-2.0.0.jar:na]
	at com.google.code.yanf4j.nio.impl.NioController.onRead(NioController.java:157) [xmemcached-2.0.0.jar:na]
	at com.google.code.yanf4j.nio.impl.Reactor.dispatchEvent(Reactor.java:323) [xmemcached-2.0.0.jar:na]
	at com.google.code.yanf4j.nio.impl.Reactor.run(Reactor.java:180) [xmemcached-2.0.0.jar:na]
13:54:22.734 [Xmemcached-Reactor-3] WARN  c.g.c.y.core.impl.AbstractController - Remove a session: 192.168.10.101:10001
13:54:22.738 [Xmemcached-Reactor-4] WARN  c.g.c.y.core.impl.AbstractController - Remove a session: 192.168.10.101:10001
13:54:22.742 [Xmemcached-Reactor-2] WARN  c.g.c.y.core.impl.AbstractController - Remove a session: 192.168.10.101:10001
13:54:22.744 [Xmemcached-Reactor-6] WARN  c.g.c.y.core.impl.AbstractController - Remove a session: 192.168.10.101:10001
13:54:22.745 [Xmemcached-Reactor-5] WARN  c.g.c.y.core.impl.AbstractController - Remove a session: 192.168.10.101:10001
13:54:24.739 [Heal-Session-Thread] WARN  c.g.c.y.core.impl.AbstractController - Trying to connect to 192.168.10.101:10001 for 1 times
13:54:24.741 [Xmemcached-Reactor-0] WARN  c.g.c.y.core.impl.AbstractController - Add a session: 192.168.10.101:10001
13:54:24.743 [Heal-Session-Thread] WARN  c.g.c.y.core.impl.AbstractController - Trying to connect to 192.168.10.101:10001 for 1 times
13:54:24.744 [Xmemcached-Reactor-0] WARN  c.g.c.y.core.impl.AbstractController - Add a session: 192.168.10.101:10001
13:54:24.746 [Heal-Session-Thread] WARN  c.g.c.y.core.impl.AbstractController - Trying to connect to 192.168.10.101:10001 for 1 times
13:54:24.748 [Xmemcached-Reactor-0] WARN  c.g.c.y.core.impl.AbstractController - Add a session: 192.168.10.101:10001
13:54:24.750 [Heal-Session-Thread] WARN  c.g.c.y.core.impl.AbstractController - Trying to connect to 192.168.10.101:10001 for 1 times
13:54:24.751 [Xmemcached-Reactor-0] WARN  c.g.c.y.core.impl.AbstractController - Add a session: 192.168.10.101:10001
13:54:24.755 [Heal-Session-Thread] WARN  c.g.c.y.core.impl.AbstractController - Trying to connect to 192.168.10.101:10001 for 1 times
13:54:24.756 [Xmemcached-Reactor-0] WARN  c.g.c.y.core.impl.AbstractController - Add a session: 192.168.10.101:10001
18:21:21.545 [XMemcached-HeartBeatPool[MemcachedClient-0]-96] WARN  n.r.xmemcached.impl.MemcachedHandler - Session(192.168.10.101:10001) heartbeat fail 4 times,close session and try to heal it
18:21:21.546 [XMemcached-HeartBeatPool[MemcachedClient-0]-96] WARN  c.g.c.y.core.impl.AbstractController - Remove a session: 192.168.10.101:10001
18:21:21.739 [Xmemcached-Reactor-1] ERROR n.r.xmemcached.impl.MemcachedHandler - XMemcached network layout exception
java.io.IOException: 您的主机中的软件中止了一个已建立的连接。
	at sun.nio.ch.SocketDispatcher.read0(Native Method) ~[na:1.7.0_79]
	at sun.nio.ch.SocketDispatcher.read(SocketDispatcher.java:43) ~[na:1.7.0_79]
	at sun.nio.ch.IOUtil.readIntoNativeBuffer(IOUtil.java:223) ~[na:1.7.0_79]
	at sun.nio.ch.IOUtil.read(IOUtil.java:197) ~[na:1.7.0_79]
	at sun.nio.ch.SocketChannelImpl.read(SocketChannelImpl.java:379) ~[na:1.7.0_79]
	at com.google.code.yanf4j.nio.impl.NioTCPSession.readFromBuffer(NioTCPSession.java:203) ~[xmemcached-2.0.0.jar:na]
	at com.google.code.yanf4j.nio.impl.AbstractNioSession.onRead(AbstractNioSession.java:196) [xmemcached-2.0.0.jar:na]
	at com.google.code.yanf4j.nio.impl.AbstractNioSession.onEvent(AbstractNioSession.java:341) [xmemcached-2.0.0.jar:na]
	at com.google.code.yanf4j.nio.impl.SocketChannelController.dispatchReadEvent(SocketChannelController.java:56) [xmemcached-2.0.0.jar:na]
	at com.google.code.yanf4j.nio.impl.NioController.onRead(NioController.java:157) [xmemcached-2.0.0.jar:na]
	at com.google.code.yanf4j.nio.impl.Reactor.dispatchEvent(Reactor.java:323) [xmemcached-2.0.0.jar:na]
	at com.google.code.yanf4j.nio.impl.Reactor.run(Reactor.java:180) [xmemcached-2.0.0.jar:na]
18:21:21.740 [Xmemcached-Reactor-1] WARN  c.g.c.y.core.impl.AbstractController - Remove a session: 192.168.10.101:10001
18:21:21.741 [Xmemcached-Reactor-7] ERROR n.r.xmemcached.impl.MemcachedHandler - XMemcached network layout exception
java.io.IOException: 您的主机中的软件中止了一个已建立的连接。
	at sun.nio.ch.SocketDispatcher.read0(Native Method) ~[na:1.7.0_79]
	at sun.nio.ch.SocketDispatcher.read(SocketDispatcher.java:43) ~[na:1.7.0_79]
	at sun.nio.ch.IOUtil.readIntoNativeBuffer(IOUtil.java:223) ~[na:1.7.0_79]
	at sun.nio.ch.IOUtil.read(IOUtil.java:197) ~[na:1.7.0_79]
	at sun.nio.ch.SocketChannelImpl.read(SocketChannelImpl.java:379) ~[na:1.7.0_79]
	at com.google.code.yanf4j.nio.impl.NioTCPSession.readFromBuffer(NioTCPSession.java:203) ~[xmemcached-2.0.0.jar:na]
	at com.google.code.yanf4j.nio.impl.AbstractNioSession.onRead(AbstractNioSession.java:196) [xmemcached-2.0.0.jar:na]
	at com.google.code.yanf4j.nio.impl.AbstractNioSession.onEvent(AbstractNioSession.java:341) [xmemcached-2.0.0.jar:na]
	at com.google.code.yanf4j.nio.impl.SocketChannelController.dispatchReadEvent(SocketChannelController.java:56) [xmemcached-2.0.0.jar:na]
	at com.google.code.yanf4j.nio.impl.NioController.onRead(NioController.java:157) [xmemcached-2.0.0.jar:na]
	at com.google.code.yanf4j.nio.impl.Reactor.dispatchEvent(Reactor.java:323) [xmemcached-2.0.0.jar:na]
	at com.google.code.yanf4j.nio.impl.Reactor.run(Reactor.java:180) [xmemcached-2.0.0.jar:na]
18:21:21.743 [Xmemcached-Reactor-7] WARN  c.g.c.y.core.impl.AbstractController - Remove a session: 192.168.10.101:10001
18:21:21.743 [Xmemcached-Reactor-2] ERROR n.r.xmemcached.impl.MemcachedHandler - XMemcached network layout exception
java.io.IOException: 您的主机中的软件中止了一个已建立的连接。
	at sun.nio.ch.SocketDispatcher.read0(Native Method) ~[na:1.7.0_79]
	at sun.nio.ch.SocketDispatcher.read(SocketDispatcher.java:43) ~[na:1.7.0_79]
	at sun.nio.ch.IOUtil.readIntoNativeBuffer(IOUtil.java:223) ~[na:1.7.0_79]
	at sun.nio.ch.IOUtil.read(IOUtil.java:197) ~[na:1.7.0_79]
	at sun.nio.ch.SocketChannelImpl.read(SocketChannelImpl.java:379) ~[na:1.7.0_79]
	at com.google.code.yanf4j.nio.impl.NioTCPSession.readFromBuffer(NioTCPSession.java:203) ~[xmemcached-2.0.0.jar:na]
	at com.google.code.yanf4j.nio.impl.AbstractNioSession.onRead(AbstractNioSession.java:196) [xmemcached-2.0.0.jar:na]
	at com.google.code.yanf4j.nio.impl.AbstractNioSession.onEvent(AbstractNioSession.java:341) [xmemcached-2.0.0.jar:na]
	at com.google.code.yanf4j.nio.impl.SocketChannelController.dispatchReadEvent(SocketChannelController.java:56) [xmemcached-2.0.0.jar:na]
	at com.google.code.yanf4j.nio.impl.NioController.onRead(NioController.java:157) [xmemcached-2.0.0.jar:na]
	at com.google.code.yanf4j.nio.impl.Reactor.dispatchEvent(Reactor.java:323) [xmemcached-2.0.0.jar:na]
	at com.google.code.yanf4j.nio.impl.Reactor.run(Reactor.java:180) [xmemcached-2.0.0.jar:na]
18:21:21.757 [Xmemcached-Reactor-2] WARN  c.g.c.y.core.impl.AbstractController - Remove a session: 192.168.10.101:10001
18:21:21.745 [Xmemcached-Reactor-4] ERROR n.r.xmemcached.impl.MemcachedHandler - XMemcached network layout exception
java.io.IOException: 您的主机中的软件中止了一个已建立的连接。
	at sun.nio.ch.SocketDispatcher.read0(Native Method) ~[na:1.7.0_79]
	at sun.nio.ch.SocketDispatcher.read(SocketDispatcher.java:43) ~[na:1.7.0_79]
	at sun.nio.ch.IOUtil.readIntoNativeBuffer(IOUtil.java:223) ~[na:1.7.0_79]
	at sun.nio.ch.IOUtil.read(IOUtil.java:197) ~[na:1.7.0_79]
	at sun.nio.ch.SocketChannelImpl.read(SocketChannelImpl.java:379) ~[na:1.7.0_79]
	at com.google.code.yanf4j.nio.impl.NioTCPSession.readFromBuffer(NioTCPSession.java:203) ~[xmemcached-2.0.0.jar:na]
	at com.google.code.yanf4j.nio.impl.AbstractNioSession.onRead(AbstractNioSession.java:196) [xmemcached-2.0.0.jar:na]
	at com.google.code.yanf4j.nio.impl.AbstractNioSession.onEvent(AbstractNioSession.java:341) [xmemcached-2.0.0.jar:na]
	at com.google.code.yanf4j.nio.impl.SocketChannelController.dispatchReadEvent(SocketChannelController.java:56) [xmemcached-2.0.0.jar:na]
	at com.google.code.yanf4j.nio.impl.NioController.onRead(NioController.java:157) [xmemcached-2.0.0.jar:na]
	at com.google.code.yanf4j.nio.impl.Reactor.dispatchEvent(Reactor.java:323) [xmemcached-2.0.0.jar:na]
	at com.google.code.yanf4j.nio.impl.Reactor.run(Reactor.java:180) [xmemcached-2.0.0.jar:na]
18:21:21.758 [Xmemcached-Reactor-4] WARN  c.g.c.y.core.impl.AbstractController - Remove a session: 192.168.10.101:10001
18:21:23.549 [Heal-Session-Thread] WARN  c.g.c.y.core.impl.AbstractController - Trying to connect to 192.168.10.101:10001 for 1 times
18:21:23.575 [Xmemcached-Reactor-0] WARN  c.g.c.y.core.impl.AbstractController - Add a session: 192.168.10.101:10001
18:21:23.742 [Heal-Session-Thread] WARN  c.g.c.y.core.impl.AbstractController - Trying to connect to 192.168.10.101:10001 for 1 times
18:21:23.777 [Xmemcached-Reactor-0] WARN  c.g.c.y.core.impl.AbstractController - Add a session: 192.168.10.101:10001
18:21:23.880 [Heal-Session-Thread] WARN  c.g.c.y.core.impl.AbstractController - Trying to connect to 192.168.10.101:10001 for 1 times
18:21:23.984 [Xmemcached-Reactor-0] WARN  c.g.c.y.core.impl.AbstractController - Add a session: 192.168.10.101:10001
18:21:23.987 [Heal-Session-Thread] WARN  c.g.c.y.core.impl.AbstractController - Trying to connect to 192.168.10.101:10001 for 1 times
18:21:23.988 [Xmemcached-Reactor-0] WARN  c.g.c.y.core.impl.AbstractController - Add a session: 192.168.10.101:10001
18:21:23.990 [Heal-Session-Thread] WARN  c.g.c.y.core.impl.AbstractController - Trying to connect to 192.168.10.101:10001 for 1 times
18:21:23.992 [Xmemcached-Reactor-0] WARN  c.g.c.y.core.impl.AbstractController - Add a session: 192.168.10.101:10001
